<?xml version="1.0" encoding="UTF-8"?>
<testsuite xmlns:xsi="http://www.w3.org/2001/XMLSchema-instance" xsi:noNamespaceSchemaLocation="https://maven.apache.org/surefire/maven-surefire-plugin/xsd/surefire-test-report.xsd" version="3.0.2" name="Test_runner.Run_file" time="438.314" tests="9" errors="0" skipped="0" failures="0">
  <properties>
[...]
</properties>
  <testcase name="Add single customer with all details" classname="Customer Onboarding form" time="68.06">
    <system-out><![CDATA[
Scenario Outline: Add single customer with all details                    # src/test/resources/Customers/Customer_form.feature:21
14:54:23.283 [main] DEBUG io.netty.util.internal.logging.InternalLoggerFactory - Using SLF4J as the default logging framework
14:54:23.294 [main] DEBUG io.netty.util.ResourceLeakDetector - -Dio.netty.leakDetection.level: simple
14:54:23.294 [main] DEBUG io.netty.util.ResourceLeakDetector - -Dio.netty.leakDetection.targetRecords: 4
14:54:23.299 [main] DEBUG io.netty.util.ResourceLeakDetectorFactory - Loaded default ResourceLeakDetector: io.netty.util.ResourceLeakDetector@2c0f7678
14:54:23.327 [main] DEBUG io.netty.util.internal.PlatformDependent0 - -Dio.netty.noUnsafe: false
14:54:23.327 [main] DEBUG io.netty.util.internal.PlatformDependent0 - Java version: 17
14:54:23.329 [main] DEBUG io.netty.util.internal.PlatformDependent0 - sun.misc.Unsafe.theUnsafe: available
14:54:23.330 [main] DEBUG io.netty.util.internal.PlatformDependent0 - sun.misc.Unsafe.copyMemory: available
14:54:23.331 [main] DEBUG io.netty.util.internal.PlatformDependent0 - sun.misc.Unsafe.storeFence: available
14:54:23.332 [main] DEBUG io.netty.util.internal.PlatformDependent0 - java.nio.Buffer.address: available
14:54:23.333 [main] DEBUG io.netty.util.internal.PlatformDependent0 - direct buffer constructor: unavailable: Reflective setAccessible(true) disabled
14:54:23.334 [main] DEBUG io.netty.util.internal.PlatformDependent0 - java.nio.Bits.unaligned: available, true
14:54:23.337 [main] DEBUG io.netty.util.internal.PlatformDependent0 - jdk.internal.misc.Unsafe.allocateUninitializedArray(int): unavailable: class io.netty.util.internal.PlatformDependent0$7 cannot access class jdk.internal.misc.Unsafe (in module java.base) because module java.base does not export jdk.internal.misc to unnamed module @482cd91f
14:54:23.340 [main] DEBUG io.netty.util.internal.PlatformDependent0 - java.nio.DirectByteBuffer.<init>(long, {int,long}): unavailable
14:54:23.340 [main] DEBUG io.netty.util.internal.PlatformDependent - sun.misc.Unsafe: available
14:54:23.344 [main] DEBUG io.netty.util.internal.PlatformDependent - maxDirectMemory: 4219469824 bytes (maybe)
14:54:23.345 [main] DEBUG io.netty.util.internal.PlatformDependent - -Dio.netty.tmpdir: C:\Users\ANIKET~1\AppData\Local\Temp (java.io.tmpdir)
14:54:23.345 [main] DEBUG io.netty.util.internal.PlatformDependent - -Dio.netty.bitMode: 64 (sun.arch.data.model)
14:54:23.345 [main] DEBUG io.netty.util.internal.PlatformDependent - Platform: Windows
14:54:23.347 [main] DEBUG io.netty.util.internal.PlatformDependent - -Dio.netty.maxDirectMemory: -1 bytes
14:54:23.347 [main] DEBUG io.netty.util.internal.PlatformDependent - -Dio.netty.uninitializedArrayAllocationThreshold: -1
14:54:23.350 [main] DEBUG io.netty.util.internal.CleanerJava9 - java.nio.ByteBuffer.cleaner(): available
14:54:23.350 [main] DEBUG io.netty.util.internal.PlatformDependent - -Dio.netty.noPreferDirect: false
14:54:23.362 [main] DEBUG io.netty.util.internal.PlatformDependent - org.jctools-core.MpscChunkedArrayQueue: available
14:54:23.399 [main] DEBUG io.netty.util.internal.InternalThreadLocalMap - -Dio.netty.threadLocalMap.stringBuilder.initialSize: 1024
14:54:23.399 [main] DEBUG io.netty.util.internal.InternalThreadLocalMap - -Dio.netty.threadLocalMap.stringBuilder.maxSize: 4096
14:54:23.732 [main] DEBUG io.netty.handler.ssl.JdkSslContext - Default protocols (JDK): [TLSv1.3, TLSv1.2] 
14:54:23.732 [main] DEBUG io.netty.handler.ssl.JdkSslContext - Default cipher suites (JDK): [TLS_ECDHE_ECDSA_WITH_AES_256_GCM_SHA384, TLS_ECDHE_ECDSA_WITH_AES_128_GCM_SHA256, TLS_ECDHE_RSA_WITH_AES_128_GCM_SHA256, TLS_ECDHE_RSA_WITH_AES_256_GCM_SHA384, TLS_ECDHE_RSA_WITH_AES_128_CBC_SHA, TLS_ECDHE_RSA_WITH_AES_256_CBC_SHA, TLS_RSA_WITH_AES_128_GCM_SHA256, TLS_RSA_WITH_AES_128_CBC_SHA, TLS_RSA_WITH_AES_256_CBC_SHA, TLS_AES_128_GCM_SHA256, TLS_AES_256_GCM_SHA384]
14:54:23.755 [main] DEBUG io.netty.util.concurrent.GlobalEventExecutor - -Dio.netty.globalEventExecutor.quietPeriodSeconds: 1
14:54:23.796 [main] DEBUG io.netty.channel.MultithreadEventLoopGroup - -Dio.netty.eventLoopThreads: 24
14:54:23.816 [main] DEBUG io.netty.channel.nio.NioEventLoop - -Dio.netty.noKeySetOptimization: false
14:54:23.817 [main] DEBUG io.netty.channel.nio.NioEventLoop - -Dio.netty.selectorAutoRebuildThreshold: 512
14:54:24.022 [main] DEBUG io.netty.buffer.PooledByteBufAllocator - -Dio.netty.allocator.numHeapArenas: 24
14:54:24.022 [main] DEBUG io.netty.buffer.PooledByteBufAllocator - -Dio.netty.allocator.numDirectArenas: 24
14:54:24.022 [main] DEBUG io.netty.buffer.PooledByteBufAllocator - -Dio.netty.allocator.pageSize: 8192
14:54:24.022 [main] DEBUG io.netty.buffer.PooledByteBufAllocator - -Dio.netty.allocator.maxOrder: 9
14:54:24.022 [main] DEBUG io.netty.buffer.PooledByteBufAllocator - -Dio.netty.allocator.chunkSize: 4194304
14:54:24.023 [main] DEBUG io.netty.buffer.PooledByteBufAllocator - -Dio.netty.allocator.smallCacheSize: 256
14:54:24.023 [main] DEBUG io.netty.buffer.PooledByteBufAllocator - -Dio.netty.allocator.normalCacheSize: 64
14:54:24.023 [main] DEBUG io.netty.buffer.PooledByteBufAllocator - -Dio.netty.allocator.maxCachedBufferCapacity: 32768
14:54:24.023 [main] DEBUG io.netty.buffer.PooledByteBufAllocator - -Dio.netty.allocator.cacheTrimInterval: 8192
14:54:24.023 [main] DEBUG io.netty.buffer.PooledByteBufAllocator - -Dio.netty.allocator.cacheTrimIntervalMillis: 0
14:54:24.023 [main] DEBUG io.netty.buffer.PooledByteBufAllocator - -Dio.netty.allocator.useCacheForAllThreads: false
14:54:24.023 [main] DEBUG io.netty.buffer.PooledByteBufAllocator - -Dio.netty.allocator.maxCachedByteBuffersPerChunk: 1023
14:54:24.049 [main] DEBUG io.netty.buffer.ByteBufUtil - -Dio.netty.allocator.type: pooled
14:54:24.050 [main] DEBUG io.netty.buffer.ByteBufUtil - -Dio.netty.threadLocalDirectBufferSize: 0
14:54:24.050 [main] DEBUG io.netty.buffer.ByteBufUtil - -Dio.netty.maxThreadLocalCharBufferSize: 16384
14:54:24.902 [Forwarding newSession on session null to remote] DEBUG io.netty.channel.DefaultChannelId - -Dio.netty.processId: 37428 (auto-detected)
14:54:24.904 [Forwarding newSession on session null to remote] DEBUG io.netty.util.NetUtil - -Djava.net.preferIPv4Stack: false
14:54:24.904 [Forwarding newSession on session null to remote] DEBUG io.netty.util.NetUtil - -Djava.net.preferIPv6Addresses: false
14:54:24.919 [Forwarding newSession on session null to remote] DEBUG io.netty.util.NetUtilInitializations - Loopback interface: lo (Software Loopback Interface 1, 127.0.0.1)
14:54:24.921 [Forwarding newSession on session null to remote] DEBUG io.netty.util.NetUtil - Failed to get SOMAXCONN from sysctl and file \proc\sys\net\core\somaxconn. Default: 200
14:54:24.939 [Forwarding newSession on session null to remote] DEBUG io.netty.channel.DefaultChannelId - -Dio.netty.machineId: f4:6a:dd:ff:fe:57:6c:f3 (auto-detected)
14:54:25.012 [AsyncHttpClient-1-2] DEBUG io.netty.buffer.AbstractByteBuf - -Dio.netty.buffer.checkAccessible: true
14:54:25.012 [AsyncHttpClient-1-2] DEBUG io.netty.buffer.AbstractByteBuf - -Dio.netty.buffer.checkBounds: true
14:54:25.012 [AsyncHttpClient-1-2] DEBUG io.netty.util.ResourceLeakDetectorFactory - Loaded default ResourceLeakDetector: io.netty.util.ResourceLeakDetector@e3898b8
14:54:25.035 [AsyncHttpClient-1-2] DEBUG org.asynchttpclient.netty.channel.NettyConnectListener - Using new Channel '[id: 0x9685b241, L:/127.0.0.1:57927 - R:localhost/127.0.0.1:32912]' for 'POST' to '/session'
14:54:25.058 [AsyncHttpClient-1-2] DEBUG io.netty.util.Recycler - -Dio.netty.recycler.maxCapacityPerThread: 4096
14:54:25.059 [AsyncHttpClient-1-2] DEBUG io.netty.util.Recycler - -Dio.netty.recycler.ratio: 8
14:54:25.059 [AsyncHttpClient-1-2] DEBUG io.netty.util.Recycler - -Dio.netty.recycler.chunkSize: 32
14:54:25.059 [AsyncHttpClient-1-2] DEBUG io.netty.util.Recycler - -Dio.netty.recycler.blocking: false
14:54:25.059 [AsyncHttpClient-1-2] DEBUG io.netty.util.Recycler - -Dio.netty.recycler.batchFastThreadLocalOnly: true
14:54:26.320 [AsyncHttpClient-1-2] DEBUG io.netty.handler.codec.compression.Brotli - brotli4j not in the classpath; Brotli support will be unavailable.
14:54:26.321 [AsyncHttpClient-1-2] DEBUG org.asynchttpclient.netty.handler.HttpHandler - 

Request DefaultHttpRequest(decodeResult: success, version: HTTP/1.1)
POST /session HTTP/1.1
User-Agent: selenium/4.12.0 (java windows)
Content-Length: 254
Content-Type: application/json; charset=utf-8
host: localhost:32912
accept: */*

Response DefaultHttpResponse(decodeResult: success, version: HTTP/1.1)
HTTP/1.1 200 OK
Content-Length: 886
Content-Type: application/json; charset=utf-8
cache-control: no-cache

14:54:26.338 [AsyncHttpClient-1-2] DEBUG org.asynchttpclient.netty.channel.ChannelManager - Adding key: http://localhost:32912 for channel [id: 0x9685b241, L:/127.0.0.1:57927 - R:localhost/127.0.0.1:32912]
14:54:26.497 [AsyncHttpClient-1-3] DEBUG org.asynchttpclient.netty.channel.NettyConnectListener - Using new Channel '[id: 0xa9673da6, L:/127.0.0.1:57936 - R:localhost/127.0.0.1:57929]' for 'GET' to '/json/version'
14:54:26.501 [AsyncHttpClient-1-3] DEBUG org.asynchttpclient.netty.handler.HttpHandler - 

Request DefaultFullHttpRequest(decodeResult: success, version: HTTP/1.1, content: EmptyByteBufBE)
GET /json/version HTTP/1.1
User-Agent: selenium/4.12.0 (java windows)
host: localhost:57929
accept: */*

Response DefaultHttpResponse(decodeResult: success, version: HTTP/1.1)
HTTP/1.1 200 OK
Content-Security-Policy: frame-ancestors 'none'
Content-Length: 424
Content-Type: application/json; charset=UTF-8

14:54:26.501 [AsyncHttpClient-1-3] DEBUG org.asynchttpclient.netty.channel.ChannelManager - Adding key: http://localhost:57929 for channel [id: 0xa9673da6, L:/127.0.0.1:57936 - R:localhost/127.0.0.1:57929]
14:54:26.518 [main] DEBUG io.netty.util.internal.ThreadLocalRandom - -Dio.netty.initialSeedUniquifier: 0xd178bd0602966417
14:54:26.525 [AsyncHttpClient-1-4] DEBUG org.asynchttpclient.netty.channel.NettyConnectListener - Using new Channel '[id: 0xdaef38bc, L:/127.0.0.1:57937 - R:localhost/127.0.0.1:57929]' for 'GET' to '/devtools/browser/4198f698-df25-4bcb-961a-ad7439bebf5a'
14:54:26.528 [AsyncHttpClient-1-4] DEBUG org.asynchttpclient.netty.handler.WebSocketHandler - 

Request DefaultFullHttpRequest(decodeResult: success, version: HTTP/1.1, content: EmptyByteBufBE)
GET /devtools/browser/4198f698-df25-4bcb-961a-ad7439bebf5a HTTP/1.1
upgrade: websocket
connection: upgrade
sec-websocket-key: JsSAIEFVAJptuOQLodGQkQ==
sec-websocket-version: 13
origin: http://localhost:57929
host: localhost:57929
accept: */*
user-agent: AHC/2.1

Response DefaultHttpResponse(decodeResult: success, version: HTTP/1.1)
HTTP/1.1 101 WebSocket Protocol Handshake
Upgrade: WebSocket
Connection: Upgrade
Sec-WebSocket-Accept: 6lYn+4xMN5PhsRC1cmqGXg2HUDg=

14:54:26.607 [Forwarding get on session 76b4780b5fefb45e2133125c5adc0ffb to remote] DEBUG org.asynchttpclient.netty.request.NettyRequestSender - Using pooled Channel '[id: 0x9685b241, L:/127.0.0.1:57927 - R:localhost/127.0.0.1:32912]' for 'POST' to 'http://localhost:32912/session/76b4780b5fefb45e2133125c5adc0ffb/url'
14:54:26.608 [Forwarding get on session 76b4780b5fefb45e2133125c5adc0ffb to remote] DEBUG org.asynchttpclient.netty.request.NettyRequestSender - Using open Channel [id: 0x9685b241, L:/127.0.0.1:57927 - R:localhost/127.0.0.1:32912] for POST '/session/76b4780b5fefb45e2133125c5adc0ffb/url'
14:54:26.971 [AsyncHttpClient-1-1] DEBUG org.asynchttpclient.netty.channel.DefaultChannelPool - Entry count for : http://localhost:57929 : 1
14:54:28.074 [AsyncHttpClient-1-1] DEBUG org.asynchttpclient.netty.channel.DefaultChannelPool - Entry count for : http://localhost:57929 : 1
14:54:29.172 [AsyncHttpClient-1-1] DEBUG org.asynchttpclient.netty.channel.DefaultChannelPool - Entry count for : http://localhost:57929 : 1
14:54:30.272 [AsyncHttpClient-1-1] DEBUG org.asynchttpclient.netty.channel.DefaultChannelPool - Entry count for : http://localhost:57929 : 1
14:54:31.379 [AsyncHttpClient-1-1] DEBUG org.asynchttpclient.netty.channel.DefaultChannelPool - Entry count for : http://localhost:57929 : 1
14:54:32.472 [AsyncHttpClient-1-1] DEBUG org.asynchttpclient.netty.channel.DefaultChannelPool - Entry count for : http://localhost:57929 : 1
14:54:33.571 [AsyncHttpClient-1-1] DEBUG org.asynchttpclient.netty.channel.DefaultChannelPool - Entry count for : http://localhost:57929 : 1
14:54:34.671 [AsyncHttpClient-1-1] DEBUG org.asynchttpclient.netty.channel.DefaultChannelPool - Entry count for : http://localhost:57929 : 1
14:54:35.771 [AsyncHttpClient-1-1] DEBUG org.asynchttpclient.netty.channel.DefaultChannelPool - Entry count for : http://localhost:57929 : 1
14:54:36.877 [AsyncHttpClient-1-1] DEBUG org.asynchttpclient.netty.channel.DefaultChannelPool - Entry count for : http://localhost:57929 : 1
14:54:37.976 [AsyncHttpClient-1-1] DEBUG org.asynchttpclient.netty.channel.DefaultChannelPool - Entry count for : http://localhost:57929 : 1
14:54:39.071 [AsyncHttpClient-1-1] DEBUG org.asynchttpclient.netty.channel.DefaultChannelPool - Entry count for : http://localhost:57929 : 1
14:54:40.170 [AsyncHttpClient-1-1] DEBUG org.asynchttpclient.netty.channel.DefaultChannelPool - Entry count for : http://localhost:57929 : 1
14:54:41.271 [AsyncHttpClient-1-1] DEBUG org.asynchttpclient.netty.channel.DefaultChannelPool - Entry count for : http://localhost:57929 : 1
14:54:42.373 [AsyncHttpClient-1-1] DEBUG org.asynchttpclient.netty.channel.DefaultChannelPool - Entry count for : http://localhost:57929 : 1
14:54:43.470 [AsyncHttpClient-1-1] DEBUG org.asynchttpclient.netty.channel.DefaultChannelPool - Entry count for : http://localhost:57929 : 1
14:54:44.571 [AsyncHttpClient-1-1] DEBUG org.asynchttpclient.netty.channel.DefaultChannelPool - Entry count for : http://localhost:57929 : 1
14:54:45.675 [AsyncHttpClient-1-1] DEBUG org.asynchttpclient.netty.channel.DefaultChannelPool - Entry count for : http://localhost:57929 : 1
14:54:46.772 [AsyncHttpClient-1-1] DEBUG org.asynchttpclient.netty.channel.DefaultChannelPool - Entry count for : http://localhost:57929 : 1
14:54:47.876 [AsyncHttpClient-1-1] DEBUG org.asynchttpclient.netty.channel.DefaultChannelPool - Entry count for : http://localhost:57929 : 1
14:54:48.979 [AsyncHttpClient-1-1] DEBUG org.asynchttpclient.netty.channel.DefaultChannelPool - Entry count for : http://localhost:57929 : 1
14:54:49.962 [AsyncHttpClient-1-2] DEBUG org.asynchttpclient.netty.handler.HttpHandler - 

Request DefaultHttpRequest(decodeResult: success, version: HTTP/1.1)
POST /session/76b4780b5fefb45e2133125c5adc0ffb/url HTTP/1.1
User-Agent: selenium/4.12.0 (java windows)
Content-Length: 92
Content-Type: application/json; charset=utf-8
host: localhost:32912
accept: */*

Response DefaultHttpResponse(decodeResult: success, version: HTTP/1.1)
HTTP/1.1 200 OK
Content-Length: 14
Content-Type: application/json; charset=utf-8
cache-control: no-cache

14:54:49.962 [AsyncHttpClient-1-2] DEBUG org.asynchttpclient.netty.channel.ChannelManager - Adding key: http://localhost:32912 for channel [id: 0x9685b241, L:/127.0.0.1:57927 - R:localhost/127.0.0.1:32912]
14:54:49.970 [Forwarding maximizeCurrentWindow on session 76b4780b5fefb45e2133125c5adc0ffb to remote] DEBUG org.asynchttpclient.netty.request.NettyRequestSender - Using pooled Channel '[id: 0x9685b241, L:/127.0.0.1:57927 - R:localhost/127.0.0.1:32912]' for 'POST' to 'http://localhost:32912/session/76b4780b5fefb45e2133125c5adc0ffb/window/maximize'
14:54:49.970 [Forwarding maximizeCurrentWindow on session 76b4780b5fefb45e2133125c5adc0ffb to remote] DEBUG org.asynchttpclient.netty.request.NettyRequestSender - Using open Channel [id: 0x9685b241, L:/127.0.0.1:57927 - R:localhost/127.0.0.1:32912] for POST '/session/76b4780b5fefb45e2133125c5adc0ffb/window/maximize'
14:54:50.072 [AsyncHttpClient-1-1] DEBUG org.asynchttpclient.netty.channel.DefaultChannelPool - Entry count for : http://localhost:57929 : 1
14:54:50.090 [AsyncHttpClient-1-2] DEBUG org.asynchttpclient.netty.handler.HttpHandler - 

Request DefaultHttpRequest(decodeResult: success, version: HTTP/1.1)
POST /session/76b4780b5fefb45e2133125c5adc0ffb/window/maximize HTTP/1.1
User-Agent: selenium/4.12.0 (java windows)
Content-Length: 3
Content-Type: application/json; charset=utf-8
host: localhost:32912
accept: */*

Response DefaultHttpResponse(decodeResult: success, version: HTTP/1.1)
HTTP/1.1 200 OK
Content-Length: 51
Content-Type: application/json; charset=utf-8
cache-control: no-cache

14:54:50.090 [AsyncHttpClient-1-2] DEBUG org.asynchttpclient.netty.channel.ChannelManager - Adding key: http://localhost:32912 for channel [id: 0x9685b241, L:/127.0.0.1:57927 - R:localhost/127.0.0.1:32912]
14:54:50.131 [Forwarding findElement on session 76b4780b5fefb45e2133125c5adc0ffb to remote] DEBUG org.asynchttpclient.netty.request.NettyRequestSender - Using pooled Channel '[id: 0x9685b241, L:/127.0.0.1:57927 - R:localhost/127.0.0.1:32912]' for 'POST' to 'http://localhost:32912/session/76b4780b5fefb45e2133125c5adc0ffb/element'
14:54:50.131 [Forwarding findElement on session 76b4780b5fefb45e2133125c5adc0ffb to remote] DEBUG org.asynchttpclient.netty.request.NettyRequestSender - Using open Channel [id: 0x9685b241, L:/127.0.0.1:57927 - R:localhost/127.0.0.1:32912] for POST '/session/76b4780b5fefb45e2133125c5adc0ffb/element'
14:54:50.157 [AsyncHttpClient-1-2] DEBUG org.asynchttpclient.netty.handler.HttpHandler - 

Request DefaultHttpRequest(decodeResult: success, version: HTTP/1.1)
POST /session/76b4780b5fefb45e2133125c5adc0ffb/element HTTP/1.1
User-Agent: selenium/4.12.0 (java windows)
Content-Length: 69
Content-Type: application/json; charset=utf-8
host: localhost:32912
accept: */*

Response DefaultHttpResponse(decodeResult: success, version: HTTP/1.1)
HTTP/1.1 200 OK
Content-Length: 125
Content-Type: application/json; charset=utf-8
cache-control: no-cache

14:54:50.158 [AsyncHttpClient-1-2] DEBUG org.asynchttpclient.netty.channel.ChannelManager - Adding key: http://localhost:32912 for channel [id: 0x9685b241, L:/127.0.0.1:57927 - R:localhost/127.0.0.1:32912]
14:54:50.170 [Forwarding sendKeysToElement on session 76b4780b5fefb45e2133125c5adc0ffb to remote] DEBUG org.asynchttpclient.netty.request.NettyRequestSender - Using pooled Channel '[id: 0x9685b241, L:/127.0.0.1:57927 - R:localhost/127.0.0.1:32912]' for 'POST' to 'http://localhost:32912/session/76b4780b5fefb45e2133125c5adc0ffb/element/f.B5D6EC8C5694FCBBF5093D8B92B75E26.d.53CCA49712BCFDDD08DFE9FBB273FC81.e.4/value'
14:54:50.170 [Forwarding sendKeysToElement on session 76b4780b5fefb45e2133125c5adc0ffb to remote] DEBUG org.asynchttpclient.netty.request.NettyRequestSender - Using open Channel [id: 0x9685b241, L:/127.0.0.1:57927 - R:localhost/127.0.0.1:32912] for POST '/session/76b4780b5fefb45e2133125c5adc0ffb/element/f.B5D6EC8C5694FCBBF5093D8B92B75E26.d.53CCA49712BCFDDD08DFE9FBB273FC81.e.4/value'
14:54:50.381 [AsyncHttpClient-1-2] DEBUG org.asynchttpclient.netty.handler.HttpHandler - 

Request DefaultHttpRequest(decodeResult: success, version: HTTP/1.1)
POST /session/76b4780b5fefb45e2133125c5adc0ffb/element/f.B5D6EC8C5694FCBBF5093D8B92B75E26.d.53CCA49712BCFDDD08DFE9FBB273FC81.e.4/value HTTP/1.1
User-Agent: selenium/4.12.0 (java windows)
Content-Length: 338
Content-Type: application/json; charset=utf-8
host: localhost:32912
accept: */*

Response DefaultHttpResponse(decodeResult: success, version: HTTP/1.1)
HTTP/1.1 200 OK
Content-Length: 14
Content-Type: application/json; charset=utf-8
cache-control: no-cache

14:54:50.382 [AsyncHttpClient-1-2] DEBUG org.asynchttpclient.netty.channel.ChannelManager - Adding key: http://localhost:32912 for channel [id: 0x9685b241, L:/127.0.0.1:57927 - R:localhost/127.0.0.1:32912]
14:54:50.385 [Forwarding findElement on session 76b4780b5fefb45e2133125c5adc0ffb to remote] DEBUG org.asynchttpclient.netty.request.NettyRequestSender - Using pooled Channel '[id: 0x9685b241, L:/127.0.0.1:57927 - R:localhost/127.0.0.1:32912]' for 'POST' to 'http://localhost:32912/session/76b4780b5fefb45e2133125c5adc0ffb/element'
14:54:50.385 [Forwarding findElement on session 76b4780b5fefb45e2133125c5adc0ffb to remote] DEBUG org.asynchttpclient.netty.request.NettyRequestSender - Using open Channel [id: 0x9685b241, L:/127.0.0.1:57927 - R:localhost/127.0.0.1:32912] for POST '/session/76b4780b5fefb45e2133125c5adc0ffb/element'
14:54:50.400 [AsyncHttpClient-1-2] DEBUG org.asynchttpclient.netty.handler.HttpHandler - 

Request DefaultHttpRequest(decodeResult: success, version: HTTP/1.1)
POST /session/76b4780b5fefb45e2133125c5adc0ffb/element HTTP/1.1
User-Agent: selenium/4.12.0 (java windows)
Content-Length: 72
Content-Type: application/json; charset=utf-8
host: localhost:32912
accept: */*

Response DefaultHttpResponse(decodeResult: success, version: HTTP/1.1)
HTTP/1.1 200 OK
Content-Length: 125
Content-Type: application/json; charset=utf-8
cache-control: no-cache

14:54:50.401 [AsyncHttpClient-1-2] DEBUG org.asynchttpclient.netty.channel.ChannelManager - Adding key: http://localhost:32912 for channel [id: 0x9685b241, L:/127.0.0.1:57927 - R:localhost/127.0.0.1:32912]
14:54:50.404 [Forwarding sendKeysToElement on session 76b4780b5fefb45e2133125c5adc0ffb to remote] DEBUG org.asynchttpclient.netty.request.NettyRequestSender - Using pooled Channel '[id: 0x9685b241, L:/127.0.0.1:57927 - R:localhost/127.0.0.1:32912]' for 'POST' to 'http://localhost:32912/session/76b4780b5fefb45e2133125c5adc0ffb/element/f.B5D6EC8C5694FCBBF5093D8B92B75E26.d.53CCA49712BCFDDD08DFE9FBB273FC81.e.6/value'
14:54:50.404 [Forwarding sendKeysToElement on session 76b4780b5fefb45e2133125c5adc0ffb to remote] DEBUG org.asynchttpclient.netty.request.NettyRequestSender - Using open Channel [id: 0x9685b241, L:/127.0.0.1:57927 - R:localhost/127.0.0.1:32912] for POST '/session/76b4780b5fefb45e2133125c5adc0ffb/element/f.B5D6EC8C5694FCBBF5093D8B92B75E26.d.53CCA49712BCFDDD08DFE9FBB273FC81.e.6/value'
14:54:50.509 [AsyncHttpClient-1-2] DEBUG org.asynchttpclient.netty.handler.HttpHandler - 

Request DefaultHttpRequest(decodeResult: success, version: HTTP/1.1)
POST /session/76b4780b5fefb45e2133125c5adc0ffb/element/f.B5D6EC8C5694FCBBF5093D8B92B75E26.d.53CCA49712BCFDDD08DFE9FBB273FC81.e.6/value HTTP/1.1
User-Agent: selenium/4.12.0 (java windows)
Content-Length: 208
Content-Type: application/json; charset=utf-8
host: localhost:32912
accept: */*

Response DefaultHttpResponse(decodeResult: success, version: HTTP/1.1)
HTTP/1.1 200 OK
Content-Length: 14
Content-Type: application/json; charset=utf-8
cache-control: no-cache

14:54:50.510 [AsyncHttpClient-1-2] DEBUG org.asynchttpclient.netty.channel.ChannelManager - Adding key: http://localhost:32912 for channel [id: 0x9685b241, L:/127.0.0.1:57927 - R:localhost/127.0.0.1:32912]
14:54:50.514 [Forwarding findElement on session 76b4780b5fefb45e2133125c5adc0ffb to remote] DEBUG org.asynchttpclient.netty.request.NettyRequestSender - Using pooled Channel '[id: 0x9685b241, L:/127.0.0.1:57927 - R:localhost/127.0.0.1:32912]' for 'POST' to 'http://localhost:32912/session/76b4780b5fefb45e2133125c5adc0ffb/element'
14:54:50.514 [Forwarding findElement on session 76b4780b5fefb45e2133125c5adc0ffb to remote] DEBUG org.asynchttpclient.netty.request.NettyRequestSender - Using open Channel [id: 0x9685b241, L:/127.0.0.1:57927 - R:localhost/127.0.0.1:32912] for POST '/session/76b4780b5fefb45e2133125c5adc0ffb/element'
14:54:50.536 [AsyncHttpClient-1-2] DEBUG org.asynchttpclient.netty.handler.HttpHandler - 

Request DefaultHttpRequest(decodeResult: success, version: HTTP/1.1)
POST /session/76b4780b5fefb45e2133125c5adc0ffb/element HTTP/1.1
User-Agent: selenium/4.12.0 (java windows)
Content-Length: 73
Content-Type: application/json; charset=utf-8
host: localhost:32912
accept: */*

Response DefaultHttpResponse(decodeResult: success, version: HTTP/1.1)
HTTP/1.1 200 OK
Content-Length: 125
Content-Type: application/json; charset=utf-8
cache-control: no-cache

14:54:50.537 [AsyncHttpClient-1-2] DEBUG org.asynchttpclient.netty.channel.ChannelManager - Adding key: http://localhost:32912 for channel [id: 0x9685b241, L:/127.0.0.1:57927 - R:localhost/127.0.0.1:32912]
14:54:50.540 [Forwarding clickElement on session 76b4780b5fefb45e2133125c5adc0ffb to remote] DEBUG org.asynchttpclient.netty.request.NettyRequestSender - Using pooled Channel '[id: 0x9685b241, L:/127.0.0.1:57927 - R:localhost/127.0.0.1:32912]' for 'POST' to 'http://localhost:32912/session/76b4780b5fefb45e2133125c5adc0ffb/element/f.B5D6EC8C5694FCBBF5093D8B92B75E26.d.53CCA49712BCFDDD08DFE9FBB273FC81.e.8/click'
14:54:50.540 [Forwarding clickElement on session 76b4780b5fefb45e2133125c5adc0ffb to remote] DEBUG org.asynchttpclient.netty.request.NettyRequestSender - Using open Channel [id: 0x9685b241, L:/127.0.0.1:57927 - R:localhost/127.0.0.1:32912] for POST '/session/76b4780b5fefb45e2133125c5adc0ffb/element/f.B5D6EC8C5694FCBBF5093D8B92B75E26.d.53CCA49712BCFDDD08DFE9FBB273FC81.e.8/click'
14:54:50.710 [AsyncHttpClient-1-2] DEBUG org.asynchttpclient.netty.handler.HttpHandler - 

Request DefaultHttpRequest(decodeResult: success, version: HTTP/1.1)
POST /session/76b4780b5fefb45e2133125c5adc0ffb/element/f.B5D6EC8C5694FCBBF5093D8B92B75E26.d.53CCA49712BCFDDD08DFE9FBB273FC81.e.8/click HTTP/1.1
User-Agent: selenium/4.12.0 (java windows)
Content-Length: 87
Content-Type: application/json; charset=utf-8
host: localhost:32912
accept: */*

Response DefaultHttpResponse(decodeResult: success, version: HTTP/1.1)
HTTP/1.1 200 OK
Content-Length: 14
Content-Type: application/json; charset=utf-8
cache-control: no-cache

14:54:50.711 [AsyncHttpClient-1-2] DEBUG org.asynchttpclient.netty.channel.ChannelManager - Adding key: http://localhost:32912 for channel [id: 0x9685b241, L:/127.0.0.1:57927 - R:localhost/127.0.0.1:32912]
14:54:51.178 [AsyncHttpClient-1-1] DEBUG org.asynchttpclient.netty.channel.DefaultChannelPool - Entry count for : http://localhost:32912 : 1
14:54:51.178 [AsyncHttpClient-1-1] DEBUG org.asynchttpclient.netty.channel.DefaultChannelPool - Entry count for : http://localhost:57929 : 1
14:54:52.272 [AsyncHttpClient-1-1] DEBUG org.asynchttpclient.netty.channel.DefaultChannelPool - Entry count for : http://localhost:32912 : 1
14:54:52.272 [AsyncHttpClient-1-1] DEBUG org.asynchttpclient.netty.channel.DefaultChannelPool - Entry count for : http://localhost:57929 : 1
14:54:53.378 [AsyncHttpClient-1-1] DEBUG org.asynchttpclient.netty.channel.DefaultChannelPool - Entry count for : http://localhost:32912 : 1
14:54:53.379 [AsyncHttpClient-1-1] DEBUG org.asynchttpclient.netty.channel.DefaultChannelPool - Entry count for : http://localhost:57929 : 1
14:54:54.471 [AsyncHttpClient-1-1] DEBUG org.asynchttpclient.netty.channel.DefaultChannelPool - Entry count for : http://localhost:32912 : 1
14:54:54.471 [AsyncHttpClient-1-1] DEBUG org.asynchttpclient.netty.channel.DefaultChannelPool - Entry count for : http://localhost:57929 : 1
14:54:55.572 [AsyncHttpClient-1-1] DEBUG org.asynchttpclient.netty.channel.DefaultChannelPool - Entry count for : http://localhost:32912 : 1
14:54:55.572 [AsyncHttpClient-1-1] DEBUG org.asynchttpclient.netty.channel.DefaultChannelPool - Entry count for : http://localhost:57929 : 1
14:54:55.725 [Forwarding getCurrentUrl on session 76b4780b5fefb45e2133125c5adc0ffb to remote] DEBUG org.asynchttpclient.netty.request.NettyRequestSender - Using pooled Channel '[id: 0x9685b241, L:/127.0.0.1:57927 - R:localhost/127.0.0.1:32912]' for 'GET' to 'http://localhost:32912/session/76b4780b5fefb45e2133125c5adc0ffb/url'
14:54:55.726 [Forwarding getCurrentUrl on session 76b4780b5fefb45e2133125c5adc0ffb to remote] DEBUG org.asynchttpclient.netty.request.NettyRequestSender - Using open Channel [id: 0x9685b241, L:/127.0.0.1:57927 - R:localhost/127.0.0.1:32912] for GET '/session/76b4780b5fefb45e2133125c5adc0ffb/url'
14:54:55.734 [AsyncHttpClient-1-2] DEBUG org.asynchttpclient.netty.handler.HttpHandler - 

Request DefaultFullHttpRequest(decodeResult: success, version: HTTP/1.1, content: EmptyByteBufBE)
GET /session/76b4780b5fefb45e2133125c5adc0ffb/url HTTP/1.1
Cache-Control: no-cache
User-Agent: selenium/4.12.0 (java windows)
Content-Type: application/json; charset=utf-8
host: localhost:32912
accept: */*

Response DefaultHttpResponse(decodeResult: success, version: HTTP/1.1)
HTTP/1.1 200 OK
Content-Length: 69
Content-Type: application/json; charset=utf-8
cache-control: no-cache

14:54:55.735 [AsyncHttpClient-1-2] DEBUG org.asynchttpclient.netty.channel.ChannelManager - Adding key: http://localhost:32912 for channel [id: 0x9685b241, L:/127.0.0.1:57927 - R:localhost/127.0.0.1:32912]
https://fleet-manager-development.vercel.app/auth/sign-in
14:54:55.738 [Forwarding findElement on session 76b4780b5fefb45e2133125c5adc0ffb to remote] DEBUG org.asynchttpclient.netty.request.NettyRequestSender - Using pooled Channel '[id: 0x9685b241, L:/127.0.0.1:57927 - R:localhost/127.0.0.1:32912]' for 'POST' to 'http://localhost:32912/session/76b4780b5fefb45e2133125c5adc0ffb/element'
14:54:55.738 [Forwarding findElement on session 76b4780b5fefb45e2133125c5adc0ffb to remote] DEBUG org.asynchttpclient.netty.request.NettyRequestSender - Using open Channel [id: 0x9685b241, L:/127.0.0.1:57927 - R:localhost/127.0.0.1:32912] for POST '/session/76b4780b5fefb45e2133125c5adc0ffb/element'
14:54:55.755 [AsyncHttpClient-1-2] DEBUG org.asynchttpclient.netty.handler.HttpHandler - 

Request DefaultHttpRequest(decodeResult: success, version: HTTP/1.1)
POST /session/76b4780b5fefb45e2133125c5adc0ffb/element HTTP/1.1
User-Agent: selenium/4.12.0 (java windows)
Content-Length: 66
Content-Type: application/json; charset=utf-8
host: localhost:32912
accept: */*

Response DefaultHttpResponse(decodeResult: success, version: HTTP/1.1)
HTTP/1.1 200 OK
Content-Length: 126
Content-Type: application/json; charset=utf-8
cache-control: no-cache

14:54:55.756 [AsyncHttpClient-1-2] DEBUG org.asynchttpclient.netty.channel.ChannelManager - Adding key: http://localhost:32912 for channel [id: 0x9685b241, L:/127.0.0.1:57927 - R:localhost/127.0.0.1:32912]
14:54:55.773 [Forwarding isElementDisplayed on session 76b4780b5fefb45e2133125c5adc0ffb to remote] DEBUG org.asynchttpclient.netty.request.NettyRequestSender - Using pooled Channel '[id: 0x9685b241, L:/127.0.0.1:57927 - R:localhost/127.0.0.1:32912]' for 'POST' to 'http://localhost:32912/session/76b4780b5fefb45e2133125c5adc0ffb/execute/sync'
14:54:55.773 [Forwarding isElementDisplayed on session 76b4780b5fefb45e2133125c5adc0ffb to remote] DEBUG org.asynchttpclient.netty.request.NettyRequestSender - Using open Channel [id: 0x9685b241, L:/127.0.0.1:57927 - R:localhost/127.0.0.1:32912] for POST '/session/76b4780b5fefb45e2133125c5adc0ffb/execute/sync'
14:54:55.796 [AsyncHttpClient-1-2] DEBUG org.asynchttpclient.netty.handler.HttpHandler - 

Request DefaultHttpRequest(decodeResult: success, version: HTTP/1.1)
POST /session/76b4780b5fefb45e2133125c5adc0ffb/execute/sync HTTP/1.1
User-Agent: selenium/4.12.0 (java windows)
Content-Length: 48734
Content-Type: application/json; charset=utf-8
host: localhost:32912
accept: */*

Response DefaultHttpResponse(decodeResult: success, version: HTTP/1.1)
HTTP/1.1 200 OK
Content-Length: 14
Content-Type: application/json; charset=utf-8
cache-control: no-cache

14:54:55.796 [AsyncHttpClient-1-2] DEBUG org.asynchttpclient.netty.channel.ChannelManager - Adding key: http://localhost:32912 for channel [id: 0x9685b241, L:/127.0.0.1:57927 - R:localhost/127.0.0.1:32912]
14:54:55.799 [Forwarding findElement on session 76b4780b5fefb45e2133125c5adc0ffb to remote] DEBUG org.asynchttpclient.netty.request.NettyRequestSender - Using pooled Channel '[id: 0x9685b241, L:/127.0.0.1:57927 - R:localhost/127.0.0.1:32912]' for 'POST' to 'http://localhost:32912/session/76b4780b5fefb45e2133125c5adc0ffb/element'
14:54:55.799 [Forwarding findElement on session 76b4780b5fefb45e2133125c5adc0ffb to remote] DEBUG org.asynchttpclient.netty.request.NettyRequestSender - Using open Channel [id: 0x9685b241, L:/127.0.0.1:57927 - R:localhost/127.0.0.1:32912] for POST '/session/76b4780b5fefb45e2133125c5adc0ffb/element'
14:54:55.830 [AsyncHttpClient-1-2] DEBUG org.asynchttpclient.netty.handler.HttpHandler - 

Request DefaultHttpRequest(decodeResult: success, version: HTTP/1.1)
POST /session/76b4780b5fefb45e2133125c5adc0ffb/element HTTP/1.1
User-Agent: selenium/4.12.0 (java windows)
Content-Length: 66
Content-Type: application/json; charset=utf-8
host: localhost:32912
accept: */*

Response DefaultHttpResponse(decodeResult: success, version: HTTP/1.1)
HTTP/1.1 200 OK
Content-Length: 126
Content-Type: application/json; charset=utf-8
cache-control: no-cache

14:54:55.830 [AsyncHttpClient-1-2] DEBUG org.asynchttpclient.netty.channel.ChannelManager - Adding key: http://localhost:32912 for channel [id: 0x9685b241, L:/127.0.0.1:57927 - R:localhost/127.0.0.1:32912]
14:54:55.834 [Forwarding getElementText on session 76b4780b5fefb45e2133125c5adc0ffb to remote] DEBUG org.asynchttpclient.netty.request.NettyRequestSender - Using pooled Channel '[id: 0x9685b241, L:/127.0.0.1:57927 - R:localhost/127.0.0.1:32912]' for 'GET' to 'http://localhost:32912/session/76b4780b5fefb45e2133125c5adc0ffb/element/f.B5D6EC8C5694FCBBF5093D8B92B75E26.d.53CCA49712BCFDDD08DFE9FBB273FC81.e.19/text'
14:54:55.834 [Forwarding getElementText on session 76b4780b5fefb45e2133125c5adc0ffb to remote] DEBUG org.asynchttpclient.netty.request.NettyRequestSender - Using open Channel [id: 0x9685b241, L:/127.0.0.1:57927 - R:localhost/127.0.0.1:32912] for GET '/session/76b4780b5fefb45e2133125c5adc0ffb/element/f.B5D6EC8C5694FCBBF5093D8B92B75E26.d.53CCA49712BCFDDD08DFE9FBB273FC81.e.19/text'
14:54:55.852 [AsyncHttpClient-1-2] DEBUG org.asynchttpclient.netty.handler.HttpHandler - 

Request DefaultFullHttpRequest(decodeResult: success, version: HTTP/1.1, content: EmptyByteBufBE)
GET /session/76b4780b5fefb45e2133125c5adc0ffb/element/f.B5D6EC8C5694FCBBF5093D8B92B75E26.d.53CCA49712BCFDDD08DFE9FBB273FC81.e.19/text HTTP/1.1
Cache-Control: no-cache
User-Agent: selenium/4.12.0 (java windows)
Content-Type: application/json; charset=utf-8
host: localhost:32912
accept: */*

Response DefaultHttpResponse(decodeResult: success, version: HTTP/1.1)
HTTP/1.1 200 OK
Content-Length: 33
Content-Type: application/json; charset=utf-8
cache-control: no-cache

14:54:55.853 [AsyncHttpClient-1-2] DEBUG org.asynchttpclient.netty.channel.ChannelManager - Adding key: http://localhost:32912 for channel [id: 0x9685b241, L:/127.0.0.1:57927 - R:localhost/127.0.0.1:32912]
14:54:55.859 [Forwarding findElement on session 76b4780b5fefb45e2133125c5adc0ffb to remote] DEBUG org.asynchttpclient.netty.request.NettyRequestSender - Using pooled Channel '[id: 0x9685b241, L:/127.0.0.1:57927 - R:localhost/127.0.0.1:32912]' for 'POST' to 'http://localhost:32912/session/76b4780b5fefb45e2133125c5adc0ffb/element'
14:54:55.860 [Forwarding findElement on session 76b4780b5fefb45e2133125c5adc0ffb to remote] DEBUG org.asynchttpclient.netty.request.NettyRequestSender - Using open Channel [id: 0x9685b241, L:/127.0.0.1:57927 - R:localhost/127.0.0.1:32912] for POST '/session/76b4780b5fefb45e2133125c5adc0ffb/element'
14:54:55.874 [AsyncHttpClient-1-2] DEBUG org.asynchttpclient.netty.handler.HttpHandler - 

Request DefaultHttpRequest(decodeResult: success, version: HTTP/1.1)
POST /session/76b4780b5fefb45e2133125c5adc0ffb/element HTTP/1.1
User-Agent: selenium/4.12.0 (java windows)
Content-Length: 74
Content-Type: application/json; charset=utf-8
host: localhost:32912
accept: */*

Response DefaultHttpResponse(decodeResult: success, version: HTTP/1.1)
HTTP/1.1 200 OK
Content-Length: 126
Content-Type: application/json; charset=utf-8
cache-control: no-cache

14:54:55.875 [AsyncHttpClient-1-2] DEBUG org.asynchttpclient.netty.channel.ChannelManager - Adding key: http://localhost:32912 for channel [id: 0x9685b241, L:/127.0.0.1:57927 - R:localhost/127.0.0.1:32912]
14:54:55.878 [Forwarding clickElement on session 76b4780b5fefb45e2133125c5adc0ffb to remote] DEBUG org.asynchttpclient.netty.request.NettyRequestSender - Using pooled Channel '[id: 0x9685b241, L:/127.0.0.1:57927 - R:localhost/127.0.0.1:32912]' for 'POST' to 'http://localhost:32912/session/76b4780b5fefb45e2133125c5adc0ffb/element/f.B5D6EC8C5694FCBBF5093D8B92B75E26.d.53CCA49712BCFDDD08DFE9FBB273FC81.e.20/click'
14:54:55.878 [Forwarding clickElement on session 76b4780b5fefb45e2133125c5adc0ffb to remote] DEBUG org.asynchttpclient.netty.request.NettyRequestSender - Using open Channel [id: 0x9685b241, L:/127.0.0.1:57927 - R:localhost/127.0.0.1:32912] for POST '/session/76b4780b5fefb45e2133125c5adc0ffb/element/f.B5D6EC8C5694FCBBF5093D8B92B75E26.d.53CCA49712BCFDDD08DFE9FBB273FC81.e.20/click'
14:54:55.960 [AsyncHttpClient-1-2] DEBUG org.asynchttpclient.netty.handler.HttpHandler - 

Request DefaultHttpRequest(decodeResult: success, version: HTTP/1.1)
POST /session/76b4780b5fefb45e2133125c5adc0ffb/element/f.B5D6EC8C5694FCBBF5093D8B92B75E26.d.53CCA49712BCFDDD08DFE9FBB273FC81.e.20/click HTTP/1.1
User-Agent: selenium/4.12.0 (java windows)
Content-Length: 88
Content-Type: application/json; charset=utf-8
host: localhost:32912
accept: */*

Response DefaultHttpResponse(decodeResult: success, version: HTTP/1.1)
HTTP/1.1 200 OK
Content-Length: 14
Content-Type: application/json; charset=utf-8
cache-control: no-cache

14:54:55.962 [AsyncHttpClient-1-2] DEBUG org.asynchttpclient.netty.channel.ChannelManager - Adding key: http://localhost:32912 for channel [id: 0x9685b241, L:/127.0.0.1:57927 - R:localhost/127.0.0.1:32912]
14:54:56.672 [AsyncHttpClient-1-1] DEBUG org.asynchttpclient.netty.channel.DefaultChannelPool - Entry count for : http://localhost:32912 : 1
14:54:56.672 [AsyncHttpClient-1-1] DEBUG org.asynchttpclient.netty.channel.DefaultChannelPool - Entry count for : http://localhost:57929 : 1
14:54:57.771 [AsyncHttpClient-1-1] DEBUG org.asynchttpclient.netty.channel.DefaultChannelPool - Entry count for : http://localhost:32912 : 1
14:54:57.771 [AsyncHttpClient-1-1] DEBUG org.asynchttpclient.netty.channel.DefaultChannelPool - Entry count for : http://localhost:57929 : 1
14:54:58.870 [AsyncHttpClient-1-1] DEBUG org.asynchttpclient.netty.channel.DefaultChannelPool - Entry count for : http://localhost:32912 : 1
14:54:58.870 [AsyncHttpClient-1-1] DEBUG org.asynchttpclient.netty.channel.DefaultChannelPool - Entry count for : http://localhost:57929 : 1
14:54:58.973 [Forwarding screenshot on session 76b4780b5fefb45e2133125c5adc0ffb to remote] DEBUG org.asynchttpclient.netty.request.NettyRequestSender - Using pooled Channel '[id: 0x9685b241, L:/127.0.0.1:57927 - R:localhost/127.0.0.1:32912]' for 'GET' to 'http://localhost:32912/session/76b4780b5fefb45e2133125c5adc0ffb/screenshot'
14:54:58.973 [Forwarding screenshot on session 76b4780b5fefb45e2133125c5adc0ffb to remote] DEBUG org.asynchttpclient.netty.request.NettyRequestSender - Using open Channel [id: 0x9685b241, L:/127.0.0.1:57927 - R:localhost/127.0.0.1:32912] for GET '/session/76b4780b5fefb45e2133125c5adc0ffb/screenshot'
14:54:59.159 [AsyncHttpClient-1-2] DEBUG org.asynchttpclient.netty.handler.HttpHandler - 

Request DefaultFullHttpRequest(decodeResult: success, version: HTTP/1.1, content: EmptyByteBufBE)
GET /session/76b4780b5fefb45e2133125c5adc0ffb/screenshot HTTP/1.1
Cache-Control: no-cache
User-Agent: selenium/4.12.0 (java windows)
Content-Type: application/json; charset=utf-8
host: localhost:32912
accept: */*

Response DefaultHttpResponse(decodeResult: success, version: HTTP/1.1)
HTTP/1.1 200 OK
Content-Length: 233672
Content-Type: application/json; charset=utf-8
cache-control: no-cache

14:54:59.164 [AsyncHttpClient-1-2] DEBUG org.asynchttpclient.netty.channel.ChannelManager - Adding key: http://localhost:32912 for channel [id: 0x9685b241, L:/127.0.0.1:57927 - R:localhost/127.0.0.1:32912]
  Given I am on dashboardfokisaj290@edectus.com and Fleet@123             # StepDefination.Customer_onboarding.I_am_on_dashboard(java.lang.String,java.lang.String)
14:54:59.242 [Forwarding findElement on session 76b4780b5fefb45e2133125c5adc0ffb to remote] DEBUG org.asynchttpclient.netty.request.NettyRequestSender - Using pooled Channel '[id: 0x9685b241, L:/127.0.0.1:57927 - R:localhost/127.0.0.1:32912]' for 'POST' to 'http://localhost:32912/session/76b4780b5fefb45e2133125c5adc0ffb/element'
14:54:59.243 [Forwarding findElement on session 76b4780b5fefb45e2133125c5adc0ffb to remote] DEBUG org.asynchttpclient.netty.request.NettyRequestSender - Using open Channel [id: 0x9685b241, L:/127.0.0.1:57927 - R:localhost/127.0.0.1:32912] for POST '/session/76b4780b5fefb45e2133125c5adc0ffb/element'
14:54:59.267 [AsyncHttpClient-1-2] DEBUG org.asynchttpclient.netty.handler.HttpHandler - 

Request DefaultHttpRequest(decodeResult: success, version: HTTP/1.1)
POST /session/76b4780b5fefb45e2133125c5adc0ffb/element HTTP/1.1
User-Agent: selenium/4.12.0 (java windows)
Content-Length: 127
Content-Type: application/json; charset=utf-8
host: localhost:32912
accept: */*

Response DefaultHttpResponse(decodeResult: success, version: HTTP/1.1)
HTTP/1.1 200 OK
Content-Length: 126
Content-Type: application/json; charset=utf-8
cache-control: no-cache

14:54:59.268 [AsyncHttpClient-1-2] DEBUG org.asynchttpclient.netty.channel.ChannelManager - Adding key: http://localhost:32912 for channel [id: 0x9685b241, L:/127.0.0.1:57927 - R:localhost/127.0.0.1:32912]
14:54:59.272 [Forwarding getElementText on session 76b4780b5fefb45e2133125c5adc0ffb to remote] DEBUG org.asynchttpclient.netty.request.NettyRequestSender - Using pooled Channel '[id: 0x9685b241, L:/127.0.0.1:57927 - R:localhost/127.0.0.1:32912]' for 'GET' to 'http://localhost:32912/session/76b4780b5fefb45e2133125c5adc0ffb/element/f.B5D6EC8C5694FCBBF5093D8B92B75E26.d.5141E45403B25B951BA30FEFE2AE2DC4.e.42/text'
14:54:59.272 [Forwarding getElementText on session 76b4780b5fefb45e2133125c5adc0ffb to remote] DEBUG org.asynchttpclient.netty.request.NettyRequestSender - Using open Channel [id: 0x9685b241, L:/127.0.0.1:57927 - R:localhost/127.0.0.1:32912] for GET '/session/76b4780b5fefb45e2133125c5adc0ffb/element/f.B5D6EC8C5694FCBBF5093D8B92B75E26.d.5141E45403B25B951BA30FEFE2AE2DC4.e.42/text'
14:54:59.292 [AsyncHttpClient-1-2] DEBUG org.asynchttpclient.netty.handler.HttpHandler - 

Request DefaultFullHttpRequest(decodeResult: success, version: HTTP/1.1, content: EmptyByteBufBE)
GET /session/76b4780b5fefb45e2133125c5adc0ffb/element/f.B5D6EC8C5694FCBBF5093D8B92B75E26.d.5141E45403B25B951BA30FEFE2AE2DC4.e.42/text HTTP/1.1
Cache-Control: no-cache
User-Agent: selenium/4.12.0 (java windows)
Content-Type: application/json; charset=utf-8
host: localhost:32912
accept: */*

Response DefaultHttpResponse(decodeResult: success, version: HTTP/1.1)
HTTP/1.1 200 OK
Content-Length: 21
Content-Type: application/json; charset=utf-8
cache-control: no-cache

14:54:59.293 [AsyncHttpClient-1-2] DEBUG org.asynchttpclient.netty.channel.ChannelManager - Adding key: http://localhost:32912 for channel [id: 0x9685b241, L:/127.0.0.1:57927 - R:localhost/127.0.0.1:32912]
14:54:59.296 [Forwarding findElement on session 76b4780b5fefb45e2133125c5adc0ffb to remote] DEBUG org.asynchttpclient.netty.request.NettyRequestSender - Using pooled Channel '[id: 0x9685b241, L:/127.0.0.1:57927 - R:localhost/127.0.0.1:32912]' for 'POST' to 'http://localhost:32912/session/76b4780b5fefb45e2133125c5adc0ffb/element'
14:54:59.297 [Forwarding findElement on session 76b4780b5fefb45e2133125c5adc0ffb to remote] DEBUG org.asynchttpclient.netty.request.NettyRequestSender - Using open Channel [id: 0x9685b241, L:/127.0.0.1:57927 - R:localhost/127.0.0.1:32912] for POST '/session/76b4780b5fefb45e2133125c5adc0ffb/element'
14:54:59.314 [AsyncHttpClient-1-2] DEBUG org.asynchttpclient.netty.handler.HttpHandler - 

Request DefaultHttpRequest(decodeResult: success, version: HTTP/1.1)
POST /session/76b4780b5fefb45e2133125c5adc0ffb/element HTTP/1.1
User-Agent: selenium/4.12.0 (java windows)
Content-Length: 127
Content-Type: application/json; charset=utf-8
host: localhost:32912
accept: */*

Response DefaultHttpResponse(decodeResult: success, version: HTTP/1.1)
HTTP/1.1 200 OK
Content-Length: 126
Content-Type: application/json; charset=utf-8
cache-control: no-cache

14:54:59.315 [AsyncHttpClient-1-2] DEBUG org.asynchttpclient.netty.channel.ChannelManager - Adding key: http://localhost:32912 for channel [id: 0x9685b241, L:/127.0.0.1:57927 - R:localhost/127.0.0.1:32912]
14:54:59.319 [Forwarding clickElement on session 76b4780b5fefb45e2133125c5adc0ffb to remote] DEBUG org.asynchttpclient.netty.request.NettyRequestSender - Using pooled Channel '[id: 0x9685b241, L:/127.0.0.1:57927 - R:localhost/127.0.0.1:32912]' for 'POST' to 'http://localhost:32912/session/76b4780b5fefb45e2133125c5adc0ffb/element/f.B5D6EC8C5694FCBBF5093D8B92B75E26.d.5141E45403B25B951BA30FEFE2AE2DC4.e.42/click'
14:54:59.319 [Forwarding clickElement on session 76b4780b5fefb45e2133125c5adc0ffb to remote] DEBUG org.asynchttpclient.netty.request.NettyRequestSender - Using open Channel [id: 0x9685b241, L:/127.0.0.1:57927 - R:localhost/127.0.0.1:32912] for POST '/session/76b4780b5fefb45e2133125c5adc0ffb/element/f.B5D6EC8C5694FCBBF5093D8B92B75E26.d.5141E45403B25B951BA30FEFE2AE2DC4.e.42/click'
14:54:59.455 [AsyncHttpClient-1-2] DEBUG org.asynchttpclient.netty.handler.HttpHandler - 

Request DefaultHttpRequest(decodeResult: success, version: HTTP/1.1)
POST /session/76b4780b5fefb45e2133125c5adc0ffb/element/f.B5D6EC8C5694FCBBF5093D8B92B75E26.d.5141E45403B25B951BA30FEFE2AE2DC4.e.42/click HTTP/1.1
User-Agent: selenium/4.12.0 (java windows)
Content-Length: 88
Content-Type: application/json; charset=utf-8
host: localhost:32912
accept: */*

Response DefaultHttpResponse(decodeResult: success, version: HTTP/1.1)
HTTP/1.1 200 OK
Content-Length: 14
Content-Type: application/json; charset=utf-8
cache-control: no-cache

14:54:59.456 [AsyncHttpClient-1-2] DEBUG org.asynchttpclient.netty.channel.ChannelManager - Adding key: http://localhost:32912 for channel [id: 0x9685b241, L:/127.0.0.1:57927 - R:localhost/127.0.0.1:32912]
14:54:59.976 [AsyncHttpClient-1-1] DEBUG org.asynchttpclient.netty.channel.DefaultChannelPool - Entry count for : http://localhost:32912 : 1
14:54:59.976 [AsyncHttpClient-1-1] DEBUG org.asynchttpclient.netty.channel.DefaultChannelPool - Entry count for : http://localhost:57929 : 1
14:55:01.081 [AsyncHttpClient-1-1] DEBUG org.asynchttpclient.netty.channel.DefaultChannelPool - Entry count for : http://localhost:32912 : 1
14:55:01.081 [AsyncHttpClient-1-1] DEBUG org.asynchttpclient.netty.channel.DefaultChannelPool - Entry count for : http://localhost:57929 : 1
14:55:01.474 [Forwarding screenshot on session 76b4780b5fefb45e2133125c5adc0ffb to remote] DEBUG org.asynchttpclient.netty.request.NettyRequestSender - Using pooled Channel '[id: 0x9685b241, L:/127.0.0.1:57927 - R:localhost/127.0.0.1:32912]' for 'GET' to 'http://localhost:32912/session/76b4780b5fefb45e2133125c5adc0ffb/screenshot'
14:55:01.474 [Forwarding screenshot on session 76b4780b5fefb45e2133125c5adc0ffb to remote] DEBUG org.asynchttpclient.netty.request.NettyRequestSender - Using open Channel [id: 0x9685b241, L:/127.0.0.1:57927 - R:localhost/127.0.0.1:32912] for GET '/session/76b4780b5fefb45e2133125c5adc0ffb/screenshot'
14:55:01.681 [AsyncHttpClient-1-2] DEBUG org.asynchttpclient.netty.handler.HttpHandler - 

Request DefaultFullHttpRequest(decodeResult: success, version: HTTP/1.1, content: EmptyByteBufBE)
GET /session/76b4780b5fefb45e2133125c5adc0ffb/screenshot HTTP/1.1
Cache-Control: no-cache
User-Agent: selenium/4.12.0 (java windows)
Content-Type: application/json; charset=utf-8
host: localhost:32912
accept: */*

Response DefaultHttpResponse(decodeResult: success, version: HTTP/1.1)
HTTP/1.1 200 OK
Content-Length: 280040
Content-Type: application/json; charset=utf-8
cache-control: no-cache

14:55:01.681 [AsyncHttpClient-1-2] DEBUG org.asynchttpclient.netty.channel.ChannelManager - Adding key: http://localhost:32912 for channel [id: 0x9685b241, L:/127.0.0.1:57927 - R:localhost/127.0.0.1:32912]
14:55:01.712 [Forwarding findElement on session 76b4780b5fefb45e2133125c5adc0ffb to remote] DEBUG org.asynchttpclient.netty.request.NettyRequestSender - Using pooled Channel '[id: 0x9685b241, L:/127.0.0.1:57927 - R:localhost/127.0.0.1:32912]' for 'POST' to 'http://localhost:32912/session/76b4780b5fefb45e2133125c5adc0ffb/element'
14:55:01.712 [Forwarding findElement on session 76b4780b5fefb45e2133125c5adc0ffb to remote] DEBUG org.asynchttpclient.netty.request.NettyRequestSender - Using open Channel [id: 0x9685b241, L:/127.0.0.1:57927 - R:localhost/127.0.0.1:32912] for POST '/session/76b4780b5fefb45e2133125c5adc0ffb/element'
14:55:01.743 [AsyncHttpClient-1-2] DEBUG org.asynchttpclient.netty.handler.HttpHandler - 

Request DefaultHttpRequest(decodeResult: success, version: HTTP/1.1)
POST /session/76b4780b5fefb45e2133125c5adc0ffb/element HTTP/1.1
User-Agent: selenium/4.12.0 (java windows)
Content-Length: 178
Content-Type: application/json; charset=utf-8
host: localhost:32912
accept: */*

Response DefaultHttpResponse(decodeResult: success, version: HTTP/1.1)
HTTP/1.1 200 OK
Content-Length: 126
Content-Type: application/json; charset=utf-8
cache-control: no-cache

14:55:01.743 [AsyncHttpClient-1-2] DEBUG org.asynchttpclient.netty.channel.ChannelManager - Adding key: http://localhost:32912 for channel [id: 0x9685b241, L:/127.0.0.1:57927 - R:localhost/127.0.0.1:32912]
14:55:01.743 [Forwarding getElementText on session 76b4780b5fefb45e2133125c5adc0ffb to remote] DEBUG org.asynchttpclient.netty.request.NettyRequestSender - Using pooled Channel '[id: 0x9685b241, L:/127.0.0.1:57927 - R:localhost/127.0.0.1:32912]' for 'GET' to 'http://localhost:32912/session/76b4780b5fefb45e2133125c5adc0ffb/element/f.B5D6EC8C5694FCBBF5093D8B92B75E26.d.5141E45403B25B951BA30FEFE2AE2DC4.e.48/text'
14:55:01.743 [Forwarding getElementText on session 76b4780b5fefb45e2133125c5adc0ffb to remote] DEBUG org.asynchttpclient.netty.request.NettyRequestSender - Using open Channel [id: 0x9685b241, L:/127.0.0.1:57927 - R:localhost/127.0.0.1:32912] for GET '/session/76b4780b5fefb45e2133125c5adc0ffb/element/f.B5D6EC8C5694FCBBF5093D8B92B75E26.d.5141E45403B25B951BA30FEFE2AE2DC4.e.48/text'
14:55:01.775 [AsyncHttpClient-1-2] DEBUG org.asynchttpclient.netty.handler.HttpHandler - 

Request DefaultFullHttpRequest(decodeResult: success, version: HTTP/1.1, content: EmptyByteBufBE)
GET /session/76b4780b5fefb45e2133125c5adc0ffb/element/f.B5D6EC8C5694FCBBF5093D8B92B75E26.d.5141E45403B25B951BA30FEFE2AE2DC4.e.48/text HTTP/1.1
Cache-Control: no-cache
User-Agent: selenium/4.12.0 (java windows)
Content-Type: application/json; charset=utf-8
host: localhost:32912
accept: */*

Response DefaultHttpResponse(decodeResult: success, version: HTTP/1.1)
HTTP/1.1 200 OK
Content-Length: 28
Content-Type: application/json; charset=utf-8
cache-control: no-cache

14:55:01.775 [AsyncHttpClient-1-2] DEBUG org.asynchttpclient.netty.channel.ChannelManager - Adding key: http://localhost:32912 for channel [id: 0x9685b241, L:/127.0.0.1:57927 - R:localhost/127.0.0.1:32912]
14:55:01.783 [Forwarding findElement on session 76b4780b5fefb45e2133125c5adc0ffb to remote] DEBUG org.asynchttpclient.netty.request.NettyRequestSender - Using pooled Channel '[id: 0x9685b241, L:/127.0.0.1:57927 - R:localhost/127.0.0.1:32912]' for 'POST' to 'http://localhost:32912/session/76b4780b5fefb45e2133125c5adc0ffb/element'
14:55:01.783 [Forwarding findElement on session 76b4780b5fefb45e2133125c5adc0ffb to remote] DEBUG org.asynchttpclient.netty.request.NettyRequestSender - Using open Channel [id: 0x9685b241, L:/127.0.0.1:57927 - R:localhost/127.0.0.1:32912] for POST '/session/76b4780b5fefb45e2133125c5adc0ffb/element'
14:55:01.807 [AsyncHttpClient-1-2] DEBUG org.asynchttpclient.netty.handler.HttpHandler - 

Request DefaultHttpRequest(decodeResult: success, version: HTTP/1.1)
POST /session/76b4780b5fefb45e2133125c5adc0ffb/element HTTP/1.1
User-Agent: selenium/4.12.0 (java windows)
Content-Length: 178
Content-Type: application/json; charset=utf-8
host: localhost:32912
accept: */*

Response DefaultHttpResponse(decodeResult: success, version: HTTP/1.1)
HTTP/1.1 200 OK
Content-Length: 126
Content-Type: application/json; charset=utf-8
cache-control: no-cache

14:55:01.807 [AsyncHttpClient-1-2] DEBUG org.asynchttpclient.netty.channel.ChannelManager - Adding key: http://localhost:32912 for channel [id: 0x9685b241, L:/127.0.0.1:57927 - R:localhost/127.0.0.1:32912]
14:55:01.807 [Forwarding clickElement on session 76b4780b5fefb45e2133125c5adc0ffb to remote] DEBUG org.asynchttpclient.netty.request.NettyRequestSender - Using pooled Channel '[id: 0x9685b241, L:/127.0.0.1:57927 - R:localhost/127.0.0.1:32912]' for 'POST' to 'http://localhost:32912/session/76b4780b5fefb45e2133125c5adc0ffb/element/f.B5D6EC8C5694FCBBF5093D8B92B75E26.d.5141E45403B25B951BA30FEFE2AE2DC4.e.48/click'
14:55:01.807 [Forwarding clickElement on session 76b4780b5fefb45e2133125c5adc0ffb to remote] DEBUG org.asynchttpclient.netty.request.NettyRequestSender - Using open Channel [id: 0x9685b241, L:/127.0.0.1:57927 - R:localhost/127.0.0.1:32912] for POST '/session/76b4780b5fefb45e2133125c5adc0ffb/element/f.B5D6EC8C5694FCBBF5093D8B92B75E26.d.5141E45403B25B951BA30FEFE2AE2DC4.e.48/click'
14:55:01.969 [AsyncHttpClient-1-2] DEBUG org.asynchttpclient.netty.handler.HttpHandler - 

Request DefaultHttpRequest(decodeResult: success, version: HTTP/1.1)
POST /session/76b4780b5fefb45e2133125c5adc0ffb/element/f.B5D6EC8C5694FCBBF5093D8B92B75E26.d.5141E45403B25B951BA30FEFE2AE2DC4.e.48/click HTTP/1.1
User-Agent: selenium/4.12.0 (java windows)
Content-Length: 88
Content-Type: application/json; charset=utf-8
host: localhost:32912
accept: */*

Response DefaultHttpResponse(decodeResult: success, version: HTTP/1.1)
HTTP/1.1 200 OK
Content-Length: 14
Content-Type: application/json; charset=utf-8
cache-control: no-cache

14:55:01.974 [AsyncHttpClient-1-2] DEBUG org.asynchttpclient.netty.channel.ChannelManager - Adding key: http://localhost:32912 for channel [id: 0x9685b241, L:/127.0.0.1:57927 - R:localhost/127.0.0.1:32912]
  When Open customer form                                                 # StepDefination.Customer_onboarding.Open_customer_form()
14:55:02.178 [AsyncHttpClient-1-1] DEBUG org.asynchttpclient.netty.channel.DefaultChannelPool - Entry count for : http://localhost:32912 : 1
14:55:02.178 [AsyncHttpClient-1-1] DEBUG org.asynchttpclient.netty.channel.DefaultChannelPool - Entry count for : http://localhost:57929 : 1
14:55:03.004 [Forwarding findElement on session 76b4780b5fefb45e2133125c5adc0ffb to remote] DEBUG org.asynchttpclient.netty.request.NettyRequestSender - Using pooled Channel '[id: 0x9685b241, L:/127.0.0.1:57927 - R:localhost/127.0.0.1:32912]' for 'POST' to 'http://localhost:32912/session/76b4780b5fefb45e2133125c5adc0ffb/element'
14:55:03.004 [Forwarding findElement on session 76b4780b5fefb45e2133125c5adc0ffb to remote] DEBUG org.asynchttpclient.netty.request.NettyRequestSender - Using open Channel [id: 0x9685b241, L:/127.0.0.1:57927 - R:localhost/127.0.0.1:32912] for POST '/session/76b4780b5fefb45e2133125c5adc0ffb/element'
14:55:03.097 [AsyncHttpClient-1-2] DEBUG org.asynchttpclient.netty.handler.HttpHandler - 

Request DefaultHttpRequest(decodeResult: success, version: HTTP/1.1)
POST /session/76b4780b5fefb45e2133125c5adc0ffb/element HTTP/1.1
User-Agent: selenium/4.12.0 (java windows)
Content-Length: 114
Content-Type: application/json; charset=utf-8
host: localhost:32912
accept: */*

Response DefaultHttpResponse(decodeResult: success, version: HTTP/1.1)
HTTP/1.1 200 OK
Content-Length: 126
Content-Type: application/json; charset=utf-8
cache-control: no-cache

14:55:03.097 [AsyncHttpClient-1-2] DEBUG org.asynchttpclient.netty.channel.ChannelManager - Adding key: http://localhost:32912 for channel [id: 0x9685b241, L:/127.0.0.1:57927 - R:localhost/127.0.0.1:32912]
14:55:03.113 [Forwarding sendKeysToElement on session 76b4780b5fefb45e2133125c5adc0ffb to remote] DEBUG org.asynchttpclient.netty.request.NettyRequestSender - Using pooled Channel '[id: 0x9685b241, L:/127.0.0.1:57927 - R:localhost/127.0.0.1:32912]' for 'POST' to 'http://localhost:32912/session/76b4780b5fefb45e2133125c5adc0ffb/element/f.B5D6EC8C5694FCBBF5093D8B92B75E26.d.5141E45403B25B951BA30FEFE2AE2DC4.e.52/value'
14:55:03.113 [Forwarding sendKeysToElement on session 76b4780b5fefb45e2133125c5adc0ffb to remote] DEBUG org.asynchttpclient.netty.request.NettyRequestSender - Using open Channel [id: 0x9685b241, L:/127.0.0.1:57927 - R:localhost/127.0.0.1:32912] for POST '/session/76b4780b5fefb45e2133125c5adc0ffb/element/f.B5D6EC8C5694FCBBF5093D8B92B75E26.d.5141E45403B25B951BA30FEFE2AE2DC4.e.52/value'
14:55:03.277 [AsyncHttpClient-1-1] DEBUG org.asynchttpclient.netty.channel.DefaultChannelPool - Entry count for : http://localhost:57929 : 1
14:55:03.388 [AsyncHttpClient-1-2] DEBUG org.asynchttpclient.netty.handler.HttpHandler - 

Request DefaultHttpRequest(decodeResult: success, version: HTTP/1.1)
POST /session/76b4780b5fefb45e2133125c5adc0ffb/element/f.B5D6EC8C5694FCBBF5093D8B92B75E26.d.5141E45403B25B951BA30FEFE2AE2DC4.e.52/value HTTP/1.1
User-Agent: selenium/4.12.0 (java windows)
Content-Length: 189
Content-Type: application/json; charset=utf-8
host: localhost:32912
accept: */*

Response DefaultHttpResponse(decodeResult: success, version: HTTP/1.1)
HTTP/1.1 200 OK
Content-Length: 14
Content-Type: application/json; charset=utf-8
cache-control: no-cache

14:55:03.388 [AsyncHttpClient-1-2] DEBUG org.asynchttpclient.netty.channel.ChannelManager - Adding key: http://localhost:32912 for channel [id: 0x9685b241, L:/127.0.0.1:57927 - R:localhost/127.0.0.1:32912]
14:55:03.391 [Forwarding findElement on session 76b4780b5fefb45e2133125c5adc0ffb to remote] DEBUG org.asynchttpclient.netty.request.NettyRequestSender - Using pooled Channel '[id: 0x9685b241, L:/127.0.0.1:57927 - R:localhost/127.0.0.1:32912]' for 'POST' to 'http://localhost:32912/session/76b4780b5fefb45e2133125c5adc0ffb/element'
14:55:03.391 [Forwarding findElement on session 76b4780b5fefb45e2133125c5adc0ffb to remote] DEBUG org.asynchttpclient.netty.request.NettyRequestSender - Using open Channel [id: 0x9685b241, L:/127.0.0.1:57927 - R:localhost/127.0.0.1:32912] for POST '/session/76b4780b5fefb45e2133125c5adc0ffb/element'
14:55:03.415 [AsyncHttpClient-1-2] DEBUG org.asynchttpclient.netty.handler.HttpHandler - 

Request DefaultHttpRequest(decodeResult: success, version: HTTP/1.1)
POST /session/76b4780b5fefb45e2133125c5adc0ffb/element HTTP/1.1
User-Agent: selenium/4.12.0 (java windows)
Content-Length: 87
Content-Type: application/json; charset=utf-8
host: localhost:32912
accept: */*

Response DefaultHttpResponse(decodeResult: success, version: HTTP/1.1)
HTTP/1.1 200 OK
Content-Length: 126
Content-Type: application/json; charset=utf-8
cache-control: no-cache

14:55:03.415 [AsyncHttpClient-1-2] DEBUG org.asynchttpclient.netty.channel.ChannelManager - Adding key: http://localhost:32912 for channel [id: 0x9685b241, L:/127.0.0.1:57927 - R:localhost/127.0.0.1:32912]
14:55:03.423 [Forwarding sendKeysToElement on session 76b4780b5fefb45e2133125c5adc0ffb to remote] DEBUG org.asynchttpclient.netty.request.NettyRequestSender - Using pooled Channel '[id: 0x9685b241, L:/127.0.0.1:57927 - R:localhost/127.0.0.1:32912]' for 'POST' to 'http://localhost:32912/session/76b4780b5fefb45e2133125c5adc0ffb/element/f.B5D6EC8C5694FCBBF5093D8B92B75E26.d.5141E45403B25B951BA30FEFE2AE2DC4.e.54/value'
14:55:03.423 [Forwarding sendKeysToElement on session 76b4780b5fefb45e2133125c5adc0ffb to remote] DEBUG org.asynchttpclient.netty.request.NettyRequestSender - Using open Channel [id: 0x9685b241, L:/127.0.0.1:57927 - R:localhost/127.0.0.1:32912] for POST '/session/76b4780b5fefb45e2133125c5adc0ffb/element/f.B5D6EC8C5694FCBBF5093D8B92B75E26.d.5141E45403B25B951BA30FEFE2AE2DC4.e.54/value'
14:55:03.634 [AsyncHttpClient-1-2] DEBUG org.asynchttpclient.netty.handler.HttpHandler - 

Request DefaultHttpRequest(decodeResult: success, version: HTTP/1.1)
POST /session/76b4780b5fefb45e2133125c5adc0ffb/element/f.B5D6EC8C5694FCBBF5093D8B92B75E26.d.5141E45403B25B951BA30FEFE2AE2DC4.e.54/value HTTP/1.1
User-Agent: selenium/4.12.0 (java windows)
Content-Length: 179
Content-Type: application/json; charset=utf-8
host: localhost:32912
accept: */*

Response DefaultHttpResponse(decodeResult: success, version: HTTP/1.1)
HTTP/1.1 200 OK
Content-Length: 14
Content-Type: application/json; charset=utf-8
cache-control: no-cache

14:55:03.634 [AsyncHttpClient-1-2] DEBUG org.asynchttpclient.netty.channel.ChannelManager - Adding key: http://localhost:32912 for channel [id: 0x9685b241, L:/127.0.0.1:57927 - R:localhost/127.0.0.1:32912]
14:55:03.634 [Forwarding findElement on session 76b4780b5fefb45e2133125c5adc0ffb to remote] DEBUG org.asynchttpclient.netty.request.NettyRequestSender - Using pooled Channel '[id: 0x9685b241, L:/127.0.0.1:57927 - R:localhost/127.0.0.1:32912]' for 'POST' to 'http://localhost:32912/session/76b4780b5fefb45e2133125c5adc0ffb/element'
14:55:03.634 [Forwarding findElement on session 76b4780b5fefb45e2133125c5adc0ffb to remote] DEBUG org.asynchttpclient.netty.request.NettyRequestSender - Using open Channel [id: 0x9685b241, L:/127.0.0.1:57927 - R:localhost/127.0.0.1:32912] for POST '/session/76b4780b5fefb45e2133125c5adc0ffb/element'
14:55:03.665 [AsyncHttpClient-1-2] DEBUG org.asynchttpclient.netty.handler.HttpHandler - 

Request DefaultHttpRequest(decodeResult: success, version: HTTP/1.1)
POST /session/76b4780b5fefb45e2133125c5adc0ffb/element HTTP/1.1
User-Agent: selenium/4.12.0 (java windows)
Content-Length: 96
Content-Type: application/json; charset=utf-8
host: localhost:32912
accept: */*

Response DefaultHttpResponse(decodeResult: success, version: HTTP/1.1)
HTTP/1.1 200 OK
Content-Length: 126
Content-Type: application/json; charset=utf-8
cache-control: no-cache

14:55:03.665 [AsyncHttpClient-1-2] DEBUG org.asynchttpclient.netty.channel.ChannelManager - Adding key: http://localhost:32912 for channel [id: 0x9685b241, L:/127.0.0.1:57927 - R:localhost/127.0.0.1:32912]
14:55:03.665 [Forwarding sendKeysToElement on session 76b4780b5fefb45e2133125c5adc0ffb to remote] DEBUG org.asynchttpclient.netty.request.NettyRequestSender - Using pooled Channel '[id: 0x9685b241, L:/127.0.0.1:57927 - R:localhost/127.0.0.1:32912]' for 'POST' to 'http://localhost:32912/session/76b4780b5fefb45e2133125c5adc0ffb/element/f.B5D6EC8C5694FCBBF5093D8B92B75E26.d.5141E45403B25B951BA30FEFE2AE2DC4.e.55/value'
14:55:03.665 [Forwarding sendKeysToElement on session 76b4780b5fefb45e2133125c5adc0ffb to remote] DEBUG org.asynchttpclient.netty.request.NettyRequestSender - Using open Channel [id: 0x9685b241, L:/127.0.0.1:57927 - R:localhost/127.0.0.1:32912] for POST '/session/76b4780b5fefb45e2133125c5adc0ffb/element/f.B5D6EC8C5694FCBBF5093D8B92B75E26.d.5141E45403B25B951BA30FEFE2AE2DC4.e.55/value'
14:55:03.983 [AsyncHttpClient-1-2] DEBUG org.asynchttpclient.netty.handler.HttpHandler - 

Request DefaultHttpRequest(decodeResult: success, version: HTTP/1.1)
POST /session/76b4780b5fefb45e2133125c5adc0ffb/element/f.B5D6EC8C5694FCBBF5093D8B92B75E26.d.5141E45403B25B951BA30FEFE2AE2DC4.e.55/value HTTP/1.1
User-Agent: selenium/4.12.0 (java windows)
Content-Length: 229
Content-Type: application/json; charset=utf-8
host: localhost:32912
accept: */*

Response DefaultHttpResponse(decodeResult: success, version: HTTP/1.1)
HTTP/1.1 200 OK
Content-Length: 14
Content-Type: application/json; charset=utf-8
cache-control: no-cache

14:55:03.983 [AsyncHttpClient-1-2] DEBUG org.asynchttpclient.netty.channel.ChannelManager - Adding key: http://localhost:32912 for channel [id: 0x9685b241, L:/127.0.0.1:57927 - R:localhost/127.0.0.1:32912]
14:55:03.983 [Forwarding findElement on session 76b4780b5fefb45e2133125c5adc0ffb to remote] DEBUG org.asynchttpclient.netty.request.NettyRequestSender - Using pooled Channel '[id: 0x9685b241, L:/127.0.0.1:57927 - R:localhost/127.0.0.1:32912]' for 'POST' to 'http://localhost:32912/session/76b4780b5fefb45e2133125c5adc0ffb/element'
14:55:03.989 [Forwarding findElement on session 76b4780b5fefb45e2133125c5adc0ffb to remote] DEBUG org.asynchttpclient.netty.request.NettyRequestSender - Using open Channel [id: 0x9685b241, L:/127.0.0.1:57927 - R:localhost/127.0.0.1:32912] for POST '/session/76b4780b5fefb45e2133125c5adc0ffb/element'
14:55:04.014 [AsyncHttpClient-1-2] DEBUG org.asynchttpclient.netty.handler.HttpHandler - 

Request DefaultHttpRequest(decodeResult: success, version: HTTP/1.1)
POST /session/76b4780b5fefb45e2133125c5adc0ffb/element HTTP/1.1
User-Agent: selenium/4.12.0 (java windows)
Content-Length: 84
Content-Type: application/json; charset=utf-8
host: localhost:32912
accept: */*

Response DefaultHttpResponse(decodeResult: success, version: HTTP/1.1)
HTTP/1.1 200 OK
Content-Length: 126
Content-Type: application/json; charset=utf-8
cache-control: no-cache

14:55:04.014 [AsyncHttpClient-1-2] DEBUG org.asynchttpclient.netty.channel.ChannelManager - Adding key: http://localhost:32912 for channel [id: 0x9685b241, L:/127.0.0.1:57927 - R:localhost/127.0.0.1:32912]
14:55:04.014 [Forwarding sendKeysToElement on session 76b4780b5fefb45e2133125c5adc0ffb to remote] DEBUG org.asynchttpclient.netty.request.NettyRequestSender - Using pooled Channel '[id: 0x9685b241, L:/127.0.0.1:57927 - R:localhost/127.0.0.1:32912]' for 'POST' to 'http://localhost:32912/session/76b4780b5fefb45e2133125c5adc0ffb/element/f.B5D6EC8C5694FCBBF5093D8B92B75E26.d.5141E45403B25B951BA30FEFE2AE2DC4.e.56/value'
14:55:04.014 [Forwarding sendKeysToElement on session 76b4780b5fefb45e2133125c5adc0ffb to remote] DEBUG org.asynchttpclient.netty.request.NettyRequestSender - Using open Channel [id: 0x9685b241, L:/127.0.0.1:57927 - R:localhost/127.0.0.1:32912] for POST '/session/76b4780b5fefb45e2133125c5adc0ffb/element/f.B5D6EC8C5694FCBBF5093D8B92B75E26.d.5141E45403B25B951BA30FEFE2AE2DC4.e.56/value'
14:55:04.313 [AsyncHttpClient-1-2] DEBUG org.asynchttpclient.netty.handler.HttpHandler - 

Request DefaultHttpRequest(decodeResult: success, version: HTTP/1.1)
POST /session/76b4780b5fefb45e2133125c5adc0ffb/element/f.B5D6EC8C5694FCBBF5093D8B92B75E26.d.5141E45403B25B951BA30FEFE2AE2DC4.e.56/value HTTP/1.1
User-Agent: selenium/4.12.0 (java windows)
Content-Length: 249
Content-Type: application/json; charset=utf-8
host: localhost:32912
accept: */*

Response DefaultHttpResponse(decodeResult: success, version: HTTP/1.1)
HTTP/1.1 200 OK
Content-Length: 14
Content-Type: application/json; charset=utf-8
cache-control: no-cache

14:55:04.316 [AsyncHttpClient-1-2] DEBUG org.asynchttpclient.netty.channel.ChannelManager - Adding key: http://localhost:32912 for channel [id: 0x9685b241, L:/127.0.0.1:57927 - R:localhost/127.0.0.1:32912]
14:55:04.378 [AsyncHttpClient-1-1] DEBUG org.asynchttpclient.netty.channel.DefaultChannelPool - Entry count for : http://localhost:32912 : 1
14:55:04.378 [AsyncHttpClient-1-1] DEBUG org.asynchttpclient.netty.channel.DefaultChannelPool - Entry count for : http://localhost:57929 : 1
14:55:05.330 [Forwarding screenshot on session 76b4780b5fefb45e2133125c5adc0ffb to remote] DEBUG org.asynchttpclient.netty.request.NettyRequestSender - Using pooled Channel '[id: 0x9685b241, L:/127.0.0.1:57927 - R:localhost/127.0.0.1:32912]' for 'GET' to 'http://localhost:32912/session/76b4780b5fefb45e2133125c5adc0ffb/screenshot'
14:55:05.330 [Forwarding screenshot on session 76b4780b5fefb45e2133125c5adc0ffb to remote] DEBUG org.asynchttpclient.netty.request.NettyRequestSender - Using open Channel [id: 0x9685b241, L:/127.0.0.1:57927 - R:localhost/127.0.0.1:32912] for GET '/session/76b4780b5fefb45e2133125c5adc0ffb/screenshot'
14:55:05.491 [AsyncHttpClient-1-1] DEBUG org.asynchttpclient.netty.channel.DefaultChannelPool - Entry count for : http://localhost:57929 : 1
14:55:05.582 [AsyncHttpClient-1-2] DEBUG org.asynchttpclient.netty.handler.HttpHandler - 

Request DefaultFullHttpRequest(decodeResult: success, version: HTTP/1.1, content: EmptyByteBufBE)
GET /session/76b4780b5fefb45e2133125c5adc0ffb/screenshot HTTP/1.1
Cache-Control: no-cache
User-Agent: selenium/4.12.0 (java windows)
Content-Type: application/json; charset=utf-8
host: localhost:32912
accept: */*

Response DefaultHttpResponse(decodeResult: success, version: HTTP/1.1)
HTTP/1.1 200 OK
Content-Length: 324172
Content-Type: application/json; charset=utf-8
cache-control: no-cache

14:55:05.582 [AsyncHttpClient-1-2] DEBUG org.asynchttpclient.netty.channel.ChannelManager - Adding key: http://localhost:32912 for channel [id: 0x9685b241, L:/127.0.0.1:57927 - R:localhost/127.0.0.1:32912]
  And Provide the company DetailsWalMart 447788 Sara_Sharma www.royal.com # StepDefination.Customer_onboarding.Provide_the_customer_Details(java.lang.String,java.lang.String,java.lang.String,java.lang.String)
14:55:06.582 [AsyncHttpClient-1-1] DEBUG org.asynchttpclient.netty.channel.DefaultChannelPool - Entry count for : http://localhost:32912 : 1
14:55:06.582 [AsyncHttpClient-1-1] DEBUG org.asynchttpclient.netty.channel.DefaultChannelPool - Entry count for : http://localhost:57929 : 1
14:55:06.629 [Forwarding findElement on session 76b4780b5fefb45e2133125c5adc0ffb to remote] DEBUG org.asynchttpclient.netty.request.NettyRequestSender - Using pooled Channel '[id: 0x9685b241, L:/127.0.0.1:57927 - R:localhost/127.0.0.1:32912]' for 'POST' to 'http://localhost:32912/session/76b4780b5fefb45e2133125c5adc0ffb/element'
14:55:06.632 [Forwarding findElement on session 76b4780b5fefb45e2133125c5adc0ffb to remote] DEBUG org.asynchttpclient.netty.request.NettyRequestSender - Using open Channel [id: 0x9685b241, L:/127.0.0.1:57927 - R:localhost/127.0.0.1:32912] for POST '/session/76b4780b5fefb45e2133125c5adc0ffb/element'
14:55:06.646 [AsyncHttpClient-1-2] DEBUG org.asynchttpclient.netty.handler.HttpHandler - 

Request DefaultHttpRequest(decodeResult: success, version: HTTP/1.1)
POST /session/76b4780b5fefb45e2133125c5adc0ffb/element HTTP/1.1
User-Agent: selenium/4.12.0 (java windows)
Content-Length: 82
Content-Type: application/json; charset=utf-8
host: localhost:32912
accept: */*

Response DefaultHttpResponse(decodeResult: success, version: HTTP/1.1)
HTTP/1.1 200 OK
Content-Length: 126
Content-Type: application/json; charset=utf-8
cache-control: no-cache

14:55:06.646 [AsyncHttpClient-1-2] DEBUG org.asynchttpclient.netty.channel.ChannelManager - Adding key: http://localhost:32912 for channel [id: 0x9685b241, L:/127.0.0.1:57927 - R:localhost/127.0.0.1:32912]
14:55:06.646 [Forwarding sendKeysToElement on session 76b4780b5fefb45e2133125c5adc0ffb to remote] DEBUG org.asynchttpclient.netty.request.NettyRequestSender - Using pooled Channel '[id: 0x9685b241, L:/127.0.0.1:57927 - R:localhost/127.0.0.1:32912]' for 'POST' to 'http://localhost:32912/session/76b4780b5fefb45e2133125c5adc0ffb/element/f.B5D6EC8C5694FCBBF5093D8B92B75E26.d.5141E45403B25B951BA30FEFE2AE2DC4.e.57/value'
14:55:06.646 [Forwarding sendKeysToElement on session 76b4780b5fefb45e2133125c5adc0ffb to remote] DEBUG org.asynchttpclient.netty.request.NettyRequestSender - Using open Channel [id: 0x9685b241, L:/127.0.0.1:57927 - R:localhost/127.0.0.1:32912] for POST '/session/76b4780b5fefb45e2133125c5adc0ffb/element/f.B5D6EC8C5694FCBBF5093D8B92B75E26.d.5141E45403B25B951BA30FEFE2AE2DC4.e.57/value'
14:55:06.867 [AsyncHttpClient-1-2] DEBUG org.asynchttpclient.netty.handler.HttpHandler - 

Request DefaultHttpRequest(decodeResult: success, version: HTTP/1.1)
POST /session/76b4780b5fefb45e2133125c5adc0ffb/element/f.B5D6EC8C5694FCBBF5093D8B92B75E26.d.5141E45403B25B951BA30FEFE2AE2DC4.e.57/value HTTP/1.1
User-Agent: selenium/4.12.0 (java windows)
Content-Length: 259
Content-Type: application/json; charset=utf-8
host: localhost:32912
accept: */*

Response DefaultHttpResponse(decodeResult: success, version: HTTP/1.1)
HTTP/1.1 200 OK
Content-Length: 14
Content-Type: application/json; charset=utf-8
cache-control: no-cache

14:55:06.867 [AsyncHttpClient-1-2] DEBUG org.asynchttpclient.netty.channel.ChannelManager - Adding key: http://localhost:32912 for channel [id: 0x9685b241, L:/127.0.0.1:57927 - R:localhost/127.0.0.1:32912]
14:55:06.868 [Forwarding findElement on session 76b4780b5fefb45e2133125c5adc0ffb to remote] DEBUG org.asynchttpclient.netty.request.NettyRequestSender - Using pooled Channel '[id: 0x9685b241, L:/127.0.0.1:57927 - R:localhost/127.0.0.1:32912]' for 'POST' to 'http://localhost:32912/session/76b4780b5fefb45e2133125c5adc0ffb/element'
14:55:06.868 [Forwarding findElement on session 76b4780b5fefb45e2133125c5adc0ffb to remote] DEBUG org.asynchttpclient.netty.request.NettyRequestSender - Using open Channel [id: 0x9685b241, L:/127.0.0.1:57927 - R:localhost/127.0.0.1:32912] for POST '/session/76b4780b5fefb45e2133125c5adc0ffb/element'
14:55:06.887 [AsyncHttpClient-1-2] DEBUG org.asynchttpclient.netty.handler.HttpHandler - 

Request DefaultHttpRequest(decodeResult: success, version: HTTP/1.1)
POST /session/76b4780b5fefb45e2133125c5adc0ffb/element HTTP/1.1
User-Agent: selenium/4.12.0 (java windows)
Content-Length: 89
Content-Type: application/json; charset=utf-8
host: localhost:32912
accept: */*

Response DefaultHttpResponse(decodeResult: success, version: HTTP/1.1)
HTTP/1.1 200 OK
Content-Length: 126
Content-Type: application/json; charset=utf-8
cache-control: no-cache

14:55:06.887 [AsyncHttpClient-1-2] DEBUG org.asynchttpclient.netty.channel.ChannelManager - Adding key: http://localhost:32912 for channel [id: 0x9685b241, L:/127.0.0.1:57927 - R:localhost/127.0.0.1:32912]
14:55:06.894 [Forwarding sendKeysToElement on session 76b4780b5fefb45e2133125c5adc0ffb to remote] DEBUG org.asynchttpclient.netty.request.NettyRequestSender - Using pooled Channel '[id: 0x9685b241, L:/127.0.0.1:57927 - R:localhost/127.0.0.1:32912]' for 'POST' to 'http://localhost:32912/session/76b4780b5fefb45e2133125c5adc0ffb/element/f.B5D6EC8C5694FCBBF5093D8B92B75E26.d.5141E45403B25B951BA30FEFE2AE2DC4.e.59/value'
14:55:06.894 [Forwarding sendKeysToElement on session 76b4780b5fefb45e2133125c5adc0ffb to remote] DEBUG org.asynchttpclient.netty.request.NettyRequestSender - Using open Channel [id: 0x9685b241, L:/127.0.0.1:57927 - R:localhost/127.0.0.1:32912] for POST '/session/76b4780b5fefb45e2133125c5adc0ffb/element/f.B5D6EC8C5694FCBBF5093D8B92B75E26.d.5141E45403B25B951BA30FEFE2AE2DC4.e.59/value'
14:55:07.098 [AsyncHttpClient-1-2] DEBUG org.asynchttpclient.netty.handler.HttpHandler - 

Request DefaultHttpRequest(decodeResult: success, version: HTTP/1.1)
POST /session/76b4780b5fefb45e2133125c5adc0ffb/element/f.B5D6EC8C5694FCBBF5093D8B92B75E26.d.5141E45403B25B951BA30FEFE2AE2DC4.e.59/value HTTP/1.1
User-Agent: selenium/4.12.0 (java windows)
Content-Length: 219
Content-Type: application/json; charset=utf-8
host: localhost:32912
accept: */*

Response DefaultHttpResponse(decodeResult: success, version: HTTP/1.1)
HTTP/1.1 200 OK
Content-Length: 14
Content-Type: application/json; charset=utf-8
cache-control: no-cache

14:55:07.098 [AsyncHttpClient-1-2] DEBUG org.asynchttpclient.netty.channel.ChannelManager - Adding key: http://localhost:32912 for channel [id: 0x9685b241, L:/127.0.0.1:57927 - R:localhost/127.0.0.1:32912]
14:55:07.104 [Forwarding screenshot on session 76b4780b5fefb45e2133125c5adc0ffb to remote] DEBUG org.asynchttpclient.netty.request.NettyRequestSender - Using pooled Channel '[id: 0x9685b241, L:/127.0.0.1:57927 - R:localhost/127.0.0.1:32912]' for 'GET' to 'http://localhost:32912/session/76b4780b5fefb45e2133125c5adc0ffb/screenshot'
14:55:07.104 [Forwarding screenshot on session 76b4780b5fefb45e2133125c5adc0ffb to remote] DEBUG org.asynchttpclient.netty.request.NettyRequestSender - Using open Channel [id: 0x9685b241, L:/127.0.0.1:57927 - R:localhost/127.0.0.1:32912] for GET '/session/76b4780b5fefb45e2133125c5adc0ffb/screenshot'
14:55:07.298 [AsyncHttpClient-1-2] DEBUG org.asynchttpclient.netty.handler.HttpHandler - 

Request DefaultFullHttpRequest(decodeResult: success, version: HTTP/1.1, content: EmptyByteBufBE)
GET /session/76b4780b5fefb45e2133125c5adc0ffb/screenshot HTTP/1.1
Cache-Control: no-cache
User-Agent: selenium/4.12.0 (java windows)
Content-Type: application/json; charset=utf-8
host: localhost:32912
accept: */*

Response DefaultHttpResponse(decodeResult: success, version: HTTP/1.1)
HTTP/1.1 200 OK
Content-Length: 331284
Content-Type: application/json; charset=utf-8
cache-control: no-cache

14:55:07.298 [AsyncHttpClient-1-2] DEBUG org.asynchttpclient.netty.channel.ChannelManager - Adding key: http://localhost:32912 for channel [id: 0x9685b241, L:/127.0.0.1:57927 - R:localhost/127.0.0.1:32912]
  And Provide the contact Details9865768576 royal@mail.com                # StepDefination.Customer_onboarding.Provide_the_contact_Details(java.lang.String,java.lang.String)
14:55:07.670 [AsyncHttpClient-1-1] DEBUG org.asynchttpclient.netty.channel.DefaultChannelPool - Entry count for : http://localhost:32912 : 1
14:55:07.671 [AsyncHttpClient-1-1] DEBUG org.asynchttpclient.netty.channel.DefaultChannelPool - Entry count for : http://localhost:57929 : 1
14:55:08.357 [Forwarding findElement on session 76b4780b5fefb45e2133125c5adc0ffb to remote] DEBUG org.asynchttpclient.netty.request.NettyRequestSender - Using pooled Channel '[id: 0x9685b241, L:/127.0.0.1:57927 - R:localhost/127.0.0.1:32912]' for 'POST' to 'http://localhost:32912/session/76b4780b5fefb45e2133125c5adc0ffb/element'
14:55:08.357 [Forwarding findElement on session 76b4780b5fefb45e2133125c5adc0ffb to remote] DEBUG org.asynchttpclient.netty.request.NettyRequestSender - Using open Channel [id: 0x9685b241, L:/127.0.0.1:57927 - R:localhost/127.0.0.1:32912] for POST '/session/76b4780b5fefb45e2133125c5adc0ffb/element'
14:55:08.376 [AsyncHttpClient-1-2] DEBUG org.asynchttpclient.netty.handler.HttpHandler - 

Request DefaultHttpRequest(decodeResult: success, version: HTTP/1.1)
POST /session/76b4780b5fefb45e2133125c5adc0ffb/element HTTP/1.1
User-Agent: selenium/4.12.0 (java windows)
Content-Length: 94
Content-Type: application/json; charset=utf-8
host: localhost:32912
accept: */*

Response DefaultHttpResponse(decodeResult: success, version: HTTP/1.1)
HTTP/1.1 200 OK
Content-Length: 126
Content-Type: application/json; charset=utf-8
cache-control: no-cache

14:55:08.376 [AsyncHttpClient-1-2] DEBUG org.asynchttpclient.netty.channel.ChannelManager - Adding key: http://localhost:32912 for channel [id: 0x9685b241, L:/127.0.0.1:57927 - R:localhost/127.0.0.1:32912]
14:55:08.376 [Forwarding sendKeysToElement on session 76b4780b5fefb45e2133125c5adc0ffb to remote] DEBUG org.asynchttpclient.netty.request.NettyRequestSender - Using pooled Channel '[id: 0x9685b241, L:/127.0.0.1:57927 - R:localhost/127.0.0.1:32912]' for 'POST' to 'http://localhost:32912/session/76b4780b5fefb45e2133125c5adc0ffb/element/f.B5D6EC8C5694FCBBF5093D8B92B75E26.d.5141E45403B25B951BA30FEFE2AE2DC4.e.58/value'
14:55:08.376 [Forwarding sendKeysToElement on session 76b4780b5fefb45e2133125c5adc0ffb to remote] DEBUG org.asynchttpclient.netty.request.NettyRequestSender - Using open Channel [id: 0x9685b241, L:/127.0.0.1:57927 - R:localhost/127.0.0.1:32912] for POST '/session/76b4780b5fefb45e2133125c5adc0ffb/element/f.B5D6EC8C5694FCBBF5093D8B92B75E26.d.5141E45403B25B951BA30FEFE2AE2DC4.e.58/value'
14:55:08.585 [AsyncHttpClient-1-2] DEBUG org.asynchttpclient.netty.handler.HttpHandler - 

Request DefaultHttpRequest(decodeResult: success, version: HTTP/1.1)
POST /session/76b4780b5fefb45e2133125c5adc0ffb/element/f.B5D6EC8C5694FCBBF5093D8B92B75E26.d.5141E45403B25B951BA30FEFE2AE2DC4.e.58/value HTTP/1.1
User-Agent: selenium/4.12.0 (java windows)
Content-Length: 239
Content-Type: application/json; charset=utf-8
host: localhost:32912
accept: */*

[...]
User-Agent: selenium/4.12.0 (java windows)
Content-Length: 3
Content-Type: application/json; charset=utf-8
host: localhost:8188
accept: */*

Response DefaultHttpResponse(decodeResult: success, version: HTTP/1.1)
HTTP/1.1 200 OK
Content-Length: 51
Content-Type: application/json; charset=utf-8
cache-control: no-cache

15:01:33.197 [AsyncHttpClient-1-2] DEBUG org.asynchttpclient.netty.channel.ChannelManager - Adding key: http://localhost:8188 for channel [id: 0x7e7fae99, L:/127.0.0.1:58419 - R:localhost/127.0.0.1:8188]
  Given I have login panel-test                  # StepDefination.Signin.I_have_login_panel()
15:01:33.201 [Forwarding findElement on session e7854568496515f9a84744633e7cd494 to remote] DEBUG org.asynchttpclient.netty.request.NettyRequestSender - Using pooled Channel '[id: 0x7e7fae99, L:/127.0.0.1:58419 - R:localhost/127.0.0.1:8188]' for 'POST' to 'http://localhost:8188/session/e7854568496515f9a84744633e7cd494/element'
15:01:33.201 [Forwarding findElement on session e7854568496515f9a84744633e7cd494 to remote] DEBUG org.asynchttpclient.netty.request.NettyRequestSender - Using open Channel [id: 0x7e7fae99, L:/127.0.0.1:58419 - R:localhost/127.0.0.1:8188] for POST '/session/e7854568496515f9a84744633e7cd494/element'
15:01:33.227 [AsyncHttpClient-1-2] DEBUG org.asynchttpclient.netty.handler.HttpHandler - 

Request DefaultHttpRequest(decodeResult: success, version: HTTP/1.1)
POST /session/e7854568496515f9a84744633e7cd494/element HTTP/1.1
User-Agent: selenium/4.12.0 (java windows)
Content-Length: 69
Content-Type: application/json; charset=utf-8
host: localhost:8188
accept: */*

Response DefaultHttpResponse(decodeResult: success, version: HTTP/1.1)
HTTP/1.1 200 OK
Content-Length: 125
Content-Type: application/json; charset=utf-8
cache-control: no-cache

15:01:33.227 [AsyncHttpClient-1-2] DEBUG org.asynchttpclient.netty.channel.ChannelManager - Adding key: http://localhost:8188 for channel [id: 0x7e7fae99, L:/127.0.0.1:58419 - R:localhost/127.0.0.1:8188]
15:01:33.228 [Forwarding sendKeysToElement on session e7854568496515f9a84744633e7cd494 to remote] DEBUG org.asynchttpclient.netty.request.NettyRequestSender - Using pooled Channel '[id: 0x7e7fae99, L:/127.0.0.1:58419 - R:localhost/127.0.0.1:8188]' for 'POST' to 'http://localhost:8188/session/e7854568496515f9a84744633e7cd494/element/f.A73C26E5C160B399FD3302E3CBBD06FE.d.8406FD0387F5B85587D1DDA0DA867D70.e.4/value'
15:01:33.228 [Forwarding sendKeysToElement on session e7854568496515f9a84744633e7cd494 to remote] DEBUG org.asynchttpclient.netty.request.NettyRequestSender - Using open Channel [id: 0x7e7fae99, L:/127.0.0.1:58419 - R:localhost/127.0.0.1:8188] for POST '/session/e7854568496515f9a84744633e7cd494/element/f.A73C26E5C160B399FD3302E3CBBD06FE.d.8406FD0387F5B85587D1DDA0DA867D70.e.4/value'
15:01:33.377 [AsyncHttpClient-1-2] DEBUG org.asynchttpclient.netty.handler.HttpHandler - 

Request DefaultHttpRequest(decodeResult: success, version: HTTP/1.1)
POST /session/e7854568496515f9a84744633e7cd494/element/f.A73C26E5C160B399FD3302E3CBBD06FE.d.8406FD0387F5B85587D1DDA0DA867D70.e.4/value HTTP/1.1
User-Agent: selenium/4.12.0 (java windows)
Content-Length: 218
Content-Type: application/json; charset=utf-8
host: localhost:8188
accept: */*

Response DefaultHttpResponse(decodeResult: success, version: HTTP/1.1)
HTTP/1.1 200 OK
Content-Length: 14
Content-Type: application/json; charset=utf-8
cache-control: no-cache

15:01:33.378 [AsyncHttpClient-1-2] DEBUG org.asynchttpclient.netty.channel.ChannelManager - Adding key: http://localhost:8188 for channel [id: 0x7e7fae99, L:/127.0.0.1:58419 - R:localhost/127.0.0.1:8188]
15:01:33.379 [Forwarding findElement on session e7854568496515f9a84744633e7cd494 to remote] DEBUG org.asynchttpclient.netty.request.NettyRequestSender - Using pooled Channel '[id: 0x7e7fae99, L:/127.0.0.1:58419 - R:localhost/127.0.0.1:8188]' for 'POST' to 'http://localhost:8188/session/e7854568496515f9a84744633e7cd494/element'
15:01:33.379 [Forwarding findElement on session e7854568496515f9a84744633e7cd494 to remote] DEBUG org.asynchttpclient.netty.request.NettyRequestSender - Using open Channel [id: 0x7e7fae99, L:/127.0.0.1:58419 - R:localhost/127.0.0.1:8188] for POST '/session/e7854568496515f9a84744633e7cd494/element'
15:01:33.396 [AsyncHttpClient-1-2] DEBUG org.asynchttpclient.netty.handler.HttpHandler - 

Request DefaultHttpRequest(decodeResult: success, version: HTTP/1.1)
POST /session/e7854568496515f9a84744633e7cd494/element HTTP/1.1
User-Agent: selenium/4.12.0 (java windows)
Content-Length: 72
Content-Type: application/json; charset=utf-8
host: localhost:8188
accept: */*

Response DefaultHttpResponse(decodeResult: success, version: HTTP/1.1)
HTTP/1.1 200 OK
Content-Length: 125
Content-Type: application/json; charset=utf-8
cache-control: no-cache

15:01:33.398 [AsyncHttpClient-1-2] DEBUG org.asynchttpclient.netty.channel.ChannelManager - Adding key: http://localhost:8188 for channel [id: 0x7e7fae99, L:/127.0.0.1:58419 - R:localhost/127.0.0.1:8188]
15:01:33.400 [Forwarding sendKeysToElement on session e7854568496515f9a84744633e7cd494 to remote] DEBUG org.asynchttpclient.netty.request.NettyRequestSender - Using pooled Channel '[id: 0x7e7fae99, L:/127.0.0.1:58419 - R:localhost/127.0.0.1:8188]' for 'POST' to 'http://localhost:8188/session/e7854568496515f9a84744633e7cd494/element/f.A73C26E5C160B399FD3302E3CBBD06FE.d.8406FD0387F5B85587D1DDA0DA867D70.e.6/value'
15:01:33.400 [Forwarding sendKeysToElement on session e7854568496515f9a84744633e7cd494 to remote] DEBUG org.asynchttpclient.netty.request.NettyRequestSender - Using open Channel [id: 0x7e7fae99, L:/127.0.0.1:58419 - R:localhost/127.0.0.1:8188] for POST '/session/e7854568496515f9a84744633e7cd494/element/f.A73C26E5C160B399FD3302E3CBBD06FE.d.8406FD0387F5B85587D1DDA0DA867D70.e.6/value'
15:01:33.493 [AsyncHttpClient-1-2] DEBUG org.asynchttpclient.netty.handler.HttpHandler - 

Request DefaultHttpRequest(decodeResult: success, version: HTTP/1.1)
POST /session/e7854568496515f9a84744633e7cd494/element/f.A73C26E5C160B399FD3302E3CBBD06FE.d.8406FD0387F5B85587D1DDA0DA867D70.e.6/value HTTP/1.1
User-Agent: selenium/4.12.0 (java windows)
Content-Length: 168
Content-Type: application/json; charset=utf-8
host: localhost:8188
accept: */*

Response DefaultHttpResponse(decodeResult: success, version: HTTP/1.1)
HTTP/1.1 200 OK
Content-Length: 14
Content-Type: application/json; charset=utf-8
cache-control: no-cache

15:01:33.493 [AsyncHttpClient-1-2] DEBUG org.asynchttpclient.netty.channel.ChannelManager - Adding key: http://localhost:8188 for channel [id: 0x7e7fae99, L:/127.0.0.1:58419 - R:localhost/127.0.0.1:8188]
  When I provide Wrong.mail and wrong-test       # StepDefination.Signin.i_provide_id_and_password(java.lang.String,java.lang.String)
15:01:33.496 [Forwarding findElement on session e7854568496515f9a84744633e7cd494 to remote] DEBUG org.asynchttpclient.netty.request.NettyRequestSender - Using pooled Channel '[id: 0x7e7fae99, L:/127.0.0.1:58419 - R:localhost/127.0.0.1:8188]' for 'POST' to 'http://localhost:8188/session/e7854568496515f9a84744633e7cd494/element'
15:01:33.496 [Forwarding findElement on session e7854568496515f9a84744633e7cd494 to remote] DEBUG org.asynchttpclient.netty.request.NettyRequestSender - Using open Channel [id: 0x7e7fae99, L:/127.0.0.1:58419 - R:localhost/127.0.0.1:8188] for POST '/session/e7854568496515f9a84744633e7cd494/element'
15:01:33.520 [AsyncHttpClient-1-2] DEBUG org.asynchttpclient.netty.handler.HttpHandler - 

Request DefaultHttpRequest(decodeResult: success, version: HTTP/1.1)
POST /session/e7854568496515f9a84744633e7cd494/element HTTP/1.1
User-Agent: selenium/4.12.0 (java windows)
Content-Length: 73
Content-Type: application/json; charset=utf-8
host: localhost:8188
accept: */*

Response DefaultHttpResponse(decodeResult: success, version: HTTP/1.1)
HTTP/1.1 200 OK
Content-Length: 125
Content-Type: application/json; charset=utf-8
cache-control: no-cache

15:01:33.520 [AsyncHttpClient-1-2] DEBUG org.asynchttpclient.netty.channel.ChannelManager - Adding key: http://localhost:8188 for channel [id: 0x7e7fae99, L:/127.0.0.1:58419 - R:localhost/127.0.0.1:8188]
15:01:33.522 [Forwarding clickElement on session e7854568496515f9a84744633e7cd494 to remote] DEBUG org.asynchttpclient.netty.request.NettyRequestSender - Using pooled Channel '[id: 0x7e7fae99, L:/127.0.0.1:58419 - R:localhost/127.0.0.1:8188]' for 'POST' to 'http://localhost:8188/session/e7854568496515f9a84744633e7cd494/element/f.A73C26E5C160B399FD3302E3CBBD06FE.d.8406FD0387F5B85587D1DDA0DA867D70.e.8/click'
15:01:33.523 [Forwarding clickElement on session e7854568496515f9a84744633e7cd494 to remote] DEBUG org.asynchttpclient.netty.request.NettyRequestSender - Using open Channel [id: 0x7e7fae99, L:/127.0.0.1:58419 - R:localhost/127.0.0.1:8188] for POST '/session/e7854568496515f9a84744633e7cd494/element/f.A73C26E5C160B399FD3302E3CBBD06FE.d.8406FD0387F5B85587D1DDA0DA867D70.e.8/click'
15:01:33.615 [AsyncHttpClient-1-2] DEBUG org.asynchttpclient.netty.handler.HttpHandler - 

Request DefaultHttpRequest(decodeResult: success, version: HTTP/1.1)
POST /session/e7854568496515f9a84744633e7cd494/element/f.A73C26E5C160B399FD3302E3CBBD06FE.d.8406FD0387F5B85587D1DDA0DA867D70.e.8/click HTTP/1.1
User-Agent: selenium/4.12.0 (java windows)
Content-Length: 87
Content-Type: application/json; charset=utf-8
host: localhost:8188
accept: */*

Response DefaultHttpResponse(decodeResult: success, version: HTTP/1.1)
HTTP/1.1 200 OK
Content-Length: 14
Content-Type: application/json; charset=utf-8
cache-control: no-cache

15:01:33.616 [AsyncHttpClient-1-2] DEBUG org.asynchttpclient.netty.channel.ChannelManager - Adding key: http://localhost:8188 for channel [id: 0x7e7fae99, L:/127.0.0.1:58419 - R:localhost/127.0.0.1:8188]
15:01:33.777 [AsyncHttpClient-1-1] DEBUG org.asynchttpclient.netty.channel.DefaultChannelPool - Entry count for : http://localhost:58420 : 1
15:01:33.777 [AsyncHttpClient-1-1] DEBUG org.asynchttpclient.netty.channel.DefaultChannelPool - Entry count for : http://localhost:8188 : 1
15:01:34.877 [AsyncHttpClient-1-1] DEBUG org.asynchttpclient.netty.channel.DefaultChannelPool - Entry count for : http://localhost:58420 : 1
15:01:34.877 [AsyncHttpClient-1-1] DEBUG org.asynchttpclient.netty.channel.DefaultChannelPool - Entry count for : http://localhost:8188 : 1
15:01:35.970 [AsyncHttpClient-1-1] DEBUG org.asynchttpclient.netty.channel.DefaultChannelPool - Entry count for : http://localhost:58420 : 1
15:01:35.970 [AsyncHttpClient-1-1] DEBUG org.asynchttpclient.netty.channel.DefaultChannelPool - Entry count for : http://localhost:8188 : 1
15:01:37.072 [AsyncHttpClient-1-1] DEBUG org.asynchttpclient.netty.channel.DefaultChannelPool - Entry count for : http://localhost:58420 : 1
15:01:37.072 [AsyncHttpClient-1-1] DEBUG org.asynchttpclient.netty.channel.DefaultChannelPool - Entry count for : http://localhost:8188 : 1
15:01:38.174 [AsyncHttpClient-1-1] DEBUG org.asynchttpclient.netty.channel.DefaultChannelPool - Entry count for : http://localhost:58420 : 1
15:01:38.174 [AsyncHttpClient-1-1] DEBUG org.asynchttpclient.netty.channel.DefaultChannelPool - Entry count for : http://localhost:8188 : 1
  And Tap on submit button-test                  # StepDefination.Signin.tap_on_submit_button()
15:01:38.626 [Forwarding getCurrentUrl on session e7854568496515f9a84744633e7cd494 to remote] DEBUG org.asynchttpclient.netty.request.NettyRequestSender - Using pooled Channel '[id: 0x7e7fae99, L:/127.0.0.1:58419 - R:localhost/127.0.0.1:8188]' for 'GET' to 'http://localhost:8188/session/e7854568496515f9a84744633e7cd494/url'
15:01:38.626 [Forwarding getCurrentUrl on session e7854568496515f9a84744633e7cd494 to remote] DEBUG org.asynchttpclient.netty.request.NettyRequestSender - Using open Channel [id: 0x7e7fae99, L:/127.0.0.1:58419 - R:localhost/127.0.0.1:8188] for GET '/session/e7854568496515f9a84744633e7cd494/url'
15:01:38.643 [AsyncHttpClient-1-2] DEBUG org.asynchttpclient.netty.handler.HttpHandler - 

Request DefaultFullHttpRequest(decodeResult: success, version: HTTP/1.1, content: EmptyByteBufBE)
GET /session/e7854568496515f9a84744633e7cd494/url HTTP/1.1
Cache-Control: no-cache
User-Agent: selenium/4.12.0 (java windows)
Content-Type: application/json; charset=utf-8
host: localhost:8188
accept: */*

Response DefaultHttpResponse(decodeResult: success, version: HTTP/1.1)
HTTP/1.1 200 OK
Content-Length: 69
Content-Type: application/json; charset=utf-8
cache-control: no-cache

15:01:38.643 [AsyncHttpClient-1-2] DEBUG org.asynchttpclient.netty.channel.ChannelManager - Adding key: http://localhost:8188 for channel [id: 0x7e7fae99, L:/127.0.0.1:58419 - R:localhost/127.0.0.1:8188]
https://fleet-manager-development.vercel.app/auth/sign-in
15:01:38.646 [Forwarding findElement on session e7854568496515f9a84744633e7cd494 to remote] DEBUG org.asynchttpclient.netty.request.NettyRequestSender - Using pooled Channel '[id: 0x7e7fae99, L:/127.0.0.1:58419 - R:localhost/127.0.0.1:8188]' for 'POST' to 'http://localhost:8188/session/e7854568496515f9a84744633e7cd494/element'
15:01:38.646 [Forwarding findElement on session e7854568496515f9a84744633e7cd494 to remote] DEBUG org.asynchttpclient.netty.request.NettyRequestSender - Using open Channel [id: 0x7e7fae99, L:/127.0.0.1:58419 - R:localhost/127.0.0.1:8188] for POST '/session/e7854568496515f9a84744633e7cd494/element'
15:01:38.667 [AsyncHttpClient-1-2] DEBUG org.asynchttpclient.netty.handler.HttpHandler - 

Request DefaultHttpRequest(decodeResult: success, version: HTTP/1.1)
POST /session/e7854568496515f9a84744633e7cd494/element HTTP/1.1
User-Agent: selenium/4.12.0 (java windows)
Content-Length: 66
Content-Type: application/json; charset=utf-8
host: localhost:8188
accept: */*

Response DefaultHttpResponse(decodeResult: success, version: HTTP/1.1)
HTTP/1.1 404 Not Found
Content-Length: 1053
Content-Type: application/json; charset=utf-8
cache-control: no-cache

15:01:38.668 [AsyncHttpClient-1-2] DEBUG org.asynchttpclient.netty.channel.ChannelManager - Adding key: http://localhost:8188 for channel [id: 0x7e7fae99, L:/127.0.0.1:58419 - R:localhost/127.0.0.1:8188]
Faild to logged in
15:01:38.670 [Forwarding screenshot on session e7854568496515f9a84744633e7cd494 to remote] DEBUG org.asynchttpclient.netty.request.NettyRequestSender - Using pooled Channel '[id: 0x7e7fae99, L:/127.0.0.1:58419 - R:localhost/127.0.0.1:8188]' for 'GET' to 'http://localhost:8188/session/e7854568496515f9a84744633e7cd494/screenshot'
15:01:38.670 [Forwarding screenshot on session e7854568496515f9a84744633e7cd494 to remote] DEBUG org.asynchttpclient.netty.request.NettyRequestSender - Using open Channel [id: 0x7e7fae99, L:/127.0.0.1:58419 - R:localhost/127.0.0.1:8188] for GET '/session/e7854568496515f9a84744633e7cd494/screenshot'
15:01:39.272 [AsyncHttpClient-1-1] DEBUG org.asynchttpclient.netty.channel.DefaultChannelPool - Entry count for : http://localhost:58420 : 1
15:01:39.310 [AsyncHttpClient-1-2] DEBUG org.asynchttpclient.netty.handler.HttpHandler - 

Request DefaultFullHttpRequest(decodeResult: success, version: HTTP/1.1, content: EmptyByteBufBE)
GET /session/e7854568496515f9a84744633e7cd494/screenshot HTTP/1.1
Cache-Control: no-cache
User-Agent: selenium/4.12.0 (java windows)
Content-Type: application/json; charset=utf-8
host: localhost:8188
accept: */*

Response DefaultHttpResponse(decodeResult: success, version: HTTP/1.1)
HTTP/1.1 200 OK
Content-Length: 1196996
Content-Type: application/json; charset=utf-8
cache-control: no-cache

15:01:39.316 [AsyncHttpClient-1-2] DEBUG org.asynchttpclient.netty.channel.ChannelManager - Adding key: http://localhost:8188 for channel [id: 0x7e7fae99, L:/127.0.0.1:58419 - R:localhost/127.0.0.1:8188]
  Then User should be logged in-test             # StepDefination.Signin.user_should_be_logged_in()
15:01:39.402 [AsyncHttpClient-1-4] DEBUG org.asynchttpclient.netty.handler.WebSocketHandler - Channel Closed: [id: 0xd3d15f1c, L:/127.0.0.1:58428 ! R:localhost/127.0.0.1:58420] with attribute DISCARD
15:01:39.402 [Driver Command Executor] DEBUG org.asynchttpclient.netty.request.NettyRequestSender - Using pooled Channel '[id: 0x7e7fae99, L:/127.0.0.1:58419 - R:localhost/127.0.0.1:8188]' for 'DELETE' to 'http://localhost:8188/session/e7854568496515f9a84744633e7cd494'
15:01:39.402 [Driver Command Executor] DEBUG org.asynchttpclient.netty.request.NettyRequestSender - Using open Channel [id: 0x7e7fae99, L:/127.0.0.1:58419 - R:localhost/127.0.0.1:8188] for DELETE '/session/e7854568496515f9a84744633e7cd494'
15:01:39.498 [AsyncHttpClient-1-3] DEBUG org.asynchttpclient.netty.handler.HttpHandler - Unexpected I/O exception on channel [id: 0x225f9ac4, L:/127.0.0.1:58427 - R:localhost/127.0.0.1:58420]
java.net.SocketException: Connection reset
	at java.base/sun.nio.ch.SocketChannelImpl.throwConnectionReset(SocketChannelImpl.java:394)
	at java.base/sun.nio.ch.SocketChannelImpl.read(SocketChannelImpl.java:426)
	at io.netty.buffer.PooledByteBuf.setBytes(PooledByteBuf.java:254)
	at io.netty.buffer.AbstractByteBuf.writeBytes(AbstractByteBuf.java:1132)
	at io.netty.channel.socket.nio.NioSocketChannel.doReadBytes(NioSocketChannel.java:357)
	at io.netty.channel.nio.AbstractNioByteChannel$NioByteUnsafe.read(AbstractNioByteChannel.java:151)
	at io.netty.channel.nio.NioEventLoop.processSelectedKey(NioEventLoop.java:788)
	at io.netty.channel.nio.NioEventLoop.processSelectedKeysOptimized(NioEventLoop.java:724)
	at io.netty.channel.nio.NioEventLoop.processSelectedKeys(NioEventLoop.java:650)
	at io.netty.channel.nio.NioEventLoop.run(NioEventLoop.java:562)
	at io.netty.util.concurrent.SingleThreadEventExecutor$4.run(SingleThreadEventExecutor.java:997)
	at io.netty.util.internal.ThreadExecutorMap$2.run(ThreadExecutorMap.java:74)
	at io.netty.util.concurrent.FastThreadLocalRunnable.run(FastThreadLocalRunnable.java:30)
	at java.base/java.lang.Thread.run(Thread.java:840)
15:01:39.498 [AsyncHttpClient-1-3] DEBUG org.asynchttpclient.netty.channel.ChannelManager - Closing Channel [id: 0x225f9ac4, L:/127.0.0.1:58427 - R:localhost/127.0.0.1:58420] 
15:01:39.498 [AsyncHttpClient-1-3] DEBUG org.asynchttpclient.netty.handler.HttpHandler - Channel Closed: [id: 0x225f9ac4, L:/127.0.0.1:58427 ! R:localhost/127.0.0.1:58420] with attribute DISCARD
15:01:39.553 [AsyncHttpClient-1-2] DEBUG org.asynchttpclient.netty.handler.HttpHandler - 

Request DefaultFullHttpRequest(decodeResult: success, version: HTTP/1.1, content: EmptyByteBufBE)
DELETE /session/e7854568496515f9a84744633e7cd494 HTTP/1.1
User-Agent: selenium/4.12.0 (java windows)
Content-Type: application/json; charset=utf-8
host: localhost:8188
accept: */*

Response DefaultHttpResponse(decodeResult: success, version: HTTP/1.1)
HTTP/1.1 200 OK
Content-Length: 14
Content-Type: application/json; charset=utf-8
cache-control: no-cache

15:01:39.553 [AsyncHttpClient-1-2] DEBUG org.asynchttpclient.netty.channel.ChannelManager - Adding key: http://localhost:8188 for channel [id: 0x7e7fae99, L:/127.0.0.1:58419 - R:localhost/127.0.0.1:8188]
15:01:39.961 [AsyncHttpClient-1-2] DEBUG org.asynchttpclient.netty.handler.HttpHandler - Channel Closed: [id: 0x7e7fae99, L:/127.0.0.1:58419 ! R:localhost/127.0.0.1:8188] with attribute DISCARD
  And Close Window                               # StepDefination.Signin.close_window()
]]></system-out>
    <system-err><![CDATA[Jan 15, 2025 3:00:49 PM org.openqa.selenium.devtools.CdpVersionFinder findNearestMatch
WARNING: Unable to find CDP implementation matching 131
Jan 15, 2025 3:00:49 PM org.openqa.selenium.chromium.ChromiumDriver lambda$new$5
WARNING: Unable to find version of CDP to use for 131.0.6778.265. You may need to include a dependency on a specific version of the CDP using something similar to `org.seleniumhq.selenium:selenium-devtools-v86:4.12.0` where the version ("v86") matches the version of the chromium-based browser you're using and the version number of the artifact is the same as Selenium's.
]]></system-err>
  </testcase>
</testsuite>