<?xml version="1.0" encoding="UTF-8"?>
<testsuite xmlns:xsi="http://www.w3.org/2001/XMLSchema-instance" xsi:noNamespaceSchemaLocation="https://maven.apache.org/surefire/maven-surefire-plugin/xsd/surefire-test-report.xsd" version="3.0.2" name="Test_runner.Run_file" time="198.61" tests="6" errors="1" skipped="0" failures="0">
  <properties>
[...]
</properties>
  <testcase name="Add single customer with all details" classname="Customer Onboarding form" time="58.529">
    <error message="no such element: Unable to locate element: {&quot;method&quot;:&quot;xpath&quot;,&quot;selector&quot;:&quot;//input[@name=&apos;companyName&apos; and @placeholder=&apos;Enter Customer Name&apos;]&quot;}&#10;  (Session info: chrome=131.0.6778.265)&#10;For documentation on this error, please visit: https://www.selenium.dev/documentation/webdriver/troubleshooting/errors#no-such-element-exception&#10;Build info: version: &apos;4.12.0&apos;, revision: &apos;249f2a7d1b*&apos;&#10;System info: os.name: &apos;Windows 11&apos;, os.arch: &apos;amd64&apos;, os.version: &apos;10.0&apos;, java.version: &apos;23.0.1&apos;&#10;Driver info: org.openqa.selenium.chrome.ChromeDriver&#10;Command: [0db3092b7c6ee490e0b2cf8813e970df, findElement {using=xpath, value=//input[@name=&apos;companyName&apos; and @placeholder=&apos;Enter Customer Name&apos;]}]&#10;Capabilities {acceptInsecureCerts: false, browserName: chrome, browserVersion: 131.0.6778.265, chrome: {chromedriverVersion: 131.0.6778.204 (52183f9e99a..., userDataDir: C:\Windows\SystemTemp\scope...}, fedcm:accounts: true, goog:chromeOptions: {debuggerAddress: localhost:50274}, networkConnectionEnabled: false, pageLoadStrategy: normal, platformName: windows, proxy: Proxy(), se:cdp: ws://localhost:50274/devtoo..., se:cdpVersion: 131.0.6778.265, setWindowRect: true, strictFileInteractability: false, timeouts: {implicit: 0, pageLoad: 300000, script: 30000}, unhandledPromptBehavior: dismiss and notify, webauthn:extension:credBlob: true, webauthn:extension:largeBlob: true, webauthn:extension:minPinLength: true, webauthn:extension:prf: true, webauthn:virtualAuthenticators: true}&#10;Session ID: 0db3092b7c6ee490e0b2cf8813e970df" type="org.openqa.selenium.NoSuchElementException"><![CDATA[org.openqa.selenium.NoSuchElementException: 
no such element: Unable to locate element: {"method":"xpath","selector":"//input[@name='companyName' and @placeholder='Enter Customer Name']"}
  (Session info: chrome=131.0.6778.265)
For documentation on this error, please visit: https://www.selenium.dev/documentation/webdriver/troubleshooting/errors#no-such-element-exception
Build info: version: '4.12.0', revision: '249f2a7d1b*'
System info: os.name: 'Windows 11', os.arch: 'amd64', os.version: '10.0', java.version: '23.0.1'
Driver info: org.openqa.selenium.chrome.ChromeDriver
Command: [0db3092b7c6ee490e0b2cf8813e970df, findElement {using=xpath, value=//input[@name='companyName' and @placeholder='Enter Customer Name']}]
Capabilities {acceptInsecureCerts: false, browserName: chrome, browserVersion: 131.0.6778.265, chrome: {chromedriverVersion: 131.0.6778.204 (52183f9e99a..., userDataDir: C:\Windows\SystemTemp\scope...}, fedcm:accounts: true, goog:chromeOptions: {debuggerAddress: localhost:50274}, networkConnectionEnabled: false, pageLoadStrategy: normal, platformName: windows, proxy: Proxy(), se:cdp: ws://localhost:50274/devtoo..., se:cdpVersion: 131.0.6778.265, setWindowRect: true, strictFileInteractability: false, timeouts: {implicit: 0, pageLoad: 300000, script: 30000}, unhandledPromptBehavior: dismiss and notify, webauthn:extension:credBlob: true, webauthn:extension:largeBlob: true, webauthn:extension:minPinLength: true, webauthn:extension:prf: true, webauthn:virtualAuthenticators: true}
Session ID: 0db3092b7c6ee490e0b2cf8813e970df
	at java.base/jdk.internal.reflect.DirectConstructorHandleAccessor.newInstance(DirectConstructorHandleAccessor.java:62)
	at java.base/java.lang.reflect.Constructor.newInstanceWithCaller(Constructor.java:501)
	at java.base/java.lang.reflect.Constructor.newInstance(Constructor.java:485)
	at org.openqa.selenium.remote.codec.w3c.W3CHttpResponseCodec.createException(W3CHttpResponseCodec.java:200)
	at org.openqa.selenium.remote.codec.w3c.W3CHttpResponseCodec.decode(W3CHttpResponseCodec.java:133)
	at org.openqa.selenium.remote.codec.w3c.W3CHttpResponseCodec.decode(W3CHttpResponseCodec.java:52)
	at org.openqa.selenium.remote.HttpCommandExecutor.execute(HttpCommandExecutor.java:191)
	at org.openqa.selenium.remote.service.DriverCommandExecutor.invokeExecute(DriverCommandExecutor.java:196)
	at org.openqa.selenium.remote.service.DriverCommandExecutor.execute(DriverCommandExecutor.java:171)
	at org.openqa.selenium.remote.RemoteWebDriver.execute(RemoteWebDriver.java:602)
	at org.openqa.selenium.remote.ElementLocation$ElementFinder$2.findElement(ElementLocation.java:165)
	at org.openqa.selenium.remote.ElementLocation.findElement(ElementLocation.java:59)
	at org.openqa.selenium.remote.RemoteWebDriver.findElement(RemoteWebDriver.java:359)
	at org.openqa.selenium.remote.RemoteWebDriver.findElement(RemoteWebDriver.java:353)
	at org.openqa.selenium.support.pagefactory.DefaultElementLocator.findElement(DefaultElementLocator.java:68)
	at org.openqa.selenium.support.pagefactory.internal.LocatingElementHandler.invoke(LocatingElementHandler.java:38)
	at jdk.proxy2/jdk.proxy2.$Proxy23.sendKeys(Unknown Source)
	at PageObjects.Customer_objects.Enter_Company_details(Customer_objects.java:124)
	at StepDefination.Customer_onboarding.Provide_the_customer_Details(Customer_onboarding.java:45)
	at ✽.Provide the company DetailsRoyal_Steel 447788 Sara_Sharma www.royal.com(file:///C:/Users/Aniket%20Satpute/eclipse-workspace/FleetProject/src/test/resources/Customers/Customer_form.feature:7)
]]></error>
    <system-out><![CDATA[
Scenario Outline: Add single customer with all details                        # src/test/resources/Customers/Customer_form.feature:20
19:34:08.324 [main] DEBUG io.netty.util.internal.logging.InternalLoggerFactory - Using SLF4J as the default logging framework
19:34:08.334 [main] DEBUG io.netty.util.ResourceLeakDetector - -Dio.netty.leakDetection.level: simple
19:34:08.334 [main] DEBUG io.netty.util.ResourceLeakDetector - -Dio.netty.leakDetection.targetRecords: 4
19:34:08.334 [main] DEBUG io.netty.util.ResourceLeakDetectorFactory - Loaded default ResourceLeakDetector: io.netty.util.ResourceLeakDetector@5217f3d0
19:34:08.350 [main] DEBUG io.netty.util.internal.PlatformDependent0 - -Dio.netty.noUnsafe: false
19:34:08.350 [main] DEBUG io.netty.util.internal.PlatformDependent0 - Java version: 23
19:34:08.350 [main] DEBUG io.netty.util.internal.PlatformDependent0 - sun.misc.Unsafe.theUnsafe: available
19:34:08.350 [main] DEBUG io.netty.util.internal.PlatformDependent0 - sun.misc.Unsafe.copyMemory: available
19:34:08.350 [main] DEBUG io.netty.util.internal.PlatformDependent0 - sun.misc.Unsafe.storeFence: available
19:34:08.350 [main] DEBUG io.netty.util.internal.PlatformDependent0 - java.nio.Buffer.address: available
19:34:08.350 [main] DEBUG io.netty.util.internal.PlatformDependent0 - direct buffer constructor: unavailable: Reflective setAccessible(true) disabled
19:34:08.350 [main] DEBUG io.netty.util.internal.PlatformDependent0 - java.nio.Bits.unaligned: available, true
19:34:08.350 [main] DEBUG io.netty.util.internal.PlatformDependent0 - jdk.internal.misc.Unsafe.allocateUninitializedArray(int): unavailable: class io.netty.util.internal.PlatformDependent0$7 cannot access class jdk.internal.misc.Unsafe (in module java.base) because module java.base does not export jdk.internal.misc to unnamed module @57fffcd7
19:34:08.350 [main] DEBUG io.netty.util.internal.PlatformDependent0 - java.nio.DirectByteBuffer.<init>(long, {int,long}): unavailable
19:34:08.350 [main] DEBUG io.netty.util.internal.PlatformDependent - sun.misc.Unsafe: available
19:34:08.350 [main] DEBUG io.netty.util.internal.PlatformDependent - maxDirectMemory: 4219469824 bytes (maybe)
19:34:08.350 [main] DEBUG io.netty.util.internal.PlatformDependent - -Dio.netty.tmpdir: C:\Windows\TEMP (java.io.tmpdir)
19:34:08.350 [main] DEBUG io.netty.util.internal.PlatformDependent - -Dio.netty.bitMode: 64 (sun.arch.data.model)
19:34:08.350 [main] DEBUG io.netty.util.internal.PlatformDependent - Platform: Windows
19:34:08.350 [main] DEBUG io.netty.util.internal.PlatformDependent - -Dio.netty.maxDirectMemory: -1 bytes
19:34:08.350 [main] DEBUG io.netty.util.internal.PlatformDependent - -Dio.netty.uninitializedArrayAllocationThreshold: -1
19:34:08.350 [main] DEBUG io.netty.util.internal.CleanerJava9 - java.nio.ByteBuffer.cleaner(): available
19:34:08.350 [main] DEBUG io.netty.util.internal.PlatformDependent - -Dio.netty.noPreferDirect: false
19:34:08.366 [main] DEBUG io.netty.util.internal.PlatformDependent - org.jctools-core.MpscChunkedArrayQueue: available
19:34:08.366 [main] DEBUG io.netty.util.internal.InternalThreadLocalMap - -Dio.netty.threadLocalMap.stringBuilder.initialSize: 1024
19:34:08.366 [main] DEBUG io.netty.util.internal.InternalThreadLocalMap - -Dio.netty.threadLocalMap.stringBuilder.maxSize: 4096
19:34:08.524 [main] DEBUG io.netty.handler.ssl.JdkSslContext - Default protocols (JDK): [TLSv1.3, TLSv1.2] 
19:34:08.524 [main] DEBUG io.netty.handler.ssl.JdkSslContext - Default cipher suites (JDK): [TLS_ECDHE_ECDSA_WITH_AES_256_GCM_SHA384, TLS_ECDHE_ECDSA_WITH_AES_128_GCM_SHA256, TLS_ECDHE_RSA_WITH_AES_128_GCM_SHA256, TLS_ECDHE_RSA_WITH_AES_256_GCM_SHA384, TLS_ECDHE_RSA_WITH_AES_128_CBC_SHA, TLS_ECDHE_RSA_WITH_AES_256_CBC_SHA, TLS_RSA_WITH_AES_128_GCM_SHA256, TLS_RSA_WITH_AES_128_CBC_SHA, TLS_RSA_WITH_AES_256_CBC_SHA, TLS_AES_128_GCM_SHA256, TLS_AES_256_GCM_SHA384]
19:34:08.526 [main] DEBUG io.netty.util.concurrent.GlobalEventExecutor - -Dio.netty.globalEventExecutor.quietPeriodSeconds: 1
19:34:08.541 [main] DEBUG io.netty.channel.MultithreadEventLoopGroup - -Dio.netty.eventLoopThreads: 24
19:34:08.556 [main] DEBUG io.netty.channel.nio.NioEventLoop - -Dio.netty.noKeySetOptimization: false
19:34:08.556 [main] DEBUG io.netty.channel.nio.NioEventLoop - -Dio.netty.selectorAutoRebuildThreshold: 512
19:34:08.619 [main] DEBUG io.netty.buffer.PooledByteBufAllocator - -Dio.netty.allocator.numHeapArenas: 24
19:34:08.619 [main] DEBUG io.netty.buffer.PooledByteBufAllocator - -Dio.netty.allocator.numDirectArenas: 24
19:34:08.619 [main] DEBUG io.netty.buffer.PooledByteBufAllocator - -Dio.netty.allocator.pageSize: 8192
19:34:08.619 [main] DEBUG io.netty.buffer.PooledByteBufAllocator - -Dio.netty.allocator.maxOrder: 9
19:34:08.619 [main] DEBUG io.netty.buffer.PooledByteBufAllocator - -Dio.netty.allocator.chunkSize: 4194304
19:34:08.619 [main] DEBUG io.netty.buffer.PooledByteBufAllocator - -Dio.netty.allocator.smallCacheSize: 256
19:34:08.619 [main] DEBUG io.netty.buffer.PooledByteBufAllocator - -Dio.netty.allocator.normalCacheSize: 64
19:34:08.619 [main] DEBUG io.netty.buffer.PooledByteBufAllocator - -Dio.netty.allocator.maxCachedBufferCapacity: 32768
19:34:08.619 [main] DEBUG io.netty.buffer.PooledByteBufAllocator - -Dio.netty.allocator.cacheTrimInterval: 8192
19:34:08.619 [main] DEBUG io.netty.buffer.PooledByteBufAllocator - -Dio.netty.allocator.cacheTrimIntervalMillis: 0
19:34:08.619 [main] DEBUG io.netty.buffer.PooledByteBufAllocator - -Dio.netty.allocator.useCacheForAllThreads: false
19:34:08.619 [main] DEBUG io.netty.buffer.PooledByteBufAllocator - -Dio.netty.allocator.maxCachedByteBuffersPerChunk: 1023
19:34:08.625 [main] DEBUG io.netty.buffer.ByteBufUtil - -Dio.netty.allocator.type: pooled
19:34:08.625 [main] DEBUG io.netty.buffer.ByteBufUtil - -Dio.netty.threadLocalDirectBufferSize: 0
19:34:08.625 [main] DEBUG io.netty.buffer.ByteBufUtil - -Dio.netty.maxThreadLocalCharBufferSize: 16384
19:34:09.025 [Forwarding newSession on session null to remote] DEBUG io.netty.channel.DefaultChannelId - -Dio.netty.processId: 37168 (auto-detected)
19:34:09.025 [Forwarding newSession on session null to remote] DEBUG io.netty.util.NetUtil - -Djava.net.preferIPv4Stack: false
19:34:09.025 [Forwarding newSession on session null to remote] DEBUG io.netty.util.NetUtil - -Djava.net.preferIPv6Addresses: false
19:34:09.040 [Forwarding newSession on session null to remote] DEBUG io.netty.util.NetUtilInitializations - Loopback interface: loopback_0 (Software Loopback Interface 1, 0:0:0:0:0:0:0:1)
19:34:09.040 [Forwarding newSession on session null to remote] DEBUG io.netty.util.NetUtil - Failed to get SOMAXCONN from sysctl and file \proc\sys\net\core\somaxconn. Default: 200
19:34:09.040 [Forwarding newSession on session null to remote] DEBUG io.netty.channel.DefaultChannelId - -Dio.netty.machineId: c0:18:50:ff:fe:fd:01:01 (auto-detected)
19:34:09.073 [AsyncHttpClient-1-2] DEBUG io.netty.buffer.AbstractByteBuf - -Dio.netty.buffer.checkAccessible: true
19:34:09.073 [AsyncHttpClient-1-2] DEBUG io.netty.buffer.AbstractByteBuf - -Dio.netty.buffer.checkBounds: true
19:34:09.073 [AsyncHttpClient-1-2] DEBUG io.netty.util.ResourceLeakDetectorFactory - Loaded default ResourceLeakDetector: io.netty.util.ResourceLeakDetector@6f4d8bb0
19:34:09.073 [AsyncHttpClient-1-2] DEBUG org.asynchttpclient.netty.channel.NettyConnectListener - Using new Channel '[id: 0x6340ada6, L:/127.0.0.1:50272 - R:localhost/127.0.0.1:2054]' for 'POST' to '/session'
19:34:09.088 [AsyncHttpClient-1-2] DEBUG io.netty.util.Recycler - -Dio.netty.recycler.maxCapacityPerThread: 4096
19:34:09.088 [AsyncHttpClient-1-2] DEBUG io.netty.util.Recycler - -Dio.netty.recycler.ratio: 8
19:34:09.088 [AsyncHttpClient-1-2] DEBUG io.netty.util.Recycler - -Dio.netty.recycler.chunkSize: 32
19:34:09.088 [AsyncHttpClient-1-2] DEBUG io.netty.util.Recycler - -Dio.netty.recycler.blocking: false
19:34:09.088 [AsyncHttpClient-1-2] DEBUG io.netty.util.Recycler - -Dio.netty.recycler.batchFastThreadLocalOnly: true
19:34:09.967 [AsyncHttpClient-1-2] DEBUG io.netty.handler.codec.compression.Brotli - brotli4j not in the classpath; Brotli support will be unavailable.
19:34:09.967 [AsyncHttpClient-1-2] DEBUG org.asynchttpclient.netty.handler.HttpHandler - 

Request DefaultHttpRequest(decodeResult: success, version: HTTP/1.1)
POST /session HTTP/1.1
User-Agent: selenium/4.12.0 (java windows)
Content-Length: 254
Content-Type: application/json; charset=utf-8
host: localhost:2054
accept: */*

Response DefaultHttpResponse(decodeResult: success, version: HTTP/1.1)
HTTP/1.1 200 OK
Content-Length: 869
Content-Type: application/json; charset=utf-8
cache-control: no-cache

19:34:09.971 [AsyncHttpClient-1-2] DEBUG org.asynchttpclient.netty.channel.ChannelManager - Adding key: http://localhost:2054 for channel [id: 0x6340ada6, L:/127.0.0.1:50272 - R:localhost/127.0.0.1:2054]
19:34:10.018 [AsyncHttpClient-1-3] DEBUG org.asynchttpclient.netty.channel.NettyConnectListener - Using new Channel '[id: 0x26230e8e, L:/127.0.0.1:50280 - R:localhost/127.0.0.1:50274]' for 'GET' to '/json/version'
19:34:10.026 [AsyncHttpClient-1-3] DEBUG org.asynchttpclient.netty.handler.HttpHandler - 

Request DefaultFullHttpRequest(decodeResult: success, version: HTTP/1.1, content: EmptyByteBufBE)
GET /json/version HTTP/1.1
User-Agent: selenium/4.12.0 (java windows)
host: localhost:50274
accept: */*

Response DefaultHttpResponse(decodeResult: success, version: HTTP/1.1)
HTTP/1.1 200 OK
Content-Security-Policy: frame-ancestors 'none'
Content-Length: 424
Content-Type: application/json; charset=UTF-8

19:34:10.026 [AsyncHttpClient-1-3] DEBUG org.asynchttpclient.netty.channel.ChannelManager - Adding key: http://localhost:50274 for channel [id: 0x26230e8e, L:/127.0.0.1:50280 - R:localhost/127.0.0.1:50274]
19:34:10.034 [main] DEBUG io.netty.util.internal.ThreadLocalRandom - -Dio.netty.initialSeedUniquifier: 0x2e5a3e016ee93909
19:34:10.034 [AsyncHttpClient-1-4] DEBUG org.asynchttpclient.netty.channel.NettyConnectListener - Using new Channel '[id: 0x5ed91545, L:/127.0.0.1:50281 - R:localhost/127.0.0.1:50274]' for 'GET' to '/devtools/browser/a1b7443e-07fe-452c-b748-f5f5ece4adae'
19:34:10.034 [AsyncHttpClient-1-4] DEBUG org.asynchttpclient.netty.handler.WebSocketHandler - 

Request DefaultFullHttpRequest(decodeResult: success, version: HTTP/1.1, content: EmptyByteBufBE)
GET /devtools/browser/a1b7443e-07fe-452c-b748-f5f5ece4adae HTTP/1.1
upgrade: websocket
connection: upgrade
sec-websocket-key: 40geh8EoQl0BnuJedaBRTg==
sec-websocket-version: 13
origin: http://localhost:50274
host: localhost:50274
accept: */*
user-agent: AHC/2.1

Response DefaultHttpResponse(decodeResult: success, version: HTTP/1.1)
HTTP/1.1 101 WebSocket Protocol Handshake
Upgrade: WebSocket
Connection: Upgrade
Sec-WebSocket-Accept: A33b7OrdOacpiVqUoOs38dNnpvE=

19:34:10.090 [Forwarding get on session 0db3092b7c6ee490e0b2cf8813e970df to remote] DEBUG org.asynchttpclient.netty.request.NettyRequestSender - Using pooled Channel '[id: 0x6340ada6, L:/127.0.0.1:50272 - R:localhost/127.0.0.1:2054]' for 'POST' to 'http://localhost:2054/session/0db3092b7c6ee490e0b2cf8813e970df/url'
19:34:10.090 [Forwarding get on session 0db3092b7c6ee490e0b2cf8813e970df to remote] DEBUG org.asynchttpclient.netty.request.NettyRequestSender - Using open Channel [id: 0x6340ada6, L:/127.0.0.1:50272 - R:localhost/127.0.0.1:2054] for POST '/session/0db3092b7c6ee490e0b2cf8813e970df/url'
19:34:10.671 [AsyncHttpClient-1-1] DEBUG org.asynchttpclient.netty.channel.DefaultChannelPool - Entry count for : http://localhost:50274 : 1
19:34:11.770 [AsyncHttpClient-1-1] DEBUG org.asynchttpclient.netty.channel.DefaultChannelPool - Entry count for : http://localhost:50274 : 1
19:34:12.870 [AsyncHttpClient-1-1] DEBUG org.asynchttpclient.netty.channel.DefaultChannelPool - Entry count for : http://localhost:50274 : 1
19:34:13.975 [AsyncHttpClient-1-1] DEBUG org.asynchttpclient.netty.channel.DefaultChannelPool - Entry count for : http://localhost:50274 : 1
19:34:15.072 [AsyncHttpClient-1-1] DEBUG org.asynchttpclient.netty.channel.DefaultChannelPool - Entry count for : http://localhost:50274 : 1
19:34:16.171 [AsyncHttpClient-1-1] DEBUG org.asynchttpclient.netty.channel.DefaultChannelPool - Entry count for : http://localhost:50274 : 1
19:34:17.270 [AsyncHttpClient-1-1] DEBUG org.asynchttpclient.netty.channel.DefaultChannelPool - Entry count for : http://localhost:50274 : 1
19:34:18.380 [AsyncHttpClient-1-1] DEBUG org.asynchttpclient.netty.channel.DefaultChannelPool - Entry count for : http://localhost:50274 : 1
19:34:19.484 [AsyncHttpClient-1-1] DEBUG org.asynchttpclient.netty.channel.DefaultChannelPool - Entry count for : http://localhost:50274 : 1
19:34:20.571 [AsyncHttpClient-1-1] DEBUG org.asynchttpclient.netty.channel.DefaultChannelPool - Entry count for : http://localhost:50274 : 1
19:34:21.680 [AsyncHttpClient-1-1] DEBUG org.asynchttpclient.netty.channel.DefaultChannelPool - Entry count for : http://localhost:50274 : 1
19:34:22.771 [AsyncHttpClient-1-1] DEBUG org.asynchttpclient.netty.channel.DefaultChannelPool - Entry count for : http://localhost:50274 : 1
19:34:23.871 [AsyncHttpClient-1-1] DEBUG org.asynchttpclient.netty.channel.DefaultChannelPool - Entry count for : http://localhost:50274 : 1
19:34:24.984 [AsyncHttpClient-1-1] DEBUG org.asynchttpclient.netty.channel.DefaultChannelPool - Entry count for : http://localhost:50274 : 1
19:34:26.070 [AsyncHttpClient-1-1] DEBUG org.asynchttpclient.netty.channel.DefaultChannelPool - Entry count for : http://localhost:50274 : 1
19:34:27.184 [AsyncHttpClient-1-1] DEBUG org.asynchttpclient.netty.channel.DefaultChannelPool - Entry count for : http://localhost:50274 : 1
19:34:28.271 [AsyncHttpClient-1-1] DEBUG org.asynchttpclient.netty.channel.DefaultChannelPool - Entry count for : http://localhost:50274 : 1
19:34:29.383 [AsyncHttpClient-1-1] DEBUG org.asynchttpclient.netty.channel.DefaultChannelPool - Entry count for : http://localhost:50274 : 1
19:34:30.470 [AsyncHttpClient-1-1] DEBUG org.asynchttpclient.netty.channel.DefaultChannelPool - Entry count for : http://localhost:50274 : 1
19:34:31.570 [AsyncHttpClient-1-1] DEBUG org.asynchttpclient.netty.channel.DefaultChannelPool - Entry count for : http://localhost:50274 : 1
19:34:32.676 [AsyncHttpClient-1-1] DEBUG org.asynchttpclient.netty.channel.DefaultChannelPool - Entry count for : http://localhost:50274 : 1
19:34:33.770 [AsyncHttpClient-1-1] DEBUG org.asynchttpclient.netty.channel.DefaultChannelPool - Entry count for : http://localhost:50274 : 1
19:34:34.871 [AsyncHttpClient-1-1] DEBUG org.asynchttpclient.netty.channel.DefaultChannelPool - Entry count for : http://localhost:50274 : 1
19:34:35.970 [AsyncHttpClient-1-1] DEBUG org.asynchttpclient.netty.channel.DefaultChannelPool - Entry count for : http://localhost:50274 : 1
19:34:37.079 [AsyncHttpClient-1-1] DEBUG org.asynchttpclient.netty.channel.DefaultChannelPool - Entry count for : http://localhost:50274 : 1
19:34:38.171 [AsyncHttpClient-1-1] DEBUG org.asynchttpclient.netty.channel.DefaultChannelPool - Entry count for : http://localhost:50274 : 1
19:34:39.270 [AsyncHttpClient-1-1] DEBUG org.asynchttpclient.netty.channel.DefaultChannelPool - Entry count for : http://localhost:50274 : 1
19:34:40.378 [AsyncHttpClient-1-1] DEBUG org.asynchttpclient.netty.channel.DefaultChannelPool - Entry count for : http://localhost:50274 : 1
19:34:41.471 [AsyncHttpClient-1-1] DEBUG org.asynchttpclient.netty.channel.DefaultChannelPool - Entry count for : http://localhost:50274 : 1
19:34:42.572 [AsyncHttpClient-1-1] DEBUG org.asynchttpclient.netty.channel.DefaultChannelPool - Entry count for : http://localhost:50274 : 1
19:34:43.670 [AsyncHttpClient-1-1] DEBUG org.asynchttpclient.netty.channel.DefaultChannelPool - Entry count for : http://localhost:50274 : 1
19:34:44.769 [AsyncHttpClient-1-1] DEBUG org.asynchttpclient.netty.channel.DefaultChannelPool - Entry count for : http://localhost:50274 : 1
19:34:45.870 [AsyncHttpClient-1-1] DEBUG org.asynchttpclient.netty.channel.DefaultChannelPool - Entry count for : http://localhost:50274 : 1
19:34:46.969 [AsyncHttpClient-1-1] DEBUG org.asynchttpclient.netty.channel.DefaultChannelPool - Entry count for : http://localhost:50274 : 1
19:34:48.073 [AsyncHttpClient-1-1] DEBUG org.asynchttpclient.netty.channel.DefaultChannelPool - Entry count for : http://localhost:50274 : 1
19:34:49.170 [AsyncHttpClient-1-1] DEBUG org.asynchttpclient.netty.channel.DefaultChannelPool - Entry count for : http://localhost:50274 : 1
19:34:50.270 [AsyncHttpClient-1-1] DEBUG org.asynchttpclient.netty.channel.DefaultChannelPool - Entry count for : http://localhost:50274 : 1
19:34:51.374 [AsyncHttpClient-1-1] DEBUG org.asynchttpclient.netty.channel.DefaultChannelPool - Entry count for : http://localhost:50274 : 1
19:34:52.476 [AsyncHttpClient-1-1] DEBUG org.asynchttpclient.netty.channel.DefaultChannelPool - Entry count for : http://localhost:50274 : 1
19:34:53.570 [AsyncHttpClient-1-1] DEBUG org.asynchttpclient.netty.channel.DefaultChannelPool - Entry count for : http://localhost:50274 : 1
19:34:54.466 [AsyncHttpClient-1-2] DEBUG org.asynchttpclient.netty.handler.HttpHandler - 

Request DefaultHttpRequest(decodeResult: success, version: HTTP/1.1)
POST /session/0db3092b7c6ee490e0b2cf8813e970df/url HTTP/1.1
User-Agent: selenium/4.12.0 (java windows)
Content-Length: 92
Content-Type: application/json; charset=utf-8
host: localhost:2054
accept: */*

Response DefaultHttpResponse(decodeResult: success, version: HTTP/1.1)
HTTP/1.1 200 OK
Content-Length: 14
Content-Type: application/json; charset=utf-8
cache-control: no-cache

19:34:54.466 [AsyncHttpClient-1-2] DEBUG org.asynchttpclient.netty.channel.ChannelManager - Adding key: http://localhost:2054 for channel [id: 0x6340ada6, L:/127.0.0.1:50272 - R:localhost/127.0.0.1:2054]
19:34:54.477 [Forwarding maximizeCurrentWindow on session 0db3092b7c6ee490e0b2cf8813e970df to remote] DEBUG org.asynchttpclient.netty.request.NettyRequestSender - Using pooled Channel '[id: 0x6340ada6, L:/127.0.0.1:50272 - R:localhost/127.0.0.1:2054]' for 'POST' to 'http://localhost:2054/session/0db3092b7c6ee490e0b2cf8813e970df/window/maximize'
19:34:54.477 [Forwarding maximizeCurrentWindow on session 0db3092b7c6ee490e0b2cf8813e970df to remote] DEBUG org.asynchttpclient.netty.request.NettyRequestSender - Using open Channel [id: 0x6340ada6, L:/127.0.0.1:50272 - R:localhost/127.0.0.1:2054] for POST '/session/0db3092b7c6ee490e0b2cf8813e970df/window/maximize'
19:34:54.526 [AsyncHttpClient-1-2] DEBUG org.asynchttpclient.netty.handler.HttpHandler - 

Request DefaultHttpRequest(decodeResult: success, version: HTTP/1.1)
POST /session/0db3092b7c6ee490e0b2cf8813e970df/window/maximize HTTP/1.1
User-Agent: selenium/4.12.0 (java windows)
Content-Length: 3
Content-Type: application/json; charset=utf-8
host: localhost:2054
accept: */*

Response DefaultHttpResponse(decodeResult: success, version: HTTP/1.1)
HTTP/1.1 200 OK
Content-Length: 51
Content-Type: application/json; charset=utf-8
cache-control: no-cache

19:34:54.527 [AsyncHttpClient-1-2] DEBUG org.asynchttpclient.netty.channel.ChannelManager - Adding key: http://localhost:2054 for channel [id: 0x6340ada6, L:/127.0.0.1:50272 - R:localhost/127.0.0.1:2054]
19:34:54.572 [Forwarding findElement on session 0db3092b7c6ee490e0b2cf8813e970df to remote] DEBUG org.asynchttpclient.netty.request.NettyRequestSender - Using pooled Channel '[id: 0x6340ada6, L:/127.0.0.1:50272 - R:localhost/127.0.0.1:2054]' for 'POST' to 'http://localhost:2054/session/0db3092b7c6ee490e0b2cf8813e970df/element'
19:34:54.572 [Forwarding findElement on session 0db3092b7c6ee490e0b2cf8813e970df to remote] DEBUG org.asynchttpclient.netty.request.NettyRequestSender - Using open Channel [id: 0x6340ada6, L:/127.0.0.1:50272 - R:localhost/127.0.0.1:2054] for POST '/session/0db3092b7c6ee490e0b2cf8813e970df/element'
19:34:54.588 [AsyncHttpClient-1-2] DEBUG org.asynchttpclient.netty.handler.HttpHandler - 

Request DefaultHttpRequest(decodeResult: success, version: HTTP/1.1)
POST /session/0db3092b7c6ee490e0b2cf8813e970df/element HTTP/1.1
User-Agent: selenium/4.12.0 (java windows)
Content-Length: 69
Content-Type: application/json; charset=utf-8
host: localhost:2054
accept: */*

Response DefaultHttpResponse(decodeResult: success, version: HTTP/1.1)
HTTP/1.1 200 OK
Content-Length: 125
Content-Type: application/json; charset=utf-8
cache-control: no-cache

19:34:54.589 [AsyncHttpClient-1-2] DEBUG org.asynchttpclient.netty.channel.ChannelManager - Adding key: http://localhost:2054 for channel [id: 0x6340ada6, L:/127.0.0.1:50272 - R:localhost/127.0.0.1:2054]
19:34:54.597 [Forwarding sendKeysToElement on session 0db3092b7c6ee490e0b2cf8813e970df to remote] DEBUG org.asynchttpclient.netty.request.NettyRequestSender - Using pooled Channel '[id: 0x6340ada6, L:/127.0.0.1:50272 - R:localhost/127.0.0.1:2054]' for 'POST' to 'http://localhost:2054/session/0db3092b7c6ee490e0b2cf8813e970df/element/f.CD8E0A13261831C2326B3CE2DACF6075.d.F11E758A01C5311E913D59A484B5AA7B.e.2/value'
19:34:54.597 [Forwarding sendKeysToElement on session 0db3092b7c6ee490e0b2cf8813e970df to remote] DEBUG org.asynchttpclient.netty.request.NettyRequestSender - Using open Channel [id: 0x6340ada6, L:/127.0.0.1:50272 - R:localhost/127.0.0.1:2054] for POST '/session/0db3092b7c6ee490e0b2cf8813e970df/element/f.CD8E0A13261831C2326B3CE2DACF6075.d.F11E758A01C5311E913D59A484B5AA7B.e.2/value'
19:34:54.672 [AsyncHttpClient-1-1] DEBUG org.asynchttpclient.netty.channel.DefaultChannelPool - Entry count for : http://localhost:50274 : 1
19:34:54.724 [AsyncHttpClient-1-2] DEBUG org.asynchttpclient.netty.handler.HttpHandler - 

Request DefaultHttpRequest(decodeResult: success, version: HTTP/1.1)
POST /session/0db3092b7c6ee490e0b2cf8813e970df/element/f.CD8E0A13261831C2326B3CE2DACF6075.d.F11E758A01C5311E913D59A484B5AA7B.e.2/value HTTP/1.1
User-Agent: selenium/4.12.0 (java windows)
Content-Length: 338
Content-Type: application/json; charset=utf-8
host: localhost:2054
accept: */*

Response DefaultHttpResponse(decodeResult: success, version: HTTP/1.1)
HTTP/1.1 200 OK
Content-Length: 14
Content-Type: application/json; charset=utf-8
cache-control: no-cache

19:34:54.724 [AsyncHttpClient-1-2] DEBUG org.asynchttpclient.netty.channel.ChannelManager - Adding key: http://localhost:2054 for channel [id: 0x6340ada6, L:/127.0.0.1:50272 - R:localhost/127.0.0.1:2054]
19:34:54.726 [Forwarding findElement on session 0db3092b7c6ee490e0b2cf8813e970df to remote] DEBUG org.asynchttpclient.netty.request.NettyRequestSender - Using pooled Channel '[id: 0x6340ada6, L:/127.0.0.1:50272 - R:localhost/127.0.0.1:2054]' for 'POST' to 'http://localhost:2054/session/0db3092b7c6ee490e0b2cf8813e970df/element'
19:34:54.726 [Forwarding findElement on session 0db3092b7c6ee490e0b2cf8813e970df to remote] DEBUG org.asynchttpclient.netty.request.NettyRequestSender - Using open Channel [id: 0x6340ada6, L:/127.0.0.1:50272 - R:localhost/127.0.0.1:2054] for POST '/session/0db3092b7c6ee490e0b2cf8813e970df/element'
19:34:54.739 [AsyncHttpClient-1-2] DEBUG org.asynchttpclient.netty.handler.HttpHandler - 

Request DefaultHttpRequest(decodeResult: success, version: HTTP/1.1)
POST /session/0db3092b7c6ee490e0b2cf8813e970df/element HTTP/1.1
User-Agent: selenium/4.12.0 (java windows)
Content-Length: 72
Content-Type: application/json; charset=utf-8
host: localhost:2054
accept: */*

Response DefaultHttpResponse(decodeResult: success, version: HTTP/1.1)
HTTP/1.1 200 OK
Content-Length: 125
Content-Type: application/json; charset=utf-8
cache-control: no-cache

19:34:54.739 [AsyncHttpClient-1-2] DEBUG org.asynchttpclient.netty.channel.ChannelManager - Adding key: http://localhost:2054 for channel [id: 0x6340ada6, L:/127.0.0.1:50272 - R:localhost/127.0.0.1:2054]
19:34:54.742 [Forwarding sendKeysToElement on session 0db3092b7c6ee490e0b2cf8813e970df to remote] DEBUG org.asynchttpclient.netty.request.NettyRequestSender - Using pooled Channel '[id: 0x6340ada6, L:/127.0.0.1:50272 - R:localhost/127.0.0.1:2054]' for 'POST' to 'http://localhost:2054/session/0db3092b7c6ee490e0b2cf8813e970df/element/f.CD8E0A13261831C2326B3CE2DACF6075.d.F11E758A01C5311E913D59A484B5AA7B.e.4/value'
19:34:54.742 [Forwarding sendKeysToElement on session 0db3092b7c6ee490e0b2cf8813e970df to remote] DEBUG org.asynchttpclient.netty.request.NettyRequestSender - Using open Channel [id: 0x6340ada6, L:/127.0.0.1:50272 - R:localhost/127.0.0.1:2054] for POST '/session/0db3092b7c6ee490e0b2cf8813e970df/element/f.CD8E0A13261831C2326B3CE2DACF6075.d.F11E758A01C5311E913D59A484B5AA7B.e.4/value'
19:34:54.806 [AsyncHttpClient-1-2] DEBUG org.asynchttpclient.netty.handler.HttpHandler - 

Request DefaultHttpRequest(decodeResult: success, version: HTTP/1.1)
POST /session/0db3092b7c6ee490e0b2cf8813e970df/element/f.CD8E0A13261831C2326B3CE2DACF6075.d.F11E758A01C5311E913D59A484B5AA7B.e.4/value HTTP/1.1
User-Agent: selenium/4.12.0 (java windows)
Content-Length: 208
Content-Type: application/json; charset=utf-8
host: localhost:2054
accept: */*

Response DefaultHttpResponse(decodeResult: success, version: HTTP/1.1)
HTTP/1.1 200 OK
Content-Length: 14
Content-Type: application/json; charset=utf-8
cache-control: no-cache

19:34:54.806 [AsyncHttpClient-1-2] DEBUG org.asynchttpclient.netty.channel.ChannelManager - Adding key: http://localhost:2054 for channel [id: 0x6340ada6, L:/127.0.0.1:50272 - R:localhost/127.0.0.1:2054]
19:34:54.808 [Forwarding findElement on session 0db3092b7c6ee490e0b2cf8813e970df to remote] DEBUG org.asynchttpclient.netty.request.NettyRequestSender - Using pooled Channel '[id: 0x6340ada6, L:/127.0.0.1:50272 - R:localhost/127.0.0.1:2054]' for 'POST' to 'http://localhost:2054/session/0db3092b7c6ee490e0b2cf8813e970df/element'
19:34:54.808 [Forwarding findElement on session 0db3092b7c6ee490e0b2cf8813e970df to remote] DEBUG org.asynchttpclient.netty.request.NettyRequestSender - Using open Channel [id: 0x6340ada6, L:/127.0.0.1:50272 - R:localhost/127.0.0.1:2054] for POST '/session/0db3092b7c6ee490e0b2cf8813e970df/element'
19:34:54.820 [AsyncHttpClient-1-2] DEBUG org.asynchttpclient.netty.handler.HttpHandler - 

Request DefaultHttpRequest(decodeResult: success, version: HTTP/1.1)
POST /session/0db3092b7c6ee490e0b2cf8813e970df/element HTTP/1.1
User-Agent: selenium/4.12.0 (java windows)
Content-Length: 73
Content-Type: application/json; charset=utf-8
host: localhost:2054
accept: */*

Response DefaultHttpResponse(decodeResult: success, version: HTTP/1.1)
HTTP/1.1 200 OK
Content-Length: 125
Content-Type: application/json; charset=utf-8
cache-control: no-cache

19:34:54.820 [AsyncHttpClient-1-2] DEBUG org.asynchttpclient.netty.channel.ChannelManager - Adding key: http://localhost:2054 for channel [id: 0x6340ada6, L:/127.0.0.1:50272 - R:localhost/127.0.0.1:2054]
19:34:54.823 [Forwarding clickElement on session 0db3092b7c6ee490e0b2cf8813e970df to remote] DEBUG org.asynchttpclient.netty.request.NettyRequestSender - Using pooled Channel '[id: 0x6340ada6, L:/127.0.0.1:50272 - R:localhost/127.0.0.1:2054]' for 'POST' to 'http://localhost:2054/session/0db3092b7c6ee490e0b2cf8813e970df/element/f.CD8E0A13261831C2326B3CE2DACF6075.d.F11E758A01C5311E913D59A484B5AA7B.e.6/click'
19:34:54.823 [Forwarding clickElement on session 0db3092b7c6ee490e0b2cf8813e970df to remote] DEBUG org.asynchttpclient.netty.request.NettyRequestSender - Using open Channel [id: 0x6340ada6, L:/127.0.0.1:50272 - R:localhost/127.0.0.1:2054] for POST '/session/0db3092b7c6ee490e0b2cf8813e970df/element/f.CD8E0A13261831C2326B3CE2DACF6075.d.F11E758A01C5311E913D59A484B5AA7B.e.6/click'
19:34:54.908 [AsyncHttpClient-1-2] DEBUG org.asynchttpclient.netty.handler.HttpHandler - 

Request DefaultHttpRequest(decodeResult: success, version: HTTP/1.1)
POST /session/0db3092b7c6ee490e0b2cf8813e970df/element/f.CD8E0A13261831C2326B3CE2DACF6075.d.F11E758A01C5311E913D59A484B5AA7B.e.6/click HTTP/1.1
User-Agent: selenium/4.12.0 (java windows)
Content-Length: 87
Content-Type: application/json; charset=utf-8
host: localhost:2054
accept: */*

Response DefaultHttpResponse(decodeResult: success, version: HTTP/1.1)
HTTP/1.1 200 OK
Content-Length: 14
Content-Type: application/json; charset=utf-8
cache-control: no-cache

19:34:54.908 [AsyncHttpClient-1-2] DEBUG org.asynchttpclient.netty.channel.ChannelManager - Adding key: http://localhost:2054 for channel [id: 0x6340ada6, L:/127.0.0.1:50272 - R:localhost/127.0.0.1:2054]
19:34:55.771 [AsyncHttpClient-1-1] DEBUG org.asynchttpclient.netty.channel.DefaultChannelPool - Entry count for : http://localhost:50274 : 1
19:34:55.771 [AsyncHttpClient-1-1] DEBUG org.asynchttpclient.netty.channel.DefaultChannelPool - Entry count for : http://localhost:2054 : 1
19:34:56.870 [AsyncHttpClient-1-1] DEBUG org.asynchttpclient.netty.channel.DefaultChannelPool - Entry count for : http://localhost:50274 : 1
19:34:56.870 [AsyncHttpClient-1-1] DEBUG org.asynchttpclient.netty.channel.DefaultChannelPool - Entry count for : http://localhost:2054 : 1
19:34:57.970 [AsyncHttpClient-1-1] DEBUG org.asynchttpclient.netty.channel.DefaultChannelPool - Entry count for : http://localhost:50274 : 1
19:34:57.970 [AsyncHttpClient-1-1] DEBUG org.asynchttpclient.netty.channel.DefaultChannelPool - Entry count for : http://localhost:2054 : 1
19:34:59.089 [AsyncHttpClient-1-1] DEBUG org.asynchttpclient.netty.channel.DefaultChannelPool - Entry count for : http://localhost:50274 : 1
19:34:59.089 [AsyncHttpClient-1-1] DEBUG org.asynchttpclient.netty.channel.DefaultChannelPool - Entry count for : http://localhost:2054 : 1
19:34:59.920 [Forwarding getCurrentUrl on session 0db3092b7c6ee490e0b2cf8813e970df to remote] DEBUG org.asynchttpclient.netty.request.NettyRequestSender - Using pooled Channel '[id: 0x6340ada6, L:/127.0.0.1:50272 - R:localhost/127.0.0.1:2054]' for 'GET' to 'http://localhost:2054/session/0db3092b7c6ee490e0b2cf8813e970df/url'
19:34:59.920 [Forwarding getCurrentUrl on session 0db3092b7c6ee490e0b2cf8813e970df to remote] DEBUG org.asynchttpclient.netty.request.NettyRequestSender - Using open Channel [id: 0x6340ada6, L:/127.0.0.1:50272 - R:localhost/127.0.0.1:2054] for GET '/session/0db3092b7c6ee490e0b2cf8813e970df/url'
19:34:59.931 [AsyncHttpClient-1-2] DEBUG org.asynchttpclient.netty.handler.HttpHandler - 

Request DefaultFullHttpRequest(decodeResult: success, version: HTTP/1.1, content: EmptyByteBufBE)
GET /session/0db3092b7c6ee490e0b2cf8813e970df/url HTTP/1.1
Cache-Control: no-cache
User-Agent: selenium/4.12.0 (java windows)
Content-Type: application/json; charset=utf-8
host: localhost:2054
accept: */*

Response DefaultHttpResponse(decodeResult: success, version: HTTP/1.1)
HTTP/1.1 200 OK
Content-Length: 69
Content-Type: application/json; charset=utf-8
cache-control: no-cache

19:34:59.931 [AsyncHttpClient-1-2] DEBUG org.asynchttpclient.netty.channel.ChannelManager - Adding key: http://localhost:2054 for channel [id: 0x6340ada6, L:/127.0.0.1:50272 - R:localhost/127.0.0.1:2054]
https://fleet-manager-development.vercel.app/auth/sign-in
19:34:59.934 [Forwarding findElement on session 0db3092b7c6ee490e0b2cf8813e970df to remote] DEBUG org.asynchttpclient.netty.request.NettyRequestSender - Using pooled Channel '[id: 0x6340ada6, L:/127.0.0.1:50272 - R:localhost/127.0.0.1:2054]' for 'POST' to 'http://localhost:2054/session/0db3092b7c6ee490e0b2cf8813e970df/element'
19:34:59.934 [Forwarding findElement on session 0db3092b7c6ee490e0b2cf8813e970df to remote] DEBUG org.asynchttpclient.netty.request.NettyRequestSender - Using open Channel [id: 0x6340ada6, L:/127.0.0.1:50272 - R:localhost/127.0.0.1:2054] for POST '/session/0db3092b7c6ee490e0b2cf8813e970df/element'
19:34:59.958 [AsyncHttpClient-1-2] DEBUG org.asynchttpclient.netty.handler.HttpHandler - 

Request DefaultHttpRequest(decodeResult: success, version: HTTP/1.1)
POST /session/0db3092b7c6ee490e0b2cf8813e970df/element HTTP/1.1
User-Agent: selenium/4.12.0 (java windows)
Content-Length: 66
Content-Type: application/json; charset=utf-8
host: localhost:2054
accept: */*

Response DefaultHttpResponse(decodeResult: success, version: HTTP/1.1)
HTTP/1.1 200 OK
Content-Length: 126
Content-Type: application/json; charset=utf-8
cache-control: no-cache

19:34:59.958 [AsyncHttpClient-1-2] DEBUG org.asynchttpclient.netty.channel.ChannelManager - Adding key: http://localhost:2054 for channel [id: 0x6340ada6, L:/127.0.0.1:50272 - R:localhost/127.0.0.1:2054]
19:34:59.971 [Forwarding isElementDisplayed on session 0db3092b7c6ee490e0b2cf8813e970df to remote] DEBUG org.asynchttpclient.netty.request.NettyRequestSender - Using pooled Channel '[id: 0x6340ada6, L:/127.0.0.1:50272 - R:localhost/127.0.0.1:2054]' for 'POST' to 'http://localhost:2054/session/0db3092b7c6ee490e0b2cf8813e970df/execute/sync'
19:34:59.971 [Forwarding isElementDisplayed on session 0db3092b7c6ee490e0b2cf8813e970df to remote] DEBUG org.asynchttpclient.netty.request.NettyRequestSender - Using open Channel [id: 0x6340ada6, L:/127.0.0.1:50272 - R:localhost/127.0.0.1:2054] for POST '/session/0db3092b7c6ee490e0b2cf8813e970df/execute/sync'
19:35:00.001 [AsyncHttpClient-1-2] DEBUG org.asynchttpclient.netty.handler.HttpHandler - 

Request DefaultHttpRequest(decodeResult: success, version: HTTP/1.1)
POST /session/0db3092b7c6ee490e0b2cf8813e970df/execute/sync HTTP/1.1
User-Agent: selenium/4.12.0 (java windows)
Content-Length: 48734
Content-Type: application/json; charset=utf-8
host: localhost:2054
accept: */*

Response DefaultHttpResponse(decodeResult: success, version: HTTP/1.1)
HTTP/1.1 200 OK
Content-Length: 14
Content-Type: application/json; charset=utf-8
cache-control: no-cache

19:35:00.001 [AsyncHttpClient-1-2] DEBUG org.asynchttpclient.netty.channel.ChannelManager - Adding key: http://localhost:2054 for channel [id: 0x6340ada6, L:/127.0.0.1:50272 - R:localhost/127.0.0.1:2054]
19:35:00.003 [Forwarding findElement on session 0db3092b7c6ee490e0b2cf8813e970df to remote] DEBUG org.asynchttpclient.netty.request.NettyRequestSender - Using pooled Channel '[id: 0x6340ada6, L:/127.0.0.1:50272 - R:localhost/127.0.0.1:2054]' for 'POST' to 'http://localhost:2054/session/0db3092b7c6ee490e0b2cf8813e970df/element'
19:35:00.003 [Forwarding findElement on session 0db3092b7c6ee490e0b2cf8813e970df to remote] DEBUG org.asynchttpclient.netty.request.NettyRequestSender - Using open Channel [id: 0x6340ada6, L:/127.0.0.1:50272 - R:localhost/127.0.0.1:2054] for POST '/session/0db3092b7c6ee490e0b2cf8813e970df/element'
19:35:00.065 [AsyncHttpClient-1-2] DEBUG org.asynchttpclient.netty.handler.HttpHandler - 

Request DefaultHttpRequest(decodeResult: success, version: HTTP/1.1)
POST /session/0db3092b7c6ee490e0b2cf8813e970df/element HTTP/1.1
User-Agent: selenium/4.12.0 (java windows)
Content-Length: 66
Content-Type: application/json; charset=utf-8
host: localhost:2054
accept: */*

Response DefaultHttpResponse(decodeResult: success, version: HTTP/1.1)
HTTP/1.1 200 OK
Content-Length: 126
Content-Type: application/json; charset=utf-8
cache-control: no-cache

19:35:00.066 [AsyncHttpClient-1-2] DEBUG org.asynchttpclient.netty.channel.ChannelManager - Adding key: http://localhost:2054 for channel [id: 0x6340ada6, L:/127.0.0.1:50272 - R:localhost/127.0.0.1:2054]
19:35:00.067 [Forwarding getElementText on session 0db3092b7c6ee490e0b2cf8813e970df to remote] DEBUG org.asynchttpclient.netty.request.NettyRequestSender - Using pooled Channel '[id: 0x6340ada6, L:/127.0.0.1:50272 - R:localhost/127.0.0.1:2054]' for 'GET' to 'http://localhost:2054/session/0db3092b7c6ee490e0b2cf8813e970df/element/f.CD8E0A13261831C2326B3CE2DACF6075.d.F11E758A01C5311E913D59A484B5AA7B.e.21/text'
19:35:00.067 [Forwarding getElementText on session 0db3092b7c6ee490e0b2cf8813e970df to remote] DEBUG org.asynchttpclient.netty.request.NettyRequestSender - Using open Channel [id: 0x6340ada6, L:/127.0.0.1:50272 - R:localhost/127.0.0.1:2054] for GET '/session/0db3092b7c6ee490e0b2cf8813e970df/element/f.CD8E0A13261831C2326B3CE2DACF6075.d.F11E758A01C5311E913D59A484B5AA7B.e.21/text'
19:35:00.080 [AsyncHttpClient-1-2] DEBUG org.asynchttpclient.netty.handler.HttpHandler - 

Request DefaultFullHttpRequest(decodeResult: success, version: HTTP/1.1, content: EmptyByteBufBE)
GET /session/0db3092b7c6ee490e0b2cf8813e970df/element/f.CD8E0A13261831C2326B3CE2DACF6075.d.F11E758A01C5311E913D59A484B5AA7B.e.21/text HTTP/1.1
Cache-Control: no-cache
User-Agent: selenium/4.12.0 (java windows)
Content-Type: application/json; charset=utf-8
host: localhost:2054
accept: */*

Response DefaultHttpResponse(decodeResult: success, version: HTTP/1.1)
HTTP/1.1 200 OK
Content-Length: 33
Content-Type: application/json; charset=utf-8
cache-control: no-cache

19:35:00.081 [AsyncHttpClient-1-2] DEBUG org.asynchttpclient.netty.channel.ChannelManager - Adding key: http://localhost:2054 for channel [id: 0x6340ada6, L:/127.0.0.1:50272 - R:localhost/127.0.0.1:2054]
19:35:00.085 [Forwarding findElement on session 0db3092b7c6ee490e0b2cf8813e970df to remote] DEBUG org.asynchttpclient.netty.request.NettyRequestSender - Using pooled Channel '[id: 0x6340ada6, L:/127.0.0.1:50272 - R:localhost/127.0.0.1:2054]' for 'POST' to 'http://localhost:2054/session/0db3092b7c6ee490e0b2cf8813e970df/element'
19:35:00.085 [Forwarding findElement on session 0db3092b7c6ee490e0b2cf8813e970df to remote] DEBUG org.asynchttpclient.netty.request.NettyRequestSender - Using open Channel [id: 0x6340ada6, L:/127.0.0.1:50272 - R:localhost/127.0.0.1:2054] for POST '/session/0db3092b7c6ee490e0b2cf8813e970df/element'
19:35:00.096 [AsyncHttpClient-1-2] DEBUG org.asynchttpclient.netty.handler.HttpHandler - 

Request DefaultHttpRequest(decodeResult: success, version: HTTP/1.1)
POST /session/0db3092b7c6ee490e0b2cf8813e970df/element HTTP/1.1
User-Agent: selenium/4.12.0 (java windows)
Content-Length: 74
Content-Type: application/json; charset=utf-8
host: localhost:2054
accept: */*

Response DefaultHttpResponse(decodeResult: success, version: HTTP/1.1)
HTTP/1.1 200 OK
Content-Length: 126
Content-Type: application/json; charset=utf-8
cache-control: no-cache

19:35:00.096 [AsyncHttpClient-1-2] DEBUG org.asynchttpclient.netty.channel.ChannelManager - Adding key: http://localhost:2054 for channel [id: 0x6340ada6, L:/127.0.0.1:50272 - R:localhost/127.0.0.1:2054]
19:35:00.098 [Forwarding clickElement on session 0db3092b7c6ee490e0b2cf8813e970df to remote] DEBUG org.asynchttpclient.netty.request.NettyRequestSender - Using pooled Channel '[id: 0x6340ada6, L:/127.0.0.1:50272 - R:localhost/127.0.0.1:2054]' for 'POST' to 'http://localhost:2054/session/0db3092b7c6ee490e0b2cf8813e970df/element/f.CD8E0A13261831C2326B3CE2DACF6075.d.F11E758A01C5311E913D59A484B5AA7B.e.22/click'
19:35:00.098 [Forwarding clickElement on session 0db3092b7c6ee490e0b2cf8813e970df to remote] DEBUG org.asynchttpclient.netty.request.NettyRequestSender - Using open Channel [id: 0x6340ada6, L:/127.0.0.1:50272 - R:localhost/127.0.0.1:2054] for POST '/session/0db3092b7c6ee490e0b2cf8813e970df/element/f.CD8E0A13261831C2326B3CE2DACF6075.d.F11E758A01C5311E913D59A484B5AA7B.e.22/click'
19:35:00.170 [AsyncHttpClient-1-1] DEBUG org.asynchttpclient.netty.channel.DefaultChannelPool - Entry count for : http://localhost:50274 : 1
19:35:00.183 [AsyncHttpClient-1-2] DEBUG org.asynchttpclient.netty.handler.HttpHandler - 

Request DefaultHttpRequest(decodeResult: success, version: HTTP/1.1)
POST /session/0db3092b7c6ee490e0b2cf8813e970df/element/f.CD8E0A13261831C2326B3CE2DACF6075.d.F11E758A01C5311E913D59A484B5AA7B.e.22/click HTTP/1.1
User-Agent: selenium/4.12.0 (java windows)
Content-Length: 88
Content-Type: application/json; charset=utf-8
host: localhost:2054
accept: */*

Response DefaultHttpResponse(decodeResult: success, version: HTTP/1.1)
HTTP/1.1 200 OK
Content-Length: 14
Content-Type: application/json; charset=utf-8
cache-control: no-cache

19:35:00.183 [AsyncHttpClient-1-2] DEBUG org.asynchttpclient.netty.channel.ChannelManager - Adding key: http://localhost:2054 for channel [id: 0x6340ada6, L:/127.0.0.1:50272 - R:localhost/127.0.0.1:2054]
19:35:01.281 [AsyncHttpClient-1-1] DEBUG org.asynchttpclient.netty.channel.DefaultChannelPool - Entry count for : http://localhost:50274 : 1
19:35:01.281 [AsyncHttpClient-1-1] DEBUG org.asynchttpclient.netty.channel.DefaultChannelPool - Entry count for : http://localhost:2054 : 1
19:35:02.373 [AsyncHttpClient-1-1] DEBUG org.asynchttpclient.netty.channel.DefaultChannelPool - Entry count for : http://localhost:50274 : 1
19:35:02.373 [AsyncHttpClient-1-1] DEBUG org.asynchttpclient.netty.channel.DefaultChannelPool - Entry count for : http://localhost:2054 : 1
19:35:03.186 [Forwarding screenshot on session 0db3092b7c6ee490e0b2cf8813e970df to remote] DEBUG org.asynchttpclient.netty.request.NettyRequestSender - Using pooled Channel '[id: 0x6340ada6, L:/127.0.0.1:50272 - R:localhost/127.0.0.1:2054]' for 'GET' to 'http://localhost:2054/session/0db3092b7c6ee490e0b2cf8813e970df/screenshot'
19:35:03.191 [Forwarding screenshot on session 0db3092b7c6ee490e0b2cf8813e970df to remote] DEBUG org.asynchttpclient.netty.request.NettyRequestSender - Using open Channel [id: 0x6340ada6, L:/127.0.0.1:50272 - R:localhost/127.0.0.1:2054] for GET '/session/0db3092b7c6ee490e0b2cf8813e970df/screenshot'
19:35:03.240 [AsyncHttpClient-1-2] DEBUG org.asynchttpclient.netty.handler.HttpHandler - 

Request DefaultFullHttpRequest(decodeResult: success, version: HTTP/1.1, content: EmptyByteBufBE)
GET /session/0db3092b7c6ee490e0b2cf8813e970df/screenshot HTTP/1.1
Cache-Control: no-cache
User-Agent: selenium/4.12.0 (java windows)
Content-Type: application/json; charset=utf-8
host: localhost:2054
accept: */*

Response DefaultHttpResponse(decodeResult: success, version: HTTP/1.1)
HTTP/1.1 200 OK
Content-Length: 5404
Content-Type: application/json; charset=utf-8
cache-control: no-cache

19:35:03.241 [AsyncHttpClient-1-2] DEBUG org.asynchttpclient.netty.channel.ChannelManager - Adding key: http://localhost:2054 for channel [id: 0x6340ada6, L:/127.0.0.1:50272 - R:localhost/127.0.0.1:2054]
  Given I am on dashboardfokisaj290@edectus.com and Fleet@123                 # StepDefination.Customer_onboarding.I_am_on_dashboard(java.lang.String,java.lang.String)
19:35:03.274 [Forwarding findElement on session 0db3092b7c6ee490e0b2cf8813e970df to remote] DEBUG org.asynchttpclient.netty.request.NettyRequestSender - Using pooled Channel '[id: 0x6340ada6, L:/127.0.0.1:50272 - R:localhost/127.0.0.1:2054]' for 'POST' to 'http://localhost:2054/session/0db3092b7c6ee490e0b2cf8813e970df/element'
19:35:03.275 [Forwarding findElement on session 0db3092b7c6ee490e0b2cf8813e970df to remote] DEBUG org.asynchttpclient.netty.request.NettyRequestSender - Using open Channel [id: 0x6340ada6, L:/127.0.0.1:50272 - R:localhost/127.0.0.1:2054] for POST '/session/0db3092b7c6ee490e0b2cf8813e970df/element'
19:35:03.288 [AsyncHttpClient-1-2] DEBUG org.asynchttpclient.netty.handler.HttpHandler - 

Request DefaultHttpRequest(decodeResult: success, version: HTTP/1.1)
POST /session/0db3092b7c6ee490e0b2cf8813e970df/element HTTP/1.1
User-Agent: selenium/4.12.0 (java windows)
Content-Length: 127
Content-Type: application/json; charset=utf-8
host: localhost:2054
accept: */*

Response DefaultHttpResponse(decodeResult: success, version: HTTP/1.1)
HTTP/1.1 200 OK
Content-Length: 126
Content-Type: application/json; charset=utf-8
cache-control: no-cache

19:35:03.288 [AsyncHttpClient-1-2] DEBUG org.asynchttpclient.netty.channel.ChannelManager - Adding key: http://localhost:2054 for channel [id: 0x6340ada6, L:/127.0.0.1:50272 - R:localhost/127.0.0.1:2054]
19:35:03.288 [Forwarding getElementText on session 0db3092b7c6ee490e0b2cf8813e970df to remote] DEBUG org.asynchttpclient.netty.request.NettyRequestSender - Using pooled Channel '[id: 0x6340ada6, L:/127.0.0.1:50272 - R:localhost/127.0.0.1:2054]' for 'GET' to 'http://localhost:2054/session/0db3092b7c6ee490e0b2cf8813e970df/element/f.CD8E0A13261831C2326B3CE2DACF6075.d.53444FCE67EF330B8AEDDA2904E7688C.e.32/text'
19:35:03.288 [Forwarding getElementText on session 0db3092b7c6ee490e0b2cf8813e970df to remote] DEBUG org.asynchttpclient.netty.request.NettyRequestSender - Using open Channel [id: 0x6340ada6, L:/127.0.0.1:50272 - R:localhost/127.0.0.1:2054] for GET '/session/0db3092b7c6ee490e0b2cf8813e970df/element/f.CD8E0A13261831C2326B3CE2DACF6075.d.53444FCE67EF330B8AEDDA2904E7688C.e.32/text'
19:35:03.302 [AsyncHttpClient-1-2] DEBUG org.asynchttpclient.netty.handler.HttpHandler - 

Request DefaultFullHttpRequest(decodeResult: success, version: HTTP/1.1, content: EmptyByteBufBE)
GET /session/0db3092b7c6ee490e0b2cf8813e970df/element/f.CD8E0A13261831C2326B3CE2DACF6075.d.53444FCE67EF330B8AEDDA2904E7688C.e.32/text HTTP/1.1
Cache-Control: no-cache
User-Agent: selenium/4.12.0 (java windows)
Content-Type: application/json; charset=utf-8
host: localhost:2054
accept: */*

Response DefaultHttpResponse(decodeResult: success, version: HTTP/1.1)
HTTP/1.1 200 OK
Content-Length: 21
Content-Type: application/json; charset=utf-8
cache-control: no-cache

19:35:03.302 [AsyncHttpClient-1-2] DEBUG org.asynchttpclient.netty.channel.ChannelManager - Adding key: http://localhost:2054 for channel [id: 0x6340ada6, L:/127.0.0.1:50272 - R:localhost/127.0.0.1:2054]
19:35:03.305 [Forwarding findElement on session 0db3092b7c6ee490e0b2cf8813e970df to remote] DEBUG org.asynchttpclient.netty.request.NettyRequestSender - Using pooled Channel '[id: 0x6340ada6, L:/127.0.0.1:50272 - R:localhost/127.0.0.1:2054]' for 'POST' to 'http://localhost:2054/session/0db3092b7c6ee490e0b2cf8813e970df/element'
19:35:03.305 [Forwarding findElement on session 0db3092b7c6ee490e0b2cf8813e970df to remote] DEBUG org.asynchttpclient.netty.request.NettyRequestSender - Using open Channel [id: 0x6340ada6, L:/127.0.0.1:50272 - R:localhost/127.0.0.1:2054] for POST '/session/0db3092b7c6ee490e0b2cf8813e970df/element'
19:35:03.328 [AsyncHttpClient-1-2] DEBUG org.asynchttpclient.netty.handler.HttpHandler - 

Request DefaultHttpRequest(decodeResult: success, version: HTTP/1.1)
POST /session/0db3092b7c6ee490e0b2cf8813e970df/element HTTP/1.1
User-Agent: selenium/4.12.0 (java windows)
Content-Length: 127
Content-Type: application/json; charset=utf-8
host: localhost:2054
accept: */*

Response DefaultHttpResponse(decodeResult: success, version: HTTP/1.1)
HTTP/1.1 200 OK
Content-Length: 126
Content-Type: application/json; charset=utf-8
cache-control: no-cache

19:35:03.328 [AsyncHttpClient-1-2] DEBUG org.asynchttpclient.netty.channel.ChannelManager - Adding key: http://localhost:2054 for channel [id: 0x6340ada6, L:/127.0.0.1:50272 - R:localhost/127.0.0.1:2054]
19:35:03.328 [Forwarding clickElement on session 0db3092b7c6ee490e0b2cf8813e970df to remote] DEBUG org.asynchttpclient.netty.request.NettyRequestSender - Using pooled Channel '[id: 0x6340ada6, L:/127.0.0.1:50272 - R:localhost/127.0.0.1:2054]' for 'POST' to 'http://localhost:2054/session/0db3092b7c6ee490e0b2cf8813e970df/element/f.CD8E0A13261831C2326B3CE2DACF6075.d.53444FCE67EF330B8AEDDA2904E7688C.e.32/click'
19:35:03.328 [Forwarding clickElement on session 0db3092b7c6ee490e0b2cf8813e970df to remote] DEBUG org.asynchttpclient.netty.request.NettyRequestSender - Using open Channel [id: 0x6340ada6, L:/127.0.0.1:50272 - R:localhost/127.0.0.1:2054] for POST '/session/0db3092b7c6ee490e0b2cf8813e970df/element/f.CD8E0A13261831C2326B3CE2DACF6075.d.53444FCE67EF330B8AEDDA2904E7688C.e.32/click'
19:35:03.406 [AsyncHttpClient-1-2] DEBUG org.asynchttpclient.netty.handler.HttpHandler - 

Request DefaultHttpRequest(decodeResult: success, version: HTTP/1.1)
POST /session/0db3092b7c6ee490e0b2cf8813e970df/element/f.CD8E0A13261831C2326B3CE2DACF6075.d.53444FCE67EF330B8AEDDA2904E7688C.e.32/click HTTP/1.1
User-Agent: selenium/4.12.0 (java windows)
Content-Length: 88
Content-Type: application/json; charset=utf-8
host: localhost:2054
accept: */*

Response DefaultHttpResponse(decodeResult: success, version: HTTP/1.1)
HTTP/1.1 200 OK
Content-Length: 14
Content-Type: application/json; charset=utf-8
cache-control: no-cache

19:35:03.406 [AsyncHttpClient-1-2] DEBUG org.asynchttpclient.netty.channel.ChannelManager - Adding key: http://localhost:2054 for channel [id: 0x6340ada6, L:/127.0.0.1:50272 - R:localhost/127.0.0.1:2054]
19:35:03.472 [AsyncHttpClient-1-1] DEBUG org.asynchttpclient.netty.channel.DefaultChannelPool - Entry count for : http://localhost:50274 : 1
19:35:03.473 [AsyncHttpClient-1-1] DEBUG org.asynchttpclient.netty.channel.DefaultChannelPool - Entry count for : http://localhost:2054 : 1
19:35:04.571 [AsyncHttpClient-1-1] DEBUG org.asynchttpclient.netty.channel.DefaultChannelPool - Entry count for : http://localhost:50274 : 1
19:35:04.571 [AsyncHttpClient-1-1] DEBUG org.asynchttpclient.netty.channel.DefaultChannelPool - Entry count for : http://localhost:2054 : 1
19:35:05.413 [Forwarding screenshot on session 0db3092b7c6ee490e0b2cf8813e970df to remote] DEBUG org.asynchttpclient.netty.request.NettyRequestSender - Using pooled Channel '[id: 0x6340ada6, L:/127.0.0.1:50272 - R:localhost/127.0.0.1:2054]' for 'GET' to 'http://localhost:2054/session/0db3092b7c6ee490e0b2cf8813e970df/screenshot'
19:35:05.414 [Forwarding screenshot on session 0db3092b7c6ee490e0b2cf8813e970df to remote] DEBUG org.asynchttpclient.netty.request.NettyRequestSender - Using open Channel [id: 0x6340ada6, L:/127.0.0.1:50272 - R:localhost/127.0.0.1:2054] for GET '/session/0db3092b7c6ee490e0b2cf8813e970df/screenshot'
19:35:05.467 [AsyncHttpClient-1-2] DEBUG org.asynchttpclient.netty.handler.HttpHandler - 

Request DefaultFullHttpRequest(decodeResult: success, version: HTTP/1.1, content: EmptyByteBufBE)
GET /session/0db3092b7c6ee490e0b2cf8813e970df/screenshot HTTP/1.1
Cache-Control: no-cache
User-Agent: selenium/4.12.0 (java windows)
Content-Type: application/json; charset=utf-8
host: localhost:2054
accept: */*

Response DefaultHttpResponse(decodeResult: success, version: HTTP/1.1)
HTTP/1.1 200 OK
Content-Length: 4624
Content-Type: application/json; charset=utf-8
cache-control: no-cache

19:35:05.469 [AsyncHttpClient-1-2] DEBUG org.asynchttpclient.netty.channel.ChannelManager - Adding key: http://localhost:2054 for channel [id: 0x6340ada6, L:/127.0.0.1:50272 - R:localhost/127.0.0.1:2054]
19:35:05.483 [Forwarding findElement on session 0db3092b7c6ee490e0b2cf8813e970df to remote] DEBUG org.asynchttpclient.netty.request.NettyRequestSender - Using pooled Channel '[id: 0x6340ada6, L:/127.0.0.1:50272 - R:localhost/127.0.0.1:2054]' for 'POST' to 'http://localhost:2054/session/0db3092b7c6ee490e0b2cf8813e970df/element'
19:35:05.483 [Forwarding findElement on session 0db3092b7c6ee490e0b2cf8813e970df to remote] DEBUG org.asynchttpclient.netty.request.NettyRequestSender - Using open Channel [id: 0x6340ada6, L:/127.0.0.1:50272 - R:localhost/127.0.0.1:2054] for POST '/session/0db3092b7c6ee490e0b2cf8813e970df/element'
19:35:05.499 [AsyncHttpClient-1-2] DEBUG org.asynchttpclient.netty.handler.HttpHandler - 

Request DefaultHttpRequest(decodeResult: success, version: HTTP/1.1)
POST /session/0db3092b7c6ee490e0b2cf8813e970df/element HTTP/1.1
User-Agent: selenium/4.12.0 (java windows)
Content-Length: 178
Content-Type: application/json; charset=utf-8
host: localhost:2054
accept: */*

Response DefaultHttpResponse(decodeResult: success, version: HTTP/1.1)
HTTP/1.1 200 OK
Content-Length: 126
Content-Type: application/json; charset=utf-8
cache-control: no-cache

19:35:05.500 [AsyncHttpClient-1-2] DEBUG org.asynchttpclient.netty.channel.ChannelManager - Adding key: http://localhost:2054 for channel [id: 0x6340ada6, L:/127.0.0.1:50272 - R:localhost/127.0.0.1:2054]
19:35:05.504 [Forwarding getElementText on session 0db3092b7c6ee490e0b2cf8813e970df to remote] DEBUG org.asynchttpclient.netty.request.NettyRequestSender - Using pooled Channel '[id: 0x6340ada6, L:/127.0.0.1:50272 - R:localhost/127.0.0.1:2054]' for 'GET' to 'http://localhost:2054/session/0db3092b7c6ee490e0b2cf8813e970df/element/f.CD8E0A13261831C2326B3CE2DACF6075.d.53444FCE67EF330B8AEDDA2904E7688C.e.37/text'
19:35:05.505 [Forwarding getElementText on session 0db3092b7c6ee490e0b2cf8813e970df to remote] DEBUG org.asynchttpclient.netty.request.NettyRequestSender - Using open Channel [id: 0x6340ada6, L:/127.0.0.1:50272 - R:localhost/127.0.0.1:2054] for GET '/session/0db3092b7c6ee490e0b2cf8813e970df/element/f.CD8E0A13261831C2326B3CE2DACF6075.d.53444FCE67EF330B8AEDDA2904E7688C.e.37/text'
19:35:05.518 [AsyncHttpClient-1-2] DEBUG org.asynchttpclient.netty.handler.HttpHandler - 

Request DefaultFullHttpRequest(decodeResult: success, version: HTTP/1.1, content: EmptyByteBufBE)
GET /session/0db3092b7c6ee490e0b2cf8813e970df/element/f.CD8E0A13261831C2326B3CE2DACF6075.d.53444FCE67EF330B8AEDDA2904E7688C.e.37/text HTTP/1.1
Cache-Control: no-cache
User-Agent: selenium/4.12.0 (java windows)
Content-Type: application/json; charset=utf-8
host: localhost:2054
accept: */*

Response DefaultHttpResponse(decodeResult: success, version: HTTP/1.1)
HTTP/1.1 200 OK
Content-Length: 28
Content-Type: application/json; charset=utf-8
cache-control: no-cache

19:35:05.518 [AsyncHttpClient-1-2] DEBUG org.asynchttpclient.netty.channel.ChannelManager - Adding key: http://localhost:2054 for channel [id: 0x6340ada6, L:/127.0.0.1:50272 - R:localhost/127.0.0.1:2054]
19:35:05.522 [Forwarding findElement on session 0db3092b7c6ee490e0b2cf8813e970df to remote] DEBUG org.asynchttpclient.netty.request.NettyRequestSender - Using pooled Channel '[id: 0x6340ada6, L:/127.0.0.1:50272 - R:localhost/127.0.0.1:2054]' for 'POST' to 'http://localhost:2054/session/0db3092b7c6ee490e0b2cf8813e970df/element'
19:35:05.522 [Forwarding findElement on session 0db3092b7c6ee490e0b2cf8813e970df to remote] DEBUG org.asynchttpclient.netty.request.NettyRequestSender - Using open Channel [id: 0x6340ada6, L:/127.0.0.1:50272 - R:localhost/127.0.0.1:2054] for POST '/session/0db3092b7c6ee490e0b2cf8813e970df/element'
19:35:05.532 [AsyncHttpClient-1-2] DEBUG org.asynchttpclient.netty.handler.HttpHandler - 

Request DefaultHttpRequest(decodeResult: success, version: HTTP/1.1)
POST /session/0db3092b7c6ee490e0b2cf8813e970df/element HTTP/1.1
User-Agent: selenium/4.12.0 (java windows)
Content-Length: 178
Content-Type: application/json; charset=utf-8
host: localhost:2054
accept: */*

Response DefaultHttpResponse(decodeResult: success, version: HTTP/1.1)
HTTP/1.1 200 OK
Content-Length: 126
Content-Type: application/json; charset=utf-8
cache-control: no-cache

19:35:05.532 [AsyncHttpClient-1-2] DEBUG org.asynchttpclient.netty.channel.ChannelManager - Adding key: http://localhost:2054 for channel [id: 0x6340ada6, L:/127.0.0.1:50272 - R:localhost/127.0.0.1:2054]
19:35:05.536 [Forwarding clickElement on session 0db3092b7c6ee490e0b2cf8813e970df to remote] DEBUG org.asynchttpclient.netty.request.NettyRequestSender - Using pooled Channel '[id: 0x6340ada6, L:/127.0.0.1:50272 - R:localhost/127.0.0.1:2054]' for 'POST' to 'http://localhost:2054/session/0db3092b7c6ee490e0b2cf8813e970df/element/f.CD8E0A13261831C2326B3CE2DACF6075.d.53444FCE67EF330B8AEDDA2904E7688C.e.37/click'
19:35:05.537 [Forwarding clickElement on session 0db3092b7c6ee490e0b2cf8813e970df to remote] DEBUG org.asynchttpclient.netty.request.NettyRequestSender - Using open Channel [id: 0x6340ada6, L:/127.0.0.1:50272 - R:localhost/127.0.0.1:2054] for POST '/session/0db3092b7c6ee490e0b2cf8813e970df/element/f.CD8E0A13261831C2326B3CE2DACF6075.d.53444FCE67EF330B8AEDDA2904E7688C.e.37/click'
19:35:05.607 [AsyncHttpClient-1-2] DEBUG org.asynchttpclient.netty.handler.HttpHandler - 

Request DefaultHttpRequest(decodeResult: success, version: HTTP/1.1)
POST /session/0db3092b7c6ee490e0b2cf8813e970df/element/f.CD8E0A13261831C2326B3CE2DACF6075.d.53444FCE67EF330B8AEDDA2904E7688C.e.37/click HTTP/1.1
User-Agent: selenium/4.12.0 (java windows)
Content-Length: 88
Content-Type: application/json; charset=utf-8
host: localhost:2054
accept: */*

Response DefaultHttpResponse(decodeResult: success, version: HTTP/1.1)
HTTP/1.1 200 OK
Content-Length: 14
Content-Type: application/json; charset=utf-8
cache-control: no-cache

19:35:05.607 [AsyncHttpClient-1-2] DEBUG org.asynchttpclient.netty.channel.ChannelManager - Adding key: http://localhost:2054 for channel [id: 0x6340ada6, L:/127.0.0.1:50272 - R:localhost/127.0.0.1:2054]
  When Open customer form                                                     # StepDefination.Customer_onboarding.Open_customer_form()
19:35:05.670 [AsyncHttpClient-1-1] DEBUG org.asynchttpclient.netty.channel.DefaultChannelPool - Entry count for : http://localhost:50274 : 1
19:35:05.670 [AsyncHttpClient-1-1] DEBUG org.asynchttpclient.netty.channel.DefaultChannelPool - Entry count for : http://localhost:2054 : 1
19:35:06.616 [Forwarding findElement on session 0db3092b7c6ee490e0b2cf8813e970df to remote] DEBUG org.asynchttpclient.netty.request.NettyRequestSender - Using pooled Channel '[id: 0x6340ada6, L:/127.0.0.1:50272 - R:localhost/127.0.0.1:2054]' for 'POST' to 'http://localhost:2054/session/0db3092b7c6ee490e0b2cf8813e970df/element'
19:35:06.617 [Forwarding findElement on session 0db3092b7c6ee490e0b2cf8813e970df to remote] DEBUG org.asynchttpclient.netty.request.NettyRequestSender - Using open Channel [id: 0x6340ada6, L:/127.0.0.1:50272 - R:localhost/127.0.0.1:2054] for POST '/session/0db3092b7c6ee490e0b2cf8813e970df/element'
19:35:06.633 [AsyncHttpClient-1-2] DEBUG org.asynchttpclient.netty.handler.HttpHandler - 

Request DefaultHttpRequest(decodeResult: success, version: HTTP/1.1)
POST /session/0db3092b7c6ee490e0b2cf8813e970df/element HTTP/1.1
User-Agent: selenium/4.12.0 (java windows)
Content-Length: 114
Content-Type: application/json; charset=utf-8
host: localhost:2054
accept: */*

Response DefaultHttpResponse(decodeResult: success, version: HTTP/1.1)
HTTP/1.1 404 Not Found
Content-Length: 1101
Content-Type: application/json; charset=utf-8
cache-control: no-cache

19:35:06.634 [AsyncHttpClient-1-2] DEBUG org.asynchttpclient.netty.channel.ChannelManager - Adding key: http://localhost:2054 for channel [id: 0x6340ada6, L:/127.0.0.1:50272 - R:localhost/127.0.0.1:2054]
  And Provide the company DetailsRoyal_Steel 447788 Sara_Sharma www.royal.com # StepDefination.Customer_onboarding.Provide_the_customer_Details(java.lang.String,java.lang.String,java.lang.String,java.lang.String)
      org.openqa.selenium.NoSuchElementException: no such element: Unable to locate element: {"method":"xpath","selector":"//input[@name='companyName' and @placeholder='Enter Customer Name']"}
  (Session info: chrome=131.0.6778.265)
For documentation on this error, please visit: https://www.selenium.dev/documentation/webdriver/troubleshooting/errors#no-such-element-exception
Build info: version: '4.12.0', revision: '249f2a7d1b*'
System info: os.name: 'Windows 11', os.arch: 'amd64', os.version: '10.0', java.version: '23.0.1'
Driver info: org.openqa.selenium.chrome.ChromeDriver
Command: [0db3092b7c6ee490e0b2cf8813e970df, findElement {using=xpath, value=//input[@name='companyName' and @placeholder='Enter Customer Name']}]
Capabilities {acceptInsecureCerts: false, browserName: chrome, browserVersion: 131.0.6778.265, chrome: {chromedriverVersion: 131.0.6778.204 (52183f9e99a..., userDataDir: C:\Windows\SystemTemp\scope...}, fedcm:accounts: true, goog:chromeOptions: {debuggerAddress: localhost:50274}, networkConnectionEnabled: false, pageLoadStrategy: normal, platformName: windows, proxy: Proxy(), se:cdp: ws://localhost:50274/devtoo..., se:cdpVersion: 131.0.6778.265, setWindowRect: true, strictFileInteractability: false, timeouts: {implicit: 0, pageLoad: 300000, script: 30000}, unhandledPromptBehavior: dismiss and notify, webauthn:extension:credBlob: true, webauthn:extension:largeBlob: true, webauthn:extension:minPinLength: true, webauthn:extension:prf: true, webauthn:virtualAuthenticators: true}
Session ID: 0db3092b7c6ee490e0b2cf8813e970df
	at java.base/jdk.internal.reflect.DirectConstructorHandleAccessor.newInstance(DirectConstructorHandleAccessor.java:62)
	at java.base/java.lang.reflect.Constructor.newInstanceWithCaller(Constructor.java:501)
	at java.base/java.lang.reflect.Constructor.newInstance(Constructor.java:485)
	at org.openqa.selenium.remote.codec.w3c.W3CHttpResponseCodec.createException(W3CHttpResponseCodec.java:200)
	at org.openqa.selenium.remote.codec.w3c.W3CHttpResponseCodec.decode(W3CHttpResponseCodec.java:133)
	at org.openqa.selenium.remote.codec.w3c.W3CHttpResponseCodec.decode(W3CHttpResponseCodec.java:52)
	at org.openqa.selenium.remote.HttpCommandExecutor.execute(HttpCommandExecutor.java:191)
	at org.openqa.selenium.remote.service.DriverCommandExecutor.invokeExecute(DriverCommandExecutor.java:196)
	at org.openqa.selenium.remote.service.DriverCommandExecutor.execute(DriverCommandExecutor.java:171)
	at org.openqa.selenium.remote.RemoteWebDriver.execute(RemoteWebDriver.java:602)
	at org.openqa.selenium.remote.ElementLocation$ElementFinder$2.findElement(ElementLocation.java:165)
	at org.openqa.selenium.remote.ElementLocation.findElement(ElementLocation.java:59)
	at org.openqa.selenium.remote.RemoteWebDriver.findElement(RemoteWebDriver.java:359)
	at org.openqa.selenium.remote.RemoteWebDriver.findElement(RemoteWebDriver.java:353)
	at org.openqa.selenium.support.pagefactory.DefaultElementLocator.findElement(DefaultElementLocator.java:68)
	at org.openqa.selenium.support.pagefactory.internal.LocatingElementHandler.invoke(LocatingElementHandler.java:38)
	at jdk.proxy2/jdk.proxy2.$Proxy23.sendKeys(Unknown Source)
	at PageObjects.Customer_objects.Enter_Company_details(Customer_objects.java:124)
	at StepDefination.Customer_onboarding.Provide_the_customer_Details(Customer_onboarding.java:45)
	at ✽.Provide the company DetailsRoyal_Steel 447788 Sara_Sharma www.royal.com(file:///C:/Users/Aniket%20Satpute/eclipse-workspace/FleetProject/src/test/resources/Customers/Customer_form.feature:7)

  And Provide the contact Details9865768576 royal@mail.com                    # StepDefination.Customer_onboarding.Provide_the_contact_Details(java.lang.String,java.lang.String)
  And Provide the alternate Details859889569 alt@mail.com                     # StepDefination.Customer_onboarding.Provide_the_alternate_Details(java.lang.String,java.lang.String)
  And Provide the Address DetailsMain_street001 YK FL 987678 USA              # StepDefination.Customer_onboarding.Provide_the_address_Details(java.lang.String,java.lang.String,java.lang.String,java.lang.String,java.lang.String)
  And Provide the bookvia with Emailroyal.book.com                            # StepDefination.Customer_onboarding.Provide_the_bookvia_email(java.lang.String)
  And Provide the special_instructionsspecial_instruction_customer            # StepDefination.Customer_onboarding.Provide_the_special_instructions(java.lang.String)
  And Provide the Business hour04:00 15:00                                    # StepDefination.Customer_onboarding.Provide_the_business_hores(java.lang.String,java.lang.String)
  When Submit the form                                                        # StepDefination.Customer_onboarding.Submit_the_form()
  Then customer successsfully added                                           # StepDefination.Customer_onboarding.customer_successsfully_added()
  And Close_Window                                                            # StepDefination.Customer_onboarding.close_window()
]]></system-out>
    <system-err><![CDATA[Jan 14, 2025 7:34:10 PM org.openqa.selenium.devtools.CdpVersionFinder findNearestMatch
WARNING: Unable to find CDP implementation matching 131
Jan 14, 2025 7:34:10 PM org.openqa.selenium.chromium.ChromiumDriver lambda$new$5
WARNING: Unable to find version of CDP to use for 131.0.6778.265. You may need to include a dependency on a specific version of the CDP using something similar to `org.seleniumhq.selenium:selenium-devtools-v86:4.12.0` where the version ("v86") matches the version of the chromium-based browser you're using and the version number of the artifact is the same as Selenium's.
]]></system-err>
  </testcase>
  <testcase name="Add single customer with company name and address" classname="Customer Onboarding form" time="63.004">
    <system-out><![CDATA[
Scenario Outline: Add single customer with company name and address # src/test/resources/Customers/Customer_form.feature:34
19:35:06.770 [AsyncHttpClient-1-1] DEBUG org.asynchttpclient.netty.channel.DefaultChannelPool - Entry count for : http://localhost:50274 : 1
19:35:06.770 [AsyncHttpClient-1-1] DEBUG org.asynchttpclient.netty.channel.DefaultChannelPool - Entry count for : http://localhost:2054 : 1
19:35:06.943 [AsyncHttpClient-1-5] DEBUG org.asynchttpclient.netty.channel.NettyConnectListener - Using new Channel '[id: 0x190caff9, L:/127.0.0.1:50342 - R:localhost/127.0.0.1:43867]' for 'POST' to '/session'
19:35:07.871 [AsyncHttpClient-1-1] DEBUG org.asynchttpclient.netty.channel.DefaultChannelPool - Entry count for : http://localhost:50274 : 1
19:35:07.871 [AsyncHttpClient-1-1] DEBUG org.asynchttpclient.netty.channel.DefaultChannelPool - Entry count for : http://localhost:2054 : 1
19:35:07.972 [AsyncHttpClient-1-5] DEBUG org.asynchttpclient.netty.handler.HttpHandler - 

Request DefaultHttpRequest(decodeResult: success, version: HTTP/1.1)
POST /session HTTP/1.1
User-Agent: selenium/4.12.0 (java windows)
Content-Length: 254
Content-Type: application/json; charset=utf-8
host: localhost:43867
accept: */*

Response DefaultHttpResponse(decodeResult: success, version: HTTP/1.1)
HTTP/1.1 200 OK
Content-Length: 869
Content-Type: application/json; charset=utf-8
cache-control: no-cache

19:35:07.972 [AsyncHttpClient-1-5] DEBUG org.asynchttpclient.netty.channel.ChannelManager - Adding key: http://localhost:43867 for channel [id: 0x190caff9, L:/127.0.0.1:50342 - R:localhost/127.0.0.1:43867]
19:35:07.983 [AsyncHttpClient-1-6] DEBUG org.asynchttpclient.netty.channel.NettyConnectListener - Using new Channel '[id: 0x00fdef43, L:/127.0.0.1:50350 - R:localhost/127.0.0.1:50343]' for 'GET' to '/json/version'
19:35:07.987 [AsyncHttpClient-1-6] DEBUG org.asynchttpclient.netty.handler.HttpHandler - 

Request DefaultFullHttpRequest(decodeResult: success, version: HTTP/1.1, content: EmptyByteBufBE)
GET /json/version HTTP/1.1
User-Agent: selenium/4.12.0 (java windows)
host: localhost:50343
accept: */*

Response DefaultHttpResponse(decodeResult: success, version: HTTP/1.1)
HTTP/1.1 200 OK
Content-Security-Policy: frame-ancestors 'none'
Content-Length: 424
Content-Type: application/json; charset=UTF-8

19:35:07.987 [AsyncHttpClient-1-6] DEBUG org.asynchttpclient.netty.channel.ChannelManager - Adding key: http://localhost:50343 for channel [id: 0x00fdef43, L:/127.0.0.1:50350 - R:localhost/127.0.0.1:50343]
19:35:07.991 [AsyncHttpClient-1-7] DEBUG org.asynchttpclient.netty.channel.NettyConnectListener - Using new Channel '[id: 0x75228e01, L:/127.0.0.1:50351 - R:localhost/127.0.0.1:50343]' for 'GET' to '/devtools/browser/d2f3b669-b7b8-44d3-848c-ffb0dd5bfdec'
19:35:07.996 [AsyncHttpClient-1-7] DEBUG org.asynchttpclient.netty.handler.WebSocketHandler - 

Request DefaultFullHttpRequest(decodeResult: success, version: HTTP/1.1, content: EmptyByteBufBE)
GET /devtools/browser/d2f3b669-b7b8-44d3-848c-ffb0dd5bfdec HTTP/1.1
upgrade: websocket
connection: upgrade
sec-websocket-key: PmuwMCjyJdFUR0wpJ46jLw==
sec-websocket-version: 13
origin: http://localhost:50343
host: localhost:50343
accept: */*
user-agent: AHC/2.1

Response DefaultHttpResponse(decodeResult: success, version: HTTP/1.1)
HTTP/1.1 101 WebSocket Protocol Handshake
Upgrade: WebSocket
Connection: Upgrade
Sec-WebSocket-Accept: 8kgbh8jw60hz8X1H3Em4wrNk/go=

19:35:08.004 [Forwarding get on session d425dfcc20970418c7604a8c7efc49bc to remote] DEBUG org.asynchttpclient.netty.request.NettyRequestSender - Using pooled Channel '[id: 0x190caff9, L:/127.0.0.1:50342 - R:localhost/127.0.0.1:43867]' for 'POST' to 'http://localhost:43867/session/d425dfcc20970418c7604a8c7efc49bc/url'
19:35:08.004 [Forwarding get on session d425dfcc20970418c7604a8c7efc49bc to remote] DEBUG org.asynchttpclient.netty.request.NettyRequestSender - Using open Channel [id: 0x190caff9, L:/127.0.0.1:50342 - R:localhost/127.0.0.1:43867] for POST '/session/d425dfcc20970418c7604a8c7efc49bc/url'
19:35:08.984 [AsyncHttpClient-1-1] DEBUG org.asynchttpclient.netty.channel.DefaultChannelPool - Entry count for : http://localhost:50274 : 1
19:35:08.984 [AsyncHttpClient-1-1] DEBUG org.asynchttpclient.netty.channel.DefaultChannelPool - Entry count for : http://localhost:2054 : 1
19:35:08.984 [AsyncHttpClient-1-1] DEBUG org.asynchttpclient.netty.channel.DefaultChannelPool - Entry count for : http://localhost:50343 : 1
19:35:10.070 [AsyncHttpClient-1-1] DEBUG org.asynchttpclient.netty.channel.DefaultChannelPool - Entry count for : http://localhost:50274 : 1
19:35:10.070 [AsyncHttpClient-1-1] DEBUG org.asynchttpclient.netty.channel.DefaultChannelPool - Entry count for : http://localhost:2054 : 1
19:35:10.070 [AsyncHttpClient-1-1] DEBUG org.asynchttpclient.netty.channel.DefaultChannelPool - Entry count for : http://localhost:50343 : 1
19:35:10.070 [AsyncHttpClient-1-1] DEBUG org.asynchttpclient.netty.channel.DefaultChannelPool - Adding Candidate expired Channel [id: 0x26230e8e, L:/127.0.0.1:50280 - R:localhost/127.0.0.1:50274] isIdleTimeoutExpired=true isRemotelyClosed=false isTtlExpired=false
19:35:10.070 [AsyncHttpClient-1-1] DEBUG org.asynchttpclient.netty.channel.DefaultChannelPool - Closing Idle Channel [id: 0x26230e8e, L:/127.0.0.1:50280 - R:localhost/127.0.0.1:50274]
19:35:10.071 [AsyncHttpClient-1-1] DEBUG org.asynchttpclient.netty.channel.DefaultChannelPool - Closed 1 connections out of 3 in 1 ms
19:35:10.072 [AsyncHttpClient-1-3] DEBUG org.asynchttpclient.netty.handler.HttpHandler - Channel Closed: [id: 0x26230e8e, L:/127.0.0.1:50280 ! R:localhost/127.0.0.1:50274] with attribute DISCARD
19:35:11.180 [AsyncHttpClient-1-1] DEBUG org.asynchttpclient.netty.channel.DefaultChannelPool - Entry count for : http://localhost:2054 : 1
19:35:11.180 [AsyncHttpClient-1-1] DEBUG org.asynchttpclient.netty.channel.DefaultChannelPool - Entry count for : http://localhost:50343 : 1
19:35:12.270 [AsyncHttpClient-1-1] DEBUG org.asynchttpclient.netty.channel.DefaultChannelPool - Entry count for : http://localhost:2054 : 1
19:35:12.270 [AsyncHttpClient-1-1] DEBUG org.asynchttpclient.netty.channel.DefaultChannelPool - Entry count for : http://localhost:50343 : 1
19:35:13.374 [AsyncHttpClient-1-1] DEBUG org.asynchttpclient.netty.channel.DefaultChannelPool - Entry count for : http://localhost:2054 : 1
19:35:13.374 [AsyncHttpClient-1-1] DEBUG org.asynchttpclient.netty.channel.DefaultChannelPool - Entry count for : http://localhost:50343 : 1
19:35:14.476 [AsyncHttpClient-1-1] DEBUG org.asynchttpclient.netty.channel.DefaultChannelPool - Entry count for : http://localhost:2054 : 1
19:35:14.476 [AsyncHttpClient-1-1] DEBUG org.asynchttpclient.netty.channel.DefaultChannelPool - Entry count for : http://localhost:50343 : 1
19:35:15.585 [AsyncHttpClient-1-1] DEBUG org.asynchttpclient.netty.channel.DefaultChannelPool - Entry count for : http://localhost:2054 : 1
19:35:15.585 [AsyncHttpClient-1-1] DEBUG org.asynchttpclient.netty.channel.DefaultChannelPool - Entry count for : http://localhost:50343 : 1
19:35:16.671 [AsyncHttpClient-1-1] DEBUG org.asynchttpclient.netty.channel.DefaultChannelPool - Entry count for : http://localhost:2054 : 1
19:35:16.671 [AsyncHttpClient-1-1] DEBUG org.asynchttpclient.netty.channel.DefaultChannelPool - Entry count for : http://localhost:50343 : 1
19:35:17.775 [AsyncHttpClient-1-1] DEBUG org.asynchttpclient.netty.channel.DefaultChannelPool - Entry count for : http://localhost:2054 : 1
19:35:17.775 [AsyncHttpClient-1-1] DEBUG org.asynchttpclient.netty.channel.DefaultChannelPool - Entry count for : http://localhost:50343 : 1
19:35:18.880 [AsyncHttpClient-1-1] DEBUG org.asynchttpclient.netty.channel.DefaultChannelPool - Entry count for : http://localhost:2054 : 1
19:35:18.882 [AsyncHttpClient-1-1] DEBUG org.asynchttpclient.netty.channel.DefaultChannelPool - Entry count for : http://localhost:50343 : 1
19:35:19.971 [AsyncHttpClient-1-1] DEBUG org.asynchttpclient.netty.channel.DefaultChannelPool - Entry count for : http://localhost:2054 : 1
19:35:19.971 [AsyncHttpClient-1-1] DEBUG org.asynchttpclient.netty.channel.DefaultChannelPool - Entry count for : http://localhost:50343 : 1
19:35:21.072 [AsyncHttpClient-1-1] DEBUG org.asynchttpclient.netty.channel.DefaultChannelPool - Entry count for : http://localhost:2054 : 1
19:35:21.072 [AsyncHttpClient-1-1] DEBUG org.asynchttpclient.netty.channel.DefaultChannelPool - Entry count for : http://localhost:50343 : 1
19:35:22.170 [AsyncHttpClient-1-1] DEBUG org.asynchttpclient.netty.channel.DefaultChannelPool - Entry count for : http://localhost:2054 : 1
19:35:22.170 [AsyncHttpClient-1-1] DEBUG org.asynchttpclient.netty.channel.DefaultChannelPool - Entry count for : http://localhost:50343 : 1
19:35:23.279 [AsyncHttpClient-1-1] DEBUG org.asynchttpclient.netty.channel.DefaultChannelPool - Entry count for : http://localhost:2054 : 1
19:35:23.280 [AsyncHttpClient-1-1] DEBUG org.asynchttpclient.netty.channel.DefaultChannelPool - Entry count for : http://localhost:50343 : 1
19:35:24.370 [AsyncHttpClient-1-1] DEBUG org.asynchttpclient.netty.channel.DefaultChannelPool - Entry count for : http://localhost:2054 : 1
19:35:24.370 [AsyncHttpClient-1-1] DEBUG org.asynchttpclient.netty.channel.DefaultChannelPool - Entry count for : http://localhost:50343 : 1
19:35:25.471 [AsyncHttpClient-1-1] DEBUG org.asynchttpclient.netty.channel.DefaultChannelPool - Entry count for : http://localhost:2054 : 1
19:35:25.471 [AsyncHttpClient-1-1] DEBUG org.asynchttpclient.netty.channel.DefaultChannelPool - Entry count for : http://localhost:50343 : 1
19:35:26.574 [AsyncHttpClient-1-1] DEBUG org.asynchttpclient.netty.channel.DefaultChannelPool - Entry count for : http://localhost:2054 : 1
19:35:26.575 [AsyncHttpClient-1-1] DEBUG org.asynchttpclient.netty.channel.DefaultChannelPool - Entry count for : http://localhost:50343 : 1
19:35:27.672 [AsyncHttpClient-1-1] DEBUG org.asynchttpclient.netty.channel.DefaultChannelPool - Entry count for : http://localhost:2054 : 1
19:35:27.672 [AsyncHttpClient-1-1] DEBUG org.asynchttpclient.netty.channel.DefaultChannelPool - Entry count for : http://localhost:50343 : 1
[...]
User-Agent: selenium/4.12.0 (java windows)
Content-Length: 3
Content-Type: application/json; charset=utf-8
host: localhost:24366
accept: */*

Response DefaultHttpResponse(decodeResult: success, version: HTTP/1.1)
HTTP/1.1 200 OK
Content-Length: 51
Content-Type: application/json; charset=utf-8
cache-control: no-cache

19:37:20.172 [AsyncHttpClient-1-17] DEBUG org.asynchttpclient.netty.channel.ChannelManager - Adding key: http://localhost:24366 for channel [id: 0x41955877, L:/127.0.0.1:50587 - R:localhost/127.0.0.1:24366]
  Given I have login panel-test                  # StepDefination.Signin.I_have_login_panel()
19:37:20.175 [Forwarding findElement on session 5f1c6764d0bd11eebf28a56238a84d6d to remote] DEBUG org.asynchttpclient.netty.request.NettyRequestSender - Using pooled Channel '[id: 0x41955877, L:/127.0.0.1:50587 - R:localhost/127.0.0.1:24366]' for 'POST' to 'http://localhost:24366/session/5f1c6764d0bd11eebf28a56238a84d6d/element'
19:37:20.175 [Forwarding findElement on session 5f1c6764d0bd11eebf28a56238a84d6d to remote] DEBUG org.asynchttpclient.netty.request.NettyRequestSender - Using open Channel [id: 0x41955877, L:/127.0.0.1:50587 - R:localhost/127.0.0.1:24366] for POST '/session/5f1c6764d0bd11eebf28a56238a84d6d/element'
19:37:20.190 [AsyncHttpClient-1-17] DEBUG org.asynchttpclient.netty.handler.HttpHandler - 

Request DefaultHttpRequest(decodeResult: success, version: HTTP/1.1)
POST /session/5f1c6764d0bd11eebf28a56238a84d6d/element HTTP/1.1
User-Agent: selenium/4.12.0 (java windows)
Content-Length: 69
Content-Type: application/json; charset=utf-8
host: localhost:24366
accept: */*

Response DefaultHttpResponse(decodeResult: success, version: HTTP/1.1)
HTTP/1.1 200 OK
Content-Length: 125
Content-Type: application/json; charset=utf-8
cache-control: no-cache

19:37:20.190 [AsyncHttpClient-1-17] DEBUG org.asynchttpclient.netty.channel.ChannelManager - Adding key: http://localhost:24366 for channel [id: 0x41955877, L:/127.0.0.1:50587 - R:localhost/127.0.0.1:24366]
19:37:20.193 [Forwarding sendKeysToElement on session 5f1c6764d0bd11eebf28a56238a84d6d to remote] DEBUG org.asynchttpclient.netty.request.NettyRequestSender - Using pooled Channel '[id: 0x41955877, L:/127.0.0.1:50587 - R:localhost/127.0.0.1:24366]' for 'POST' to 'http://localhost:24366/session/5f1c6764d0bd11eebf28a56238a84d6d/element/f.96CA5EEE9891C637F5B6AFF815077193.d.A5721AA257EF918DCBBF62A1152DC30C.e.4/value'
19:37:20.193 [Forwarding sendKeysToElement on session 5f1c6764d0bd11eebf28a56238a84d6d to remote] DEBUG org.asynchttpclient.netty.request.NettyRequestSender - Using open Channel [id: 0x41955877, L:/127.0.0.1:50587 - R:localhost/127.0.0.1:24366] for POST '/session/5f1c6764d0bd11eebf28a56238a84d6d/element/f.96CA5EEE9891C637F5B6AFF815077193.d.A5721AA257EF918DCBBF62A1152DC30C.e.4/value'
19:37:20.296 [AsyncHttpClient-1-17] DEBUG org.asynchttpclient.netty.handler.HttpHandler - 

Request DefaultHttpRequest(decodeResult: success, version: HTTP/1.1)
POST /session/5f1c6764d0bd11eebf28a56238a84d6d/element/f.96CA5EEE9891C637F5B6AFF815077193.d.A5721AA257EF918DCBBF62A1152DC30C.e.4/value HTTP/1.1
User-Agent: selenium/4.12.0 (java windows)
Content-Length: 218
Content-Type: application/json; charset=utf-8
host: localhost:24366
accept: */*

Response DefaultHttpResponse(decodeResult: success, version: HTTP/1.1)
HTTP/1.1 200 OK
Content-Length: 14
Content-Type: application/json; charset=utf-8
cache-control: no-cache

19:37:20.296 [AsyncHttpClient-1-17] DEBUG org.asynchttpclient.netty.channel.ChannelManager - Adding key: http://localhost:24366 for channel [id: 0x41955877, L:/127.0.0.1:50587 - R:localhost/127.0.0.1:24366]
19:37:20.299 [Forwarding findElement on session 5f1c6764d0bd11eebf28a56238a84d6d to remote] DEBUG org.asynchttpclient.netty.request.NettyRequestSender - Using pooled Channel '[id: 0x41955877, L:/127.0.0.1:50587 - R:localhost/127.0.0.1:24366]' for 'POST' to 'http://localhost:24366/session/5f1c6764d0bd11eebf28a56238a84d6d/element'
19:37:20.299 [Forwarding findElement on session 5f1c6764d0bd11eebf28a56238a84d6d to remote] DEBUG org.asynchttpclient.netty.request.NettyRequestSender - Using open Channel [id: 0x41955877, L:/127.0.0.1:50587 - R:localhost/127.0.0.1:24366] for POST '/session/5f1c6764d0bd11eebf28a56238a84d6d/element'
19:37:20.312 [AsyncHttpClient-1-17] DEBUG org.asynchttpclient.netty.handler.HttpHandler - 

Request DefaultHttpRequest(decodeResult: success, version: HTTP/1.1)
POST /session/5f1c6764d0bd11eebf28a56238a84d6d/element HTTP/1.1
User-Agent: selenium/4.12.0 (java windows)
Content-Length: 72
Content-Type: application/json; charset=utf-8
host: localhost:24366
accept: */*

Response DefaultHttpResponse(decodeResult: success, version: HTTP/1.1)
HTTP/1.1 200 OK
Content-Length: 125
Content-Type: application/json; charset=utf-8
cache-control: no-cache

19:37:20.312 [AsyncHttpClient-1-17] DEBUG org.asynchttpclient.netty.channel.ChannelManager - Adding key: http://localhost:24366 for channel [id: 0x41955877, L:/127.0.0.1:50587 - R:localhost/127.0.0.1:24366]
19:37:20.315 [Forwarding sendKeysToElement on session 5f1c6764d0bd11eebf28a56238a84d6d to remote] DEBUG org.asynchttpclient.netty.request.NettyRequestSender - Using pooled Channel '[id: 0x41955877, L:/127.0.0.1:50587 - R:localhost/127.0.0.1:24366]' for 'POST' to 'http://localhost:24366/session/5f1c6764d0bd11eebf28a56238a84d6d/element/f.96CA5EEE9891C637F5B6AFF815077193.d.A5721AA257EF918DCBBF62A1152DC30C.e.6/value'
19:37:20.315 [Forwarding sendKeysToElement on session 5f1c6764d0bd11eebf28a56238a84d6d to remote] DEBUG org.asynchttpclient.netty.request.NettyRequestSender - Using open Channel [id: 0x41955877, L:/127.0.0.1:50587 - R:localhost/127.0.0.1:24366] for POST '/session/5f1c6764d0bd11eebf28a56238a84d6d/element/f.96CA5EEE9891C637F5B6AFF815077193.d.A5721AA257EF918DCBBF62A1152DC30C.e.6/value'
19:37:20.371 [AsyncHttpClient-1-17] DEBUG org.asynchttpclient.netty.handler.HttpHandler - 

Request DefaultHttpRequest(decodeResult: success, version: HTTP/1.1)
POST /session/5f1c6764d0bd11eebf28a56238a84d6d/element/f.96CA5EEE9891C637F5B6AFF815077193.d.A5721AA257EF918DCBBF62A1152DC30C.e.6/value HTTP/1.1
User-Agent: selenium/4.12.0 (java windows)
Content-Length: 168
Content-Type: application/json; charset=utf-8
host: localhost:24366
accept: */*

Response DefaultHttpResponse(decodeResult: success, version: HTTP/1.1)
HTTP/1.1 200 OK
Content-Length: 14
Content-Type: application/json; charset=utf-8
cache-control: no-cache

19:37:20.371 [AsyncHttpClient-1-17] DEBUG org.asynchttpclient.netty.channel.ChannelManager - Adding key: http://localhost:24366 for channel [id: 0x41955877, L:/127.0.0.1:50587 - R:localhost/127.0.0.1:24366]
  When I provide Wrong.mail and wrong-test       # StepDefination.Signin.i_provide_id_and_password(java.lang.String,java.lang.String)
19:37:20.374 [Forwarding findElement on session 5f1c6764d0bd11eebf28a56238a84d6d to remote] DEBUG org.asynchttpclient.netty.request.NettyRequestSender - Using pooled Channel '[id: 0x41955877, L:/127.0.0.1:50587 - R:localhost/127.0.0.1:24366]' for 'POST' to 'http://localhost:24366/session/5f1c6764d0bd11eebf28a56238a84d6d/element'
19:37:20.374 [Forwarding findElement on session 5f1c6764d0bd11eebf28a56238a84d6d to remote] DEBUG org.asynchttpclient.netty.request.NettyRequestSender - Using open Channel [id: 0x41955877, L:/127.0.0.1:50587 - R:localhost/127.0.0.1:24366] for POST '/session/5f1c6764d0bd11eebf28a56238a84d6d/element'
19:37:20.383 [AsyncHttpClient-1-17] DEBUG org.asynchttpclient.netty.handler.HttpHandler - 

Request DefaultHttpRequest(decodeResult: success, version: HTTP/1.1)
POST /session/5f1c6764d0bd11eebf28a56238a84d6d/element HTTP/1.1
User-Agent: selenium/4.12.0 (java windows)
Content-Length: 73
Content-Type: application/json; charset=utf-8
host: localhost:24366
accept: */*

Response DefaultHttpResponse(decodeResult: success, version: HTTP/1.1)
HTTP/1.1 200 OK
Content-Length: 125
Content-Type: application/json; charset=utf-8
cache-control: no-cache

19:37:20.383 [AsyncHttpClient-1-17] DEBUG org.asynchttpclient.netty.channel.ChannelManager - Adding key: http://localhost:24366 for channel [id: 0x41955877, L:/127.0.0.1:50587 - R:localhost/127.0.0.1:24366]
19:37:20.385 [Forwarding clickElement on session 5f1c6764d0bd11eebf28a56238a84d6d to remote] DEBUG org.asynchttpclient.netty.request.NettyRequestSender - Using pooled Channel '[id: 0x41955877, L:/127.0.0.1:50587 - R:localhost/127.0.0.1:24366]' for 'POST' to 'http://localhost:24366/session/5f1c6764d0bd11eebf28a56238a84d6d/element/f.96CA5EEE9891C637F5B6AFF815077193.d.A5721AA257EF918DCBBF62A1152DC30C.e.8/click'
19:37:20.385 [Forwarding clickElement on session 5f1c6764d0bd11eebf28a56238a84d6d to remote] DEBUG org.asynchttpclient.netty.request.NettyRequestSender - Using open Channel [id: 0x41955877, L:/127.0.0.1:50587 - R:localhost/127.0.0.1:24366] for POST '/session/5f1c6764d0bd11eebf28a56238a84d6d/element/f.96CA5EEE9891C637F5B6AFF815077193.d.A5721AA257EF918DCBBF62A1152DC30C.e.8/click'
19:37:20.434 [AsyncHttpClient-1-17] DEBUG org.asynchttpclient.netty.handler.HttpHandler - 

Request DefaultHttpRequest(decodeResult: success, version: HTTP/1.1)
POST /session/5f1c6764d0bd11eebf28a56238a84d6d/element/f.96CA5EEE9891C637F5B6AFF815077193.d.A5721AA257EF918DCBBF62A1152DC30C.e.8/click HTTP/1.1
User-Agent: selenium/4.12.0 (java windows)
Content-Length: 87
Content-Type: application/json; charset=utf-8
host: localhost:24366
accept: */*

Response DefaultHttpResponse(decodeResult: success, version: HTTP/1.1)
HTTP/1.1 200 OK
Content-Length: 14
Content-Type: application/json; charset=utf-8
cache-control: no-cache

19:37:20.434 [AsyncHttpClient-1-17] DEBUG org.asynchttpclient.netty.channel.ChannelManager - Adding key: http://localhost:24366 for channel [id: 0x41955877, L:/127.0.0.1:50587 - R:localhost/127.0.0.1:24366]
19:37:20.970 [AsyncHttpClient-1-1] DEBUG org.asynchttpclient.netty.channel.DefaultChannelPool - Entry count for : http://localhost:50588 : 1
19:37:20.970 [AsyncHttpClient-1-1] DEBUG org.asynchttpclient.netty.channel.DefaultChannelPool - Entry count for : http://localhost:24366 : 1
19:37:22.070 [AsyncHttpClient-1-1] DEBUG org.asynchttpclient.netty.channel.DefaultChannelPool - Entry count for : http://localhost:50588 : 1
19:37:22.070 [AsyncHttpClient-1-1] DEBUG org.asynchttpclient.netty.channel.DefaultChannelPool - Entry count for : http://localhost:24366 : 1
19:37:23.170 [AsyncHttpClient-1-1] DEBUG org.asynchttpclient.netty.channel.DefaultChannelPool - Entry count for : http://localhost:50588 : 1
19:37:23.170 [AsyncHttpClient-1-1] DEBUG org.asynchttpclient.netty.channel.DefaultChannelPool - Entry count for : http://localhost:24366 : 1
19:37:24.271 [AsyncHttpClient-1-1] DEBUG org.asynchttpclient.netty.channel.DefaultChannelPool - Entry count for : http://localhost:50588 : 1
19:37:24.271 [AsyncHttpClient-1-1] DEBUG org.asynchttpclient.netty.channel.DefaultChannelPool - Entry count for : http://localhost:24366 : 1
19:37:25.370 [AsyncHttpClient-1-1] DEBUG org.asynchttpclient.netty.channel.DefaultChannelPool - Entry count for : http://localhost:50588 : 1
19:37:25.370 [AsyncHttpClient-1-1] DEBUG org.asynchttpclient.netty.channel.DefaultChannelPool - Entry count for : http://localhost:24366 : 1
  And Tap on submit button-test                  # StepDefination.Signin.tap_on_submit_button()
19:37:25.438 [Forwarding getCurrentUrl on session 5f1c6764d0bd11eebf28a56238a84d6d to remote] DEBUG org.asynchttpclient.netty.request.NettyRequestSender - Using pooled Channel '[id: 0x41955877, L:/127.0.0.1:50587 - R:localhost/127.0.0.1:24366]' for 'GET' to 'http://localhost:24366/session/5f1c6764d0bd11eebf28a56238a84d6d/url'
19:37:25.439 [Forwarding getCurrentUrl on session 5f1c6764d0bd11eebf28a56238a84d6d to remote] DEBUG org.asynchttpclient.netty.request.NettyRequestSender - Using open Channel [id: 0x41955877, L:/127.0.0.1:50587 - R:localhost/127.0.0.1:24366] for GET '/session/5f1c6764d0bd11eebf28a56238a84d6d/url'
19:37:25.451 [AsyncHttpClient-1-17] DEBUG org.asynchttpclient.netty.handler.HttpHandler - 

Request DefaultFullHttpRequest(decodeResult: success, version: HTTP/1.1, content: EmptyByteBufBE)
GET /session/5f1c6764d0bd11eebf28a56238a84d6d/url HTTP/1.1
Cache-Control: no-cache
User-Agent: selenium/4.12.0 (java windows)
Content-Type: application/json; charset=utf-8
host: localhost:24366
accept: */*

Response DefaultHttpResponse(decodeResult: success, version: HTTP/1.1)
HTTP/1.1 200 OK
Content-Length: 69
Content-Type: application/json; charset=utf-8
cache-control: no-cache

19:37:25.451 [AsyncHttpClient-1-17] DEBUG org.asynchttpclient.netty.channel.ChannelManager - Adding key: http://localhost:24366 for channel [id: 0x41955877, L:/127.0.0.1:50587 - R:localhost/127.0.0.1:24366]
https://fleet-manager-development.vercel.app/auth/sign-in
19:37:25.453 [Forwarding findElement on session 5f1c6764d0bd11eebf28a56238a84d6d to remote] DEBUG org.asynchttpclient.netty.request.NettyRequestSender - Using pooled Channel '[id: 0x41955877, L:/127.0.0.1:50587 - R:localhost/127.0.0.1:24366]' for 'POST' to 'http://localhost:24366/session/5f1c6764d0bd11eebf28a56238a84d6d/element'
19:37:25.453 [Forwarding findElement on session 5f1c6764d0bd11eebf28a56238a84d6d to remote] DEBUG org.asynchttpclient.netty.request.NettyRequestSender - Using open Channel [id: 0x41955877, L:/127.0.0.1:50587 - R:localhost/127.0.0.1:24366] for POST '/session/5f1c6764d0bd11eebf28a56238a84d6d/element'
19:37:25.480 [AsyncHttpClient-1-17] DEBUG org.asynchttpclient.netty.handler.HttpHandler - 

Request DefaultHttpRequest(decodeResult: success, version: HTTP/1.1)
POST /session/5f1c6764d0bd11eebf28a56238a84d6d/element HTTP/1.1
User-Agent: selenium/4.12.0 (java windows)
Content-Length: 66
Content-Type: application/json; charset=utf-8
host: localhost:24366
accept: */*

Response DefaultHttpResponse(decodeResult: success, version: HTTP/1.1)
HTTP/1.1 404 Not Found
Content-Length: 1053
Content-Type: application/json; charset=utf-8
cache-control: no-cache

19:37:25.481 [AsyncHttpClient-1-17] DEBUG org.asynchttpclient.netty.channel.ChannelManager - Adding key: http://localhost:24366 for channel [id: 0x41955877, L:/127.0.0.1:50587 - R:localhost/127.0.0.1:24366]
Faild to logged in
19:37:25.483 [Forwarding screenshot on session 5f1c6764d0bd11eebf28a56238a84d6d to remote] DEBUG org.asynchttpclient.netty.request.NettyRequestSender - Using pooled Channel '[id: 0x41955877, L:/127.0.0.1:50587 - R:localhost/127.0.0.1:24366]' for 'GET' to 'http://localhost:24366/session/5f1c6764d0bd11eebf28a56238a84d6d/screenshot'
19:37:25.484 [Forwarding screenshot on session 5f1c6764d0bd11eebf28a56238a84d6d to remote] DEBUG org.asynchttpclient.netty.request.NettyRequestSender - Using open Channel [id: 0x41955877, L:/127.0.0.1:50587 - R:localhost/127.0.0.1:24366] for GET '/session/5f1c6764d0bd11eebf28a56238a84d6d/screenshot'
19:37:25.587 [AsyncHttpClient-1-17] DEBUG org.asynchttpclient.netty.handler.HttpHandler - 

Request DefaultFullHttpRequest(decodeResult: success, version: HTTP/1.1, content: EmptyByteBufBE)
GET /session/5f1c6764d0bd11eebf28a56238a84d6d/screenshot HTTP/1.1
Cache-Control: no-cache
User-Agent: selenium/4.12.0 (java windows)
Content-Type: application/json; charset=utf-8
host: localhost:24366
accept: */*

Response DefaultHttpResponse(decodeResult: success, version: HTTP/1.1)
HTTP/1.1 200 OK
Content-Length: 3548
Content-Type: application/json; charset=utf-8
cache-control: no-cache

19:37:25.588 [AsyncHttpClient-1-17] DEBUG org.asynchttpclient.netty.channel.ChannelManager - Adding key: http://localhost:24366 for channel [id: 0x41955877, L:/127.0.0.1:50587 - R:localhost/127.0.0.1:24366]
  Then User should be logged in-test             # StepDefination.Signin.user_should_be_logged_in()
19:37:25.601 [AsyncHttpClient-1-19] DEBUG org.asynchttpclient.netty.handler.WebSocketHandler - Channel Closed: [id: 0x9f016391, L:/127.0.0.1:50597 ! R:localhost/127.0.0.1:50588] with attribute DISCARD
19:37:25.601 [Driver Command Executor] DEBUG org.asynchttpclient.netty.request.NettyRequestSender - Using pooled Channel '[id: 0x41955877, L:/127.0.0.1:50587 - R:localhost/127.0.0.1:24366]' for 'DELETE' to 'http://localhost:24366/session/5f1c6764d0bd11eebf28a56238a84d6d'
19:37:25.601 [Driver Command Executor] DEBUG org.asynchttpclient.netty.request.NettyRequestSender - Using open Channel [id: 0x41955877, L:/127.0.0.1:50587 - R:localhost/127.0.0.1:24366] for DELETE '/session/5f1c6764d0bd11eebf28a56238a84d6d'
19:37:25.651 [AsyncHttpClient-1-18] DEBUG org.asynchttpclient.netty.handler.HttpHandler - Unexpected I/O exception on channel [id: 0xf37b1c3d, L:/127.0.0.1:50596 - R:localhost/127.0.0.1:50588]
java.net.SocketException: Connection reset
	at java.base/sun.nio.ch.SocketChannelImpl.throwConnectionReset(SocketChannelImpl.java:403)
	at java.base/sun.nio.ch.SocketChannelImpl.implRead(SocketChannelImpl.java:435)
	at java.base/sun.nio.ch.SocketChannelImpl.read(SocketChannelImpl.java:493)
	at io.netty.buffer.PooledByteBuf.setBytes(PooledByteBuf.java:254)
	at io.netty.buffer.AbstractByteBuf.writeBytes(AbstractByteBuf.java:1132)
	at io.netty.channel.socket.nio.NioSocketChannel.doReadBytes(NioSocketChannel.java:357)
	at io.netty.channel.nio.AbstractNioByteChannel$NioByteUnsafe.read(AbstractNioByteChannel.java:151)
	at io.netty.channel.nio.NioEventLoop.processSelectedKey(NioEventLoop.java:788)
	at io.netty.channel.nio.NioEventLoop.processSelectedKeysOptimized(NioEventLoop.java:724)
	at io.netty.channel.nio.NioEventLoop.processSelectedKeys(NioEventLoop.java:650)
	at io.netty.channel.nio.NioEventLoop.run(NioEventLoop.java:562)
	at io.netty.util.concurrent.SingleThreadEventExecutor$4.run(SingleThreadEventExecutor.java:997)
	at io.netty.util.internal.ThreadExecutorMap$2.run(ThreadExecutorMap.java:74)
	at io.netty.util.concurrent.FastThreadLocalRunnable.run(FastThreadLocalRunnable.java:30)
	at java.base/java.lang.Thread.run(Thread.java:1575)
19:37:25.652 [AsyncHttpClient-1-18] DEBUG org.asynchttpclient.netty.channel.ChannelManager - Closing Channel [id: 0xf37b1c3d, L:/127.0.0.1:50596 - R:localhost/127.0.0.1:50588] 
19:37:25.652 [AsyncHttpClient-1-18] DEBUG org.asynchttpclient.netty.handler.HttpHandler - Channel Closed: [id: 0xf37b1c3d, L:/127.0.0.1:50596 ! R:localhost/127.0.0.1:50588] with attribute DISCARD
19:37:25.688 [AsyncHttpClient-1-17] DEBUG org.asynchttpclient.netty.handler.HttpHandler - 

Request DefaultFullHttpRequest(decodeResult: success, version: HTTP/1.1, content: EmptyByteBufBE)
DELETE /session/5f1c6764d0bd11eebf28a56238a84d6d HTTP/1.1
User-Agent: selenium/4.12.0 (java windows)
Content-Type: application/json; charset=utf-8
host: localhost:24366
accept: */*

Response DefaultHttpResponse(decodeResult: success, version: HTTP/1.1)
HTTP/1.1 200 OK
Content-Length: 14
Content-Type: application/json; charset=utf-8
cache-control: no-cache

19:37:25.700 [AsyncHttpClient-1-17] DEBUG org.asynchttpclient.netty.channel.ChannelManager - Adding key: http://localhost:24366 for channel [id: 0x41955877, L:/127.0.0.1:50587 - R:localhost/127.0.0.1:24366]
19:37:26.118 [AsyncHttpClient-1-17] DEBUG org.asynchttpclient.netty.handler.HttpHandler - Channel Closed: [id: 0x41955877, L:/127.0.0.1:50587 ! R:localhost/127.0.0.1:24366] with attribute DISCARD
  And Close Window                               # StepDefination.Signin.close_window()
]]></system-out>
    <system-err><![CDATA[Jan 14, 2025 7:37:19 PM org.openqa.selenium.devtools.CdpVersionFinder findNearestMatch
WARNING: Unable to find CDP implementation matching 131
Jan 14, 2025 7:37:19 PM org.openqa.selenium.chromium.ChromiumDriver lambda$new$5
WARNING: Unable to find version of CDP to use for 131.0.6778.265. You may need to include a dependency on a specific version of the CDP using something similar to `org.seleniumhq.selenium:selenium-devtools-v86:4.12.0` where the version ("v86") matches the version of the chromium-based browser you're using and the version number of the artifact is the same as Selenium's.
]]></system-err>
  </testcase>
</testsuite>