-------------------------------------------------------------------------------
Test set: Test_runner.Run_file
-------------------------------------------------------------------------------
Tests run: 14, Failures: 0, Errors: 12, Skipped: 0, Time elapsed: 269.2 s <<< FAILURE! -- in Test_runner.Run_file
Carrier Customer Onboarding.In Carrier Add single customer with company name and address -- Time elapsed: 22.44 s <<< ERROR!
java.lang.NullPointerException: Cannot invoke "org.openqa.selenium.WebDriver.quit()" because "this.Idriver" is null
	at PageObjects.Base_class.close_window(Base_class.java:52)
	at StepDefination.Signin.close_window(Signin.java:119)
	at StepDefination.My_Load.AfterAll(My_Load.java:144)

Carrier Customer Onboarding.In Carrier Add single customer with all details -- Time elapsed: 39.67 s <<< ERROR!
java.lang.NullPointerException: Cannot invoke "org.openqa.selenium.WebDriver.quit()" because "this.Idriver" is null
	at PageObjects.Base_class.close_window(Base_class.java:52)
	at StepDefination.Signin.close_window(Signin.java:119)
	at StepDefination.My_Load.AfterAll(My_Load.java:144)

Customer Onboarding form for Broker.Add single customer with all details -- Time elapsed: 39.29 s <<< ERROR!
java.lang.NullPointerException: Cannot invoke "org.openqa.selenium.WebDriver.quit()" because "this.Idriver" is null
	at PageObjects.Base_class.close_window(Base_class.java:52)
	at StepDefination.Signin.close_window(Signin.java:119)
	at StepDefination.My_Load.AfterAll(My_Load.java:144)

Customer Onboarding form for Broker.Add single customer with company name and address -- Time elapsed: 21.28 s <<< ERROR!
java.lang.NullPointerException: Cannot invoke "org.openqa.selenium.WebDriver.quit()" because "this.Idriver" is null
	at PageObjects.Base_class.close_window(Base_class.java:52)
	at StepDefination.Signin.close_window(Signin.java:119)
	at StepDefination.My_Load.AfterAll(My_Load.java:144)

Customer Onboarding form for Broker.Add customer without company name -- Time elapsed: 18.05 s <<< ERROR!
java.lang.NullPointerException: Cannot invoke "org.openqa.selenium.WebDriver.quit()" because "this.Idriver" is null
	at PageObjects.Base_class.close_window(Base_class.java:52)
	at StepDefination.Signin.close_window(Signin.java:119)
	at StepDefination.My_Load.AfterAll(My_Load.java:144)

Customer Onboarding form for Broker.Add customer without Address -- Time elapsed: 19.60 s <<< ERROR!
java.lang.NullPointerException: Cannot invoke "org.openqa.selenium.WebDriver.quit()" because "this.Idriver" is null
	at PageObjects.Base_class.close_window(Base_class.java:52)
	at StepDefination.Signin.close_window(Signin.java:119)
	at StepDefination.My_Load.AfterAll(My_Load.java:144)

Customer Onboarding form for Broker.Add Extra address -- Time elapsed: 20.50 s <<< ERROR!
org.openqa.selenium.NoSuchElementException: 
no such element: Unable to locate element: {"method":"xpath","selector":"//div[@class='h-full overflow-x-hidden overflow-y-scroll relative grow p-6']//input[@placeholder='Enter street name']"}
  (Session info: chrome=131.0.6778.265)
For documentation on this error, please visit: https://www.selenium.dev/documentation/webdriver/troubleshooting/errors#no-such-element-exception
Build info: version: '4.12.0', revision: '249f2a7d1b*'
System info: os.name: 'Windows 11', os.arch: 'amd64', os.version: '10.0', java.version: '17.0.11'
Driver info: org.openqa.selenium.chrome.ChromeDriver
Command: [01514487ab659c439176413635aa551f, findElement {using=xpath, value=//div[@class='h-full overflow-x-hidden overflow-y-scroll relative grow p-6']//input[@placeholder='Enter street name']}]
Capabilities {acceptInsecureCerts: false, browserName: chrome, browserVersion: 131.0.6778.265, chrome: {chromedriverVersion: 131.0.6778.204 (52183f9e99a..., userDataDir: C:\Users\ANIKET~1\AppData\L...}, fedcm:accounts: true, goog:chromeOptions: {debuggerAddress: localhost:63569}, networkConnectionEnabled: false, pageLoadStrategy: normal, platformName: windows, proxy: Proxy(), se:cdp: ws://localhost:63569/devtoo..., se:cdpVersion: 131.0.6778.265, setWindowRect: true, strictFileInteractability: false, timeouts: {implicit: 0, pageLoad: 300000, script: 30000}, unhandledPromptBehavior: dismiss and notify, webauthn:extension:credBlob: true, webauthn:extension:largeBlob: true, webauthn:extension:minPinLength: true, webauthn:extension:prf: true, webauthn:virtualAuthenticators: true}
Session ID: 01514487ab659c439176413635aa551f
	at java.base/jdk.internal.reflect.NativeConstructorAccessorImpl.newInstance0(Native Method)
	at java.base/jdk.internal.reflect.NativeConstructorAccessorImpl.newInstance(NativeConstructorAccessorImpl.java:77)
	at java.base/jdk.internal.reflect.DelegatingConstructorAccessorImpl.newInstance(DelegatingConstructorAccessorImpl.java:45)
	at java.base/java.lang.reflect.Constructor.newInstanceWithCaller(Constructor.java:499)
	at java.base/java.lang.reflect.Constructor.newInstance(Constructor.java:480)
	at org.openqa.selenium.remote.codec.w3c.W3CHttpResponseCodec.createException(W3CHttpResponseCodec.java:200)
	at org.openqa.selenium.remote.codec.w3c.W3CHttpResponseCodec.decode(W3CHttpResponseCodec.java:133)
	at org.openqa.selenium.remote.codec.w3c.W3CHttpResponseCodec.decode(W3CHttpResponseCodec.java:52)
	at org.openqa.selenium.remote.HttpCommandExecutor.execute(HttpCommandExecutor.java:191)
	at org.openqa.selenium.remote.service.DriverCommandExecutor.invokeExecute(DriverCommandExecutor.java:196)
	at org.openqa.selenium.remote.service.DriverCommandExecutor.execute(DriverCommandExecutor.java:171)
	at org.openqa.selenium.remote.RemoteWebDriver.execute(RemoteWebDriver.java:602)
	at org.openqa.selenium.remote.ElementLocation$ElementFinder$2.findElement(ElementLocation.java:165)
	at org.openqa.selenium.remote.ElementLocation.findElement(ElementLocation.java:59)
	at org.openqa.selenium.remote.RemoteWebDriver.findElement(RemoteWebDriver.java:359)
	at org.openqa.selenium.remote.RemoteWebDriver.findElement(RemoteWebDriver.java:353)
	at org.openqa.selenium.support.pagefactory.DefaultElementLocator.findElement(DefaultElementLocator.java:68)
	at org.openqa.selenium.support.pagefactory.internal.LocatingElementHandler.invoke(LocatingElementHandler.java:38)
	at jdk.proxy2/jdk.proxy2.$Proxy24.sendKeys(Unknown Source)
	at PageObjects.Customer_objects.New_Enter_address(Customer_objects.java:206)
	at StepDefination.Customer_onboarding.Add_new_addrest_details(Customer_onboarding.java:120)
	at ✽.Add_new_address_detailsMain_street001 YK FL 987678 USA(file:///C:/Users/Aniket%20Satpute/eclipse-workspace/FleetProject/src/test/resources/Customers/Customer_form.feature:75)

Customer Onboarding form for Broker.Add Extra address -- Time elapsed: 20.50 s <<< ERROR!
java.lang.NullPointerException: Cannot invoke "org.openqa.selenium.WebDriver.quit()" because "this.Idriver" is null
	at PageObjects.Base_class.close_window(Base_class.java:52)
	at StepDefination.Signin.close_window(Signin.java:119)
	at StepDefination.My_Load.AfterAll(My_Load.java:144)

User sign IN.Signin with email and password #1 -- Time elapsed: 11.34 s <<< ERROR!
java.lang.NullPointerException: Cannot invoke "org.openqa.selenium.WebDriver.quit()" because "this.Idriver" is null
	at PageObjects.Base_class.close_window(Base_class.java:52)
	at StepDefination.Signin.close_window(Signin.java:119)
	at StepDefination.My_Load.AfterAll(My_Load.java:144)

User sign IN.Signin with email and password #2 -- Time elapsed: 7.783 s <<< ERROR!
java.lang.NullPointerException: Cannot invoke "org.openqa.selenium.WebDriver.quit()" because "this.Idriver" is null
	at PageObjects.Base_class.close_window(Base_class.java:52)
	at StepDefination.Signin.close_window(Signin.java:119)
	at StepDefination.My_Load.AfterAll(My_Load.java:144)

User sign IN.Signin with email and password #3 -- Time elapsed: 7.983 s <<< ERROR!
java.lang.NullPointerException: Cannot invoke "org.openqa.selenium.WebDriver.quit()" because "this.Idriver" is null
	at PageObjects.Base_class.close_window(Base_class.java:52)
	at StepDefination.Signin.close_window(Signin.java:119)
	at StepDefination.My_Load.AfterAll(My_Load.java:144)

User sign IN.Signin with email and password #4 -- Time elapsed: 8.722 s <<< ERROR!
java.lang.NullPointerException: Cannot invoke "org.openqa.selenium.WebDriver.quit()" because "this.Idriver" is null
	at PageObjects.Base_class.close_window(Base_class.java:52)
	at StepDefination.Signin.close_window(Signin.java:119)
	at StepDefination.My_Load.AfterAll(My_Load.java:144)

